#
# A fatal error has been detected by the Java Runtime Environment:
#
#  EXCEPTION_ACCESS_VIOLATION (0xc0000005) at pc=0x00007ff940ac63b7, pid=1496, tid=11976
#
# JRE version: Java(TM) SE Runtime Environment (19.0.2+7) (build 19.0.2+7-44)
# Java VM: Java HotSpot(TM) 64-Bit Server VM (19.0.2+7-44, mixed mode, sharing, tiered, compressed oops, compressed class ptrs, g1 gc, windows-amd64)
# Problematic frame:
# C  [glass.dll+0x263b7]
#
# No core dump will be written. Minidumps are not enabled by default on client versions of Windows
#
# If you would like to submit a bug report, please visit:
#   https://bugreport.java.com/bugreport/crash.jsp
#

---------------  S U M M A R Y ------------

Command Line: -javaagent:C:\Program Files\JetBrains\IntelliJ IDEA 2023.1.2\lib\idea_rt.jar=54310:C:\Program Files\JetBrains\IntelliJ IDEA 2023.1.2\bin -Dfile.encoding=UTF-8 -Dsun.stdout.encoding=UTF-8 -Dsun.stderr.encoding=UTF-8 it.polimi.ingsw.ClientApp

Host: 11th Gen Intel(R) Core(TM) i5-1135G7 @ 2.40GHz, 8 cores, 15G,  Windows 11 , 64 bit Build 22621 (10.0.22621.1635)
Time: Thu Jun  1 09:52:26 2023 ora legale Europa occidentale elapsed time: 26.203904 seconds (0d 0h 0m 26s)

---------------  T H R E A D  ---------------

Current thread (0x000001a9fa4d3190):  VMThread "VM Thread" [stack: 0x000000353ec00000,0x000000353ed00000] [id=11976]

Stack: [0x000000353ec00000,0x000000353ed00000],  sp=0x000000353ecfedd0,  free space=1019k
Native frames: (J=compiled Java code, j=interpreted, Vv=VM code, C=native code)
C  [glass.dll+0x263b7]


siginfo: EXCEPTION_ACCESS_VIOLATION (0xc0000005), reading address 0x0000000000000000


Registers:
RAX=0x0000000000000000, RBX=0x000001a9fa4de570, RCX=0x000001a9fa4d3190, RDX=0x000000353ecfedd0
RSP=0x000000353ecfedd0, RBP=0x000001a9ffac7968, RSI=0x000000353ecfeed8, RDI=0x000001a9ffac7940
R8 =0x0000000000010002, R9 =0x000001a9ffac7940, R10=0x85f13e9656da4870, R11=0x000000353ecfed60
R12=0x00007ff940ac3cf0, R13=0x00007ff933b372a0, R14=0x0000b17c999f5090, R15=0x000001a9ffac7940
RIP=0x00007ff940ac63b7, EFLAGS=0x0000000000010202


Register to memory mapping:

RIP=0x00007ff940ac63b7 glass.dll
RAX=0x0 is NULL
RBX=0x000001a9fa4de570 is a global jni handle
RCX=0x000001a9fa4d3190 points into unknown readable memory: 0x00007ff9339445c8 | c8 45 94 33 f9 7f 00 00
RDX=0x000000353ecfedd0 points into unknown readable memory: 0x0000000000000000 | 00 00 00 00 00 00 00 00
RSP=0x000000353ecfedd0 points into unknown readable memory: 0x0000000000000000 | 00 00 00 00 00 00 00 00
RBP=0x000001a9ffac7968 points into unknown readable memory: 0x0000b17c999f5090 | 90 50 9f 99 7c b1 00 00
RSI=0x000000353ecfeed8 points into unknown readable memory: 0x000000353ecfeec0 | c0 ee cf 3e 35 00 00 00
RDI=0x000001a9ffac7940 points into unknown readable memory: 0x7ff9f1d0a1975090 | 90 50 97 a1 d0 f1 f9 7f
R8 =0x0000000000010002 is an unknown value
R9 =0x000001a9ffac7940 points into unknown readable memory: 0x7ff9f1d0a1975090 | 90 50 97 a1 d0 f1 f9 7f
R10=0x85f13e9656da4870 is an unknown value
R11=0x000000353ecfed60 points into unknown readable memory: 0x000001a9ffac7940 | 40 79 ac ff a9 01 00 00
R12=0x00007ff940ac3cf0 glass.dll
R13=0x00007ff933b372a0 jvm.dll
R14=0x0000b17c999f5090 is an unknown value
R15=0x000001a9ffac7940 points into unknown readable memory: 0x7ff9f1d0a1975090 | 90 50 97 a1 d0 f1 f9 7f


Top of Stack: (sp=0x000000353ecfedd0)
0x000000353ecfedd0:   0000000000000000 000000353ecfeed8
0x000000353ecfede0:   00007ff933b372a0 00007ff940ac3cf0
0x000000353ecfedf0:   000001a9ffac7948 00007ff9a06d3a83
0x000000353ecfee00:   000001a9ffac7940 000001a900000000
0x000000353ecfee10:   000001a9ffac7968 000000353ecfeed8
0x000000353ecfee20:   fffffffffffffffe 0000000000000000
0x000000353ecfee30:   0000000000000001 00007ff940aa0000
0x000000353ecfee40:   000000353ecfeec8 00007ff9a06a006e
0x000000353ecfee50:   0000000000000000 000000353ecfeed8
0x000000353ecfee60:   000000353ecff1c0 0000000000000001
0x000000353ecfee70:   0000000000000001 00007ff9a069da1d
0x000000353ecfee80:   0000000000000000 00007ff940ac34e9
0x000000353ecfee90:   0000000000000000 000000353ecfeec8
0x000000353ecfeea0:   fffffffffffffffe 000000353ecff100
0x000000353ecfeeb0:   0000000000000000 00007ff940ac3b7d
0x000000353ecfeec0:   00007ff940ad9f88 00007ff900000002 

Instructions: (pc=0x00007ff940ac63b7)
0x00007ff940ac62b7:   8b 4d 58 e8 7d cf ff ff 48 8b 4d 60 e8 74 cf ff
0x00007ff940ac62c7:   ff 48 8b 95 80 00 00 00 48 8b 8d 18 01 00 00 e8
0x00007ff940ac62d7:   66 c4 ff ff 33 d2 33 c9 e8 bc e1 ff ff 90 48 89
0x00007ff940ac62e7:   54 24 10 55 48 83 ec 20 48 8b ea 48 b8 00 00 00
0x00007ff940ac62f7:   00 00 00 00 00 48 83 c4 20 5d c3 cc 40 55 48 8b
0x00007ff940ac6307:   ea 48 8b 01 33 c9 81 38 05 00 00 c0 0f 94 c1 8b
0x00007ff940ac6317:   c1 5d c3 cc 40 55 48 83 ec 20 48 8b ea 8a 4d 40
0x00007ff940ac6327:   48 83 c4 20 5d e9 63 d3 ff ff cc 40 55 48 83 ec
0x00007ff940ac6337:   20 48 8b ea 8a 4d 20 e8 51 d3 ff ff 90 48 83 c4
0x00007ff940ac6347:   20 5d c3 cc 40 55 48 83 ec 20 48 8b ea 48 83 c4
0x00007ff940ac6357:   20 5d e9 b2 d1 ff ff cc 40 55 48 83 ec 30 48 8b
0x00007ff940ac6367:   ea 48 8b 01 8b 10 48 89 4c 24 28 89 54 24 20 4c
0x00007ff940ac6377:   8d 0d 53 d6 ff ff 4c 8b 45 70 8b 55 68 48 8b 4d
0x00007ff940ac6387:   60 e8 f3 d0 ff ff 90 48 83 c4 30 5d c3 cc cc cc
0x00007ff940ac6397:   cc cc cc cc cc cc cc cc cc 40 53 48 83 ec 20 48
0x00007ff940ac63a7:   8b 1d db 35 01 00 48 85 db 74 16 e8 79 8b ff ff
0x00007ff940ac63b7:   4c 8b 00 48 8b d3 48 8b c8 41 ff 90 b0 00 00 00
0x00007ff940ac63c7:   90 48 83 c4 20 5b c3 cc cc 40 53 48 83 ec 20 48
0x00007ff940ac63d7:   8b 1d 4b 37 01 00 48 85 db 74 57 b8 ff ff ff ff
0x00007ff940ac63e7:   f0 0f c1 43 10 83 f8 01 75 3d 48 85 db 74 38 48
0x00007ff940ac63f7:   8b 0b 48 85 c9 74 0d ff 15 a4 0e 00 00 48 c7 03
0x00007ff940ac6407:   00 00 00 00 48 8b 4b 08 48 85 c9 74 0d e8 23 ce
0x00007ff940ac6417:   ff ff 48 c7 43 08 00 00 00 00 ba 18 00 00 00 48
0x00007ff940ac6427:   8b cb e8 0e ce ff ff 48 c7 05 ef 36 01 00 00 00
0x00007ff940ac6437:   00 00 48 83 c4 20 5b c3 cc 40 53 48 83 ec 20 48
0x00007ff940ac6447:   8b 1d bb 36 01 00 48 85 db 74 57 b8 ff ff ff ff
0x00007ff940ac6457:   f0 0f c1 43 10 83 f8 01 75 3d 48 85 db 74 38 48
0x00007ff940ac6467:   8b 0b 48 85 c9 74 0d ff 15 34 0e 00 00 48 c7 03
0x00007ff940ac6477:   00 00 00 00 48 8b 4b 08 48 85 c9 74 0d e8 b3 cd
0x00007ff940ac6487:   ff ff 48 c7 43 08 00 00 00 00 ba 18 00 00 00 48
0x00007ff940ac6497:   8b cb e8 9e cd ff ff 48 c7 05 5f 36 01 00 00 00
0x00007ff940ac64a7:   00 00 48 83 c4 20 5b c3 cc 40 53 48 83 ec 20 48 


Stack slot to memory mapping:
stack at sp + 0 slots: 0x0 is NULL
stack at sp + 1 slots: 0x000000353ecfeed8 points into unknown readable memory: 0x000000353ecfeec0 | c0 ee cf 3e 35 00 00 00
stack at sp + 2 slots: 0x00007ff933b372a0 jvm.dll
stack at sp + 3 slots: 0x00007ff940ac3cf0 glass.dll
stack at sp + 4 slots: 0x000001a9ffac7948 points into unknown readable memory: 0x0000b17c999f5090 | 90 50 9f 99 7c b1 00 00
stack at sp + 5 slots: 0x00007ff9a06d3a83 ucrtbase.dll
stack at sp + 6 slots: 0x000001a9ffac7940 points into unknown readable memory: 0x7ff9f1d0a1975090 | 90 50 97 a1 d0 f1 f9 7f
stack at sp + 7 slots: 0x000001a900000000 is an unknown value

VM_Operation (0x000000353fefbc80): Exit, mode: safepoint, requested by thread 0x000001a9ffb4ede0


---------------  P R O C E S S  ---------------

Threads class SMR info:
_java_thread_list=0x000001a984419d00, length=28, elements={
0x000001a9d7908c70, 0x000001a9fa4ed970, 0x000001a9fa4f0ac0, 0x000001a9fa4f39b0,
0x000001a9fa4f6b80, 0x000001a9fa4fe700, 0x000001a9fa4fef70, 0x000001a9fa4ff8e0,
0x000001a9fa5009f0, 0x000001a9fa4c1300, 0x000001a9ff1fb3f0, 0x000001a9ff2be080,
0x000001a9ff39b780, 0x000001a9ff842b10, 0x000001a9ffb01530, 0x000001a9ffb4ede0,
0x000001a984133730, 0x000001a9843a4030, 0x000001a9843a5ac0, 0x000001a9843a3ae0,
0x000001a9843a4ad0, 0x000001a9843a3040, 0x000001a9843a5020, 0x000001a9843a5570,
0x000001a9843a6010, 0x000001a984786b50, 0x000001a984783b80, 0x000001a984780bb0
}

Java Threads: ( => current thread )
  0x000001a9d7908c70 JavaThread "main" [_thread_blocked, id=8040, stack(0x000000353e600000,0x000000353e700000)]
  0x000001a9fa4ed970 JavaThread "Reference Handler" daemon [_thread_blocked, id=38188, stack(0x000000353ed00000,0x000000353ee00000)]
  0x000001a9fa4f0ac0 JavaThread "Finalizer" daemon [_thread_blocked, id=25368, stack(0x000000353ee00000,0x000000353ef00000)]
  0x000001a9fa4f39b0 JavaThread "Attach Listener" daemon [_thread_blocked, id=13848, stack(0x000000353f000000,0x000000353f100000)]
  0x000001a9fa4f6b80 JavaThread "Service Thread" daemon [_thread_blocked, id=23840, stack(0x000000353f100000,0x000000353f200000)]
  0x000001a9fa4fe700 JavaThread "Monitor Deflation Thread" daemon [_thread_blocked, id=8108, stack(0x000000353f200000,0x000000353f300000)]
  0x000001a9fa4fef70 JavaThread "C2 CompilerThread0" daemon [_thread_blocked, id=24208, stack(0x000000353f300000,0x000000353f400000)]
  0x000001a9fa4ff8e0 JavaThread "C1 CompilerThread0" daemon [_thread_blocked, id=35088, stack(0x000000353f400000,0x000000353f500000)]
  0x000001a9fa5009f0 JavaThread "Sweeper thread" daemon [_thread_blocked, id=28000, stack(0x000000353f500000,0x000000353f600000)]
  0x000001a9fa4c1300 JavaThread "Common-Cleaner" daemon [_thread_blocked, id=4384, stack(0x000000353f600000,0x000000353f700000)]
  0x000001a9ff1fb3f0 JavaThread "Monitor Ctrl-Break" daemon [_thread_in_native, id=18608, stack(0x000000353f700000,0x000000353f800000)]
  0x000001a9ff2be080 JavaThread "Notification Thread" daemon [_thread_blocked, id=25444, stack(0x000000353f800000,0x000000353f900000)]
  0x000001a9ff39b780 JavaThread "JavaFX-Launcher" [_thread_blocked, id=39452, stack(0x000000353fa00000,0x000000353fb00000)]
  0x000001a9ff842b10 JavaThread "QuantumRenderer-0" daemon [_thread_blocked, id=40372, stack(0x000000353fc00000,0x000000353fd00000)]
  0x000001a9ffb01530 JavaThread "InvokeLaterDispatcher" daemon [_thread_blocked, id=6380, stack(0x000000353fd00000,0x000000353fe00000)]
  0x000001a9ffb4ede0 JavaThread "JavaFX Application Thread" [_thread_blocked, id=31428, stack(0x000000353fe00000,0x000000353ff00000)]
  0x000001a984133730 JavaThread "Thread-2" daemon [_thread_in_native, id=23328, stack(0x0000003540200000,0x0000003540300000)]
  0x000001a9843a4030 JavaThread "Prism Font Disposer" daemon [_thread_blocked, id=30220, stack(0x0000003540d00000,0x0000003540e00000)]
  0x000001a9843a5ac0 JavaThread "Cleaner-0" daemon [_thread_blocked, id=35040, stack(0x0000003540e00000,0x0000003540f00000)]
  0x000001a9843a3ae0 JavaThread "RMI TCP Accept-0" daemon [_thread_in_native, id=20376, stack(0x000000353fb00000,0x000000353fc00000)]
  0x000001a9843a4ad0 JavaThread "RMI Reaper" [_thread_blocked, id=37232, stack(0x0000003540f00000,0x0000003541000000)]
  0x000001a9843a3040 JavaThread "RMI GC Daemon" daemon [_thread_blocked, id=38880, stack(0x0000003541000000,0x0000003541100000)]
  0x000001a9843a5020 JavaThread "RMI Scheduler(0)" daemon [_thread_blocked, id=952, stack(0x0000003541200000,0x0000003541300000)]
  0x000001a9843a5570 JavaThread "RMI RenewClean-[192.168.1.16:54300]" daemon [_thread_blocked, id=30688, stack(0x0000003541300000,0x0000003541400000)]
  0x000001a9843a6010 JavaThread "RMI TCP Connection(1)-192.168.1.16" daemon [_thread_in_native, id=4940, stack(0x0000003541400000,0x0000003541500000)]
  0x000001a984786b50 JavaThread "RMI TCP Connection(2)-192.168.1.16" daemon [_thread_in_native, id=15060, stack(0x0000003541500000,0x0000003541600000)]
  0x000001a984783b80 JavaThread "Thread-4" [_thread_blocked, id=33924, stack(0x0000003541600000,0x0000003541700000)]
  0x000001a984780bb0 JavaThread "Thread-5" [_thread_blocked, id=7584, stack(0x0000003541700000,0x0000003541800000)]

Other Threads:
=>0x000001a9fa4d3190 VMThread "VM Thread" [stack: 0x000000353ec00000,0x000000353ed00000] [id=11976]
  0x000001a9d797a7d0 WorkerThread "GC Thread#0" [stack: 0x000000353e700000,0x000000353e800000] [id=7116]
  0x000001a9842ac310 WorkerThread "GC Thread#1" [stack: 0x0000003540300000,0x0000003540400000] [id=2760]
  0x000001a9842ac5e0 WorkerThread "GC Thread#2" [stack: 0x0000003540400000,0x0000003540500000] [id=5752]
  0x000001a98420a0a0 WorkerThread "GC Thread#3" [stack: 0x0000003540500000,0x0000003540600000] [id=1036]
  0x000001a98420b450 WorkerThread "GC Thread#4" [stack: 0x0000003540600000,0x0000003540700000] [id=28200]
  0x000001a98420aeb0 WorkerThread "GC Thread#5" [stack: 0x0000003540700000,0x0000003540800000] [id=4552]
  0x000001a98420a640 WorkerThread "GC Thread#6" [stack: 0x0000003540800000,0x0000003540900000] [id=37848]
  0x000001a98420b720 WorkerThread "GC Thread#7" [stack: 0x0000003540900000,0x0000003540a00000] [id=15816]
  0x000001a9d79c9010 ConcurrentGCThread "G1 Main Marker" terminated
  0x000001a9d79cc0a0 WorkerThread "G1 Conc#0" [stack: 0x000000353e900000,0x000000353ea00000] [id=8732]
  0x000001a98420abe0 WorkerThread "G1 Conc#1" [stack: 0x0000003541100000,0x0000003541200000] [id=9836]
  0x000001a9fa38c090 ConcurrentGCThread "G1 Refine#0" terminated
  0x000001a9fa38ca70 ConcurrentGCThread "G1 Service" terminated

Threads with active compile tasks:

VM state: at safepoint (shutting down)

VM Mutex/Monitor currently owned by a thread:  ([mutex/lock_event])
[0x000001a9d7905d50] Threads_lock - owner thread: 0x000001a9fa4d3190
[0x000001a9d7904520] Heap_lock - owner thread: 0x000001a9ffb4ede0

Heap address: 0x0000000703200000, size: 4046 MB, Compressed Oops mode: Zero based, Oop shift amount: 3

CDS archive(s) mapped at: [0x0000000800000000-0x0000000800c40000-0x0000000800c40000), size 12845056, SharedBaseAddress: 0x0000000800000000, ArchiveRelocationMode: 0.
Compressed class space mapped at: 0x0000000801000000-0x0000000841000000, reserved size: 1073741824
Narrow klass base: 0x0000000800000000, Narrow klass shift: 0, Narrow klass range: 0x100000000

GC Precious Log:
 CardTable entry size: 512
 Card Set container configuration: InlinePtr #cards 4 size 8 Array Of Cards #cards 16 size 48 Howl #buckets 8 coarsen threshold 3686 Howl Bitmap #cards 512 size 80 coarsen threshold 460 Card regions per heap region 1 cards per card region 4096
 CPUs: 8 total, 8 available
 Memory: 16179M
 Large Page Support: Disabled
 NUMA Support: Disabled
 Compressed Oops: Enabled (Zero based)
 Heap Region Size: 2M
 Heap Min Capacity: 8M
 Heap Initial Capacity: 254M
 Heap Max Capacity: 4046M
 Pre-touch: Disabled
 Parallel Workers: 8
 Concurrent Workers: 2
 Concurrent Refinement Workers: 8
 Periodic GC: Disabled

Heap:
 garbage-first heap   total 618496K, used 195348K [0x0000000703200000, 0x0000000800000000)
  region size 2048K, 9 young (18432K), 2 survivors (4096K)
 Metaspace       used 21298K, committed 21760K, reserved 1114112K
  class space    used 2967K, committed 3200K, reserved 1048576K

Heap Regions: E=young(eden), S=young(survivor), O=old, HS=humongous(starts), HC=humongous(continues), CS=collection set, F=free, OA=open archive, CA=closed archive, TAMS=top-at-mark-start (previous, next)
|   0|0x0000000703200000, 0x0000000703400000, 0x0000000703400000|100%| O|  |TAMS 0x0000000703400000, 0x0000000703400000| Untracked 
|   1|0x0000000703400000, 0x0000000703600000, 0x0000000703600000|100%|HS|  |TAMS 0x0000000703600000, 0x0000000703600000| Complete 
|   2|0x0000000703600000, 0x0000000703800000, 0x0000000703800000|100%|HC|  |TAMS 0x0000000703800000, 0x0000000703800000| Complete 
|   3|0x0000000703800000, 0x0000000703a00000, 0x0000000703a00000|100%|HC|  |TAMS 0x0000000703a00000, 0x0000000703a00000| Complete 
|   4|0x0000000703a00000, 0x0000000703c00000, 0x0000000703c00000|100%|HC|  |TAMS 0x0000000703c00000, 0x0000000703c00000| Complete 
|   5|0x0000000703c00000, 0x0000000703e00000, 0x0000000703e00000|100%|HC|  |TAMS 0x0000000703e00000, 0x0000000703e00000| Complete 
|   6|0x0000000703e00000, 0x0000000704000000, 0x0000000704000000|100%|HC|  |TAMS 0x0000000704000000, 0x0000000704000000| Complete 
|   7|0x0000000704000000, 0x0000000704200000, 0x0000000704200000|100%|HS|  |TAMS 0x0000000704200000, 0x0000000704200000| Complete 
|   8|0x0000000704200000, 0x0000000704400000, 0x0000000704400000|100%|HC|  |TAMS 0x0000000704400000, 0x0000000704400000| Complete 
|   9|0x0000000704400000, 0x0000000704600000, 0x0000000704600000|100%|HS|  |TAMS 0x0000000704600000, 0x0000000704600000| Complete 
|  10|0x0000000704600000, 0x0000000704800000, 0x0000000704800000|100%|HS|  |TAMS 0x0000000704800000, 0x0000000704800000| Complete 
|  11|0x0000000704800000, 0x0000000704a00000, 0x0000000704a00000|100%|HC|  |TAMS 0x0000000704a00000, 0x0000000704a00000| Complete 
|  12|0x0000000704a00000, 0x0000000704c00000, 0x0000000704c00000|100%|HC|  |TAMS 0x0000000704c00000, 0x0000000704c00000| Complete 
|  13|0x0000000704c00000, 0x0000000704e00000, 0x0000000704e00000|100%| O|  |TAMS 0x0000000704e00000, 0x0000000704e00000| Untracked 
|  14|0x0000000704e00000, 0x0000000705000000, 0x0000000705000000|100%|HS|  |TAMS 0x0000000705000000, 0x0000000705000000| Complete 
|  15|0x0000000705000000, 0x0000000705200000, 0x0000000705200000|100%|HC|  |TAMS 0x0000000705200000, 0x0000000705200000| Complete 
|  16|0x0000000705200000, 0x0000000705400000, 0x0000000705400000|100%|HC|  |TAMS 0x0000000705400000, 0x0000000705400000| Complete 
|  17|0x0000000705400000, 0x0000000705600000, 0x0000000705600000|100%|HS|  |TAMS 0x0000000705600000, 0x0000000705600000| Complete 
|  18|0x0000000705600000, 0x0000000705800000, 0x0000000705800000|100%|HC|  |TAMS 0x0000000705800000, 0x0000000705800000| Complete 
|  19|0x0000000705800000, 0x0000000705a00000, 0x0000000705a00000|100%|HS|  |TAMS 0x0000000705a00000, 0x0000000705a00000| Complete 
|  20|0x0000000705a00000, 0x0000000705c00000, 0x0000000705c00000|100%|HC|  |TAMS 0x0000000705c00000, 0x0000000705c00000| Complete 
|  21|0x0000000705c00000, 0x0000000705e00000, 0x0000000705e00000|100%|HC|  |TAMS 0x0000000705e00000, 0x0000000705e00000| Complete 
|  22|0x0000000705e00000, 0x0000000706000000, 0x0000000706000000|100%|HC|  |TAMS 0x0000000706000000, 0x0000000706000000| Complete 
|  23|0x0000000706000000, 0x0000000706200000, 0x0000000706200000|100%|HS|  |TAMS 0x0000000706200000, 0x0000000706200000| Complete 
|  24|0x0000000706200000, 0x0000000706400000, 0x0000000706400000|100%|HC|  |TAMS 0x0000000706400000, 0x0000000706400000| Complete 
|  25|0x0000000706400000, 0x0000000706600000, 0x0000000706600000|100%|HC|  |TAMS 0x0000000706600000, 0x0000000706600000| Complete 
|  26|0x0000000706600000, 0x0000000706800000, 0x0000000706800000|100%|HC|  |TAMS 0x0000000706800000, 0x0000000706800000| Complete 
|  27|0x0000000706800000, 0x0000000706a00000, 0x0000000706a00000|100%|HC|  |TAMS 0x0000000706a00000, 0x0000000706a00000| Complete 
|  28|0x0000000706a00000, 0x0000000706c00000, 0x0000000706c00000|100%|HC|  |TAMS 0x0000000706c00000, 0x0000000706c00000| Complete 
|  29|0x0000000706c00000, 0x0000000706e00000, 0x0000000706e00000|100%|HC|  |TAMS 0x0000000706e00000, 0x0000000706e00000| Complete 
|  30|0x0000000706e00000, 0x0000000707000000, 0x0000000707000000|100%|HC|  |TAMS 0x0000000707000000, 0x0000000707000000| Complete 
|  31|0x0000000707000000, 0x0000000707200000, 0x0000000707200000|100%|HC|  |TAMS 0x0000000707200000, 0x0000000707200000| Complete 
|  32|0x0000000707200000, 0x0000000707400000, 0x0000000707400000|100%|HC|  |TAMS 0x0000000707400000, 0x0000000707400000| Complete 
|  33|0x0000000707400000, 0x0000000707600000, 0x0000000707600000|100%|HC|  |TAMS 0x0000000707600000, 0x0000000707600000| Complete 
|  34|0x0000000707600000, 0x0000000707800000, 0x0000000707800000|100%|HC|  |TAMS 0x0000000707800000, 0x0000000707800000| Complete 
|  35|0x0000000707800000, 0x0000000707a00000, 0x0000000707a00000|100%|HC|  |TAMS 0x0000000707a00000, 0x0000000707a00000| Complete 
|  36|0x0000000707a00000, 0x0000000707c00000, 0x0000000707c00000|100%|HS|  |TAMS 0x0000000707c00000, 0x0000000707c00000| Complete 
|  37|0x0000000707c00000, 0x0000000707e00000, 0x0000000707e00000|100%|HC|  |TAMS 0x0000000707e00000, 0x0000000707e00000| Complete 
|  38|0x0000000707e00000, 0x0000000708000000, 0x0000000708000000|100%|HS|  |TAMS 0x0000000708000000, 0x0000000708000000| Complete 
|  39|0x0000000708000000, 0x0000000708200000, 0x0000000708200000|100%|HC|  |TAMS 0x0000000708200000, 0x0000000708200000| Complete 
|  40|0x0000000708200000, 0x0000000708400000, 0x0000000708400000|100%|HS|  |TAMS 0x0000000708400000, 0x0000000708400000| Complete 
|  41|0x0000000708400000, 0x0000000708600000, 0x0000000708600000|100%|HC|  |TAMS 0x0000000708600000, 0x0000000708600000| Complete 
|  42|0x0000000708600000, 0x0000000708800000, 0x0000000708800000|100%|HC|  |TAMS 0x0000000708800000, 0x0000000708800000| Complete 
|  43|0x0000000708800000, 0x0000000708a00000, 0x0000000708a00000|100%|HC|  |TAMS 0x0000000708a00000, 0x0000000708a00000| Complete 
|  44|0x0000000708a00000, 0x0000000708c00000, 0x0000000708c00000|100%|HC|  |TAMS 0x0000000708c00000, 0x0000000708c00000| Complete 
|  45|0x0000000708c00000, 0x0000000708e00000, 0x0000000708e00000|100%|HC|  |TAMS 0x0000000708e00000, 0x0000000708e00000| Complete 
|  46|0x0000000708e00000, 0x0000000709000000, 0x0000000709000000|100%|HS|  |TAMS 0x0000000709000000, 0x0000000709000000| Complete 
|  47|0x0000000709000000, 0x0000000709200000, 0x0000000709200000|100%|HC|  |TAMS 0x0000000709200000, 0x0000000709200000| Complete 
|  48|0x0000000709200000, 0x0000000709400000, 0x0000000709400000|100%|HC|  |TAMS 0x0000000709400000, 0x0000000709400000| Complete 
|  49|0x0000000709400000, 0x0000000709600000, 0x0000000709600000|100%|HC|  |TAMS 0x0000000709600000, 0x0000000709600000| Complete 
|  50|0x0000000709600000, 0x0000000709800000, 0x0000000709800000|100%|HC|  |TAMS 0x0000000709800000, 0x0000000709800000| Complete 
|  51|0x0000000709800000, 0x0000000709a00000, 0x0000000709a00000|100%|HC|  |TAMS 0x0000000709a00000, 0x0000000709a00000| Complete 
|  52|0x0000000709a00000, 0x0000000709c00000, 0x0000000709c00000|100%|HC|  |TAMS 0x0000000709c00000, 0x0000000709c00000| Complete 
|  53|0x0000000709c00000, 0x0000000709e00000, 0x0000000709e00000|100%|HC|  |TAMS 0x0000000709e00000, 0x0000000709e00000| Complete 
|  54|0x0000000709e00000, 0x000000070a000000, 0x000000070a000000|100%|HC|  |TAMS 0x000000070a000000, 0x000000070a000000| Complete 
|  55|0x000000070a000000, 0x000000070a200000, 0x000000070a200000|100%|HC|  |TAMS 0x000000070a200000, 0x000000070a200000| Complete 
|  56|0x000000070a200000, 0x000000070a400000, 0x000000070a400000|100%|HC|  |TAMS 0x000000070a400000, 0x000000070a400000| Complete 
|  57|0x000000070a400000, 0x000000070a600000, 0x000000070a600000|100%|HC|  |TAMS 0x000000070a600000, 0x000000070a600000| Complete 
|  58|0x000000070a600000, 0x000000070a800000, 0x000000070a800000|100%|HC|  |TAMS 0x000000070a800000, 0x000000070a800000| Complete 
|  59|0x000000070a800000, 0x000000070aa00000, 0x000000070aa00000|100%|HC|  |TAMS 0x000000070aa00000, 0x000000070aa00000| Complete 
|  60|0x000000070aa00000, 0x000000070ac00000, 0x000000070ac00000|100%|HC|  |TAMS 0x000000070ac00000, 0x000000070ac00000| Complete 
|  61|0x000000070ac00000, 0x000000070ae00000, 0x000000070ae00000|100%|HC|  |TAMS 0x000000070ae00000, 0x000000070ae00000| Complete 
|  62|0x000000070ae00000, 0x000000070b000000, 0x000000070b000000|100%|HC|  |TAMS 0x000000070b000000, 0x000000070b000000| Complete 
|  63|0x000000070b000000, 0x000000070b200000, 0x000000070b200000|100%|HS|  |TAMS 0x000000070b200000, 0x000000070b200000| Complete 
|  64|0x000000070b200000, 0x000000070b400000, 0x000000070b400000|100%| O|  |TAMS 0x000000070b400000, 0x000000070b400000| Untracked 
|  65|0x000000070b400000, 0x000000070b600000, 0x000000070b600000|100%| O|  |TAMS 0x000000070b600000, 0x000000070b600000| Untracked 
|  66|0x000000070b600000, 0x000000070b60aa00, 0x000000070b800000|  2%| O|  |TAMS 0x000000070b60aa00, 0x000000070b60aa00| Untracked 
|  67|0x000000070b800000, 0x000000070ba00000, 0x000000070ba00000|100%|HS|  |TAMS 0x000000070ba00000, 0x000000070ba00000| Complete 
|  68|0x000000070ba00000, 0x000000070bc00000, 0x000000070bc00000|100%|HS|  |TAMS 0x000000070bc00000, 0x000000070bc00000| Complete 
|  69|0x000000070bc00000, 0x000000070be00000, 0x000000070be00000|100%|HS|  |TAMS 0x000000070be00000, 0x000000070be00000| Complete 
|  70|0x000000070be00000, 0x000000070c000000, 0x000000070c000000|100%|HS|  |TAMS 0x000000070c000000, 0x000000070c000000| Complete 
|  71|0x000000070c000000, 0x000000070c200000, 0x000000070c200000|100%|HS|  |TAMS 0x000000070c200000, 0x000000070c200000| Complete 
|  72|0x000000070c200000, 0x000000070c400000, 0x000000070c400000|100%|HS|  |TAMS 0x000000070c400000, 0x000000070c400000| Complete 
|  73|0x000000070c400000, 0x000000070c600000, 0x000000070c600000|100%|HS|  |TAMS 0x000000070c600000, 0x000000070c600000| Complete 
|  74|0x000000070c600000, 0x000000070c800000, 0x000000070c800000|100%|HS|  |TAMS 0x000000070c800000, 0x000000070c800000| Complete 
|  75|0x000000070c800000, 0x000000070ca00000, 0x000000070ca00000|100%|HS|  |TAMS 0x000000070ca00000, 0x000000070ca00000| Complete 
|  76|0x000000070ca00000, 0x000000070cc00000, 0x000000070cc00000|100%|HS|  |TAMS 0x000000070cc00000, 0x000000070cc00000| Complete 
|  77|0x000000070cc00000, 0x000000070ce00000, 0x000000070ce00000|100%|HS|  |TAMS 0x000000070ce00000, 0x000000070ce00000| Complete 
|  78|0x000000070ce00000, 0x000000070d000000, 0x000000070d000000|100%|HS|  |TAMS 0x000000070d000000, 0x000000070d000000| Complete 
|  79|0x000000070d000000, 0x000000070d200000, 0x000000070d200000|100%|HS|  |TAMS 0x000000070d200000, 0x000000070d200000| Complete 
|  80|0x000000070d200000, 0x000000070d400000, 0x000000070d400000|100%|HS|  |TAMS 0x000000070d200000, 0x000000070d400000| Complete 
|  81|0x000000070d400000, 0x000000070d600000, 0x000000070d600000|100%|HS|  |TAMS 0x000000070d400000, 0x000000070d400000| Complete 
|  82|0x000000070d600000, 0x000000070d800000, 0x000000070d800000|100%|HS|  |TAMS 0x000000070d600000, 0x000000070d600000| Complete 
|  83|0x000000070d800000, 0x000000070da00000, 0x000000070da00000|100%|HC|  |TAMS 0x000000070d800000, 0x000000070d800000| Complete 
|  84|0x000000070da00000, 0x000000070dc00000, 0x000000070dc00000|100%|HC|  |TAMS 0x000000070da00000, 0x000000070da00000| Complete 
|  85|0x000000070dc00000, 0x000000070de00000, 0x000000070de00000|100%|HS|  |TAMS 0x000000070dc00000, 0x000000070dc00000| Complete 
|  86|0x000000070de00000, 0x000000070e000000, 0x000000070e000000|100%|HS|  |TAMS 0x000000070de00000, 0x000000070de00000| Complete 
|  87|0x000000070e000000, 0x000000070e200000, 0x000000070e200000|100%|HC|  |TAMS 0x000000070e000000, 0x000000070e000000| Complete 
|  88|0x000000070e200000, 0x000000070e400000, 0x000000070e400000|100%|HC|  |TAMS 0x000000070e200000, 0x000000070e200000| Complete 
|  89|0x000000070e400000, 0x000000070e400000, 0x000000070e600000|  0%| F|  |TAMS 0x000000070e400000, 0x000000070e400000| Untracked 
|  90|0x000000070e600000, 0x000000070e600000, 0x000000070e800000|  0%| F|  |TAMS 0x000000070e600000, 0x000000070e600000| Untracked 
|  91|0x000000070e800000, 0x000000070e800000, 0x000000070ea00000|  0%| F|  |TAMS 0x000000070e800000, 0x000000070e800000| Untracked 
|  92|0x000000070ea00000, 0x000000070ea00000, 0x000000070ec00000|  0%| F|  |TAMS 0x000000070ea00000, 0x000000070ea00000| Untracked 
|  93|0x000000070ec00000, 0x000000070ec00000, 0x000000070ee00000|  0%| F|  |TAMS 0x000000070ec00000, 0x000000070ec00000| Untracked 
|  94|0x000000070ee00000, 0x000000070ee00000, 0x000000070f000000|  0%| F|  |TAMS 0x000000070ee00000, 0x000000070ee00000| Untracked 
|  95|0x000000070f000000, 0x000000070f000000, 0x000000070f200000|  0%| F|  |TAMS 0x000000070f000000, 0x000000070f000000| Untracked 
|  96|0x000000070f200000, 0x000000070f200000, 0x000000070f400000|  0%| F|  |TAMS 0x000000070f200000, 0x000000070f200000| Untracked 
|  97|0x000000070f400000, 0x000000070f400000, 0x000000070f600000|  0%| F|  |TAMS 0x000000070f400000, 0x000000070f400000| Untracked 
|  98|0x000000070f600000, 0x000000070f600000, 0x000000070f800000|  0%| F|  |TAMS 0x000000070f600000, 0x000000070f600000| Untracked 
|  99|0x000000070f800000, 0x000000070f800000, 0x000000070fa00000|  0%| F|  |TAMS 0x000000070f800000, 0x000000070f800000| Untracked 
| 100|0x000000070fa00000, 0x000000070fa00000, 0x000000070fc00000|  0%| F|  |TAMS 0x000000070fa00000, 0x000000070fa00000| Untracked 
| 101|0x000000070fc00000, 0x000000070fc00000, 0x000000070fe00000|  0%| F|  |TAMS 0x000000070fc00000, 0x000000070fc00000| Untracked 
| 102|0x000000070fe00000, 0x000000070fe00000, 0x0000000710000000|  0%| F|  |TAMS 0x000000070fe00000, 0x000000070fe00000| Untracked 
| 103|0x0000000710000000, 0x0000000710000000, 0x0000000710200000|  0%| F|  |TAMS 0x0000000710000000, 0x0000000710000000| Untracked 
| 104|0x0000000710200000, 0x0000000710200000, 0x0000000710400000|  0%| F|  |TAMS 0x0000000710200000, 0x0000000710200000| Untracked 
| 105|0x0000000710400000, 0x0000000710400000, 0x0000000710600000|  0%| F|  |TAMS 0x0000000710400000, 0x0000000710400000| Untracked 
| 106|0x0000000710600000, 0x0000000710600000, 0x0000000710800000|  0%| F|  |TAMS 0x0000000710600000, 0x0000000710600000| Untracked 
| 107|0x0000000710800000, 0x0000000710800000, 0x0000000710a00000|  0%| F|  |TAMS 0x0000000710800000, 0x0000000710800000| Untracked 
| 108|0x0000000710a00000, 0x0000000710a00000, 0x0000000710c00000|  0%| F|  |TAMS 0x0000000710a00000, 0x0000000710a00000| Untracked 
| 109|0x0000000710c00000, 0x0000000710c00000, 0x0000000710e00000|  0%| F|  |TAMS 0x0000000710c00000, 0x0000000710c00000| Untracked 
| 110|0x0000000710e00000, 0x0000000710e00000, 0x0000000711000000|  0%| F|  |TAMS 0x0000000710e00000, 0x0000000710e00000| Untracked 
| 111|0x0000000711000000, 0x0000000711000000, 0x0000000711200000|  0%| F|  |TAMS 0x0000000711000000, 0x0000000711000000| Untracked 
| 112|0x0000000711200000, 0x0000000711200000, 0x0000000711400000|  0%| F|  |TAMS 0x0000000711200000, 0x0000000711200000| Untracked 
| 113|0x0000000711400000, 0x0000000711400000, 0x0000000711600000|  0%| F|  |TAMS 0x0000000711400000, 0x0000000711400000| Untracked 
| 114|0x0000000711600000, 0x0000000711600000, 0x0000000711800000|  0%| F|  |TAMS 0x0000000711600000, 0x0000000711600000| Untracked 
| 115|0x0000000711800000, 0x0000000711800000, 0x0000000711a00000|  0%| F|  |TAMS 0x0000000711800000, 0x0000000711800000| Untracked 
| 116|0x0000000711a00000, 0x0000000711a00000, 0x0000000711c00000|  0%| F|  |TAMS 0x0000000711a00000, 0x0000000711a00000| Untracked 
| 117|0x0000000711c00000, 0x0000000711c00000, 0x0000000711e00000|  0%| F|  |TAMS 0x0000000711c00000, 0x0000000711c00000| Untracked 
| 118|0x0000000711e00000, 0x0000000711e00000, 0x0000000712000000|  0%| F|  |TAMS 0x0000000711e00000, 0x0000000711e00000| Untracked 
| 119|0x0000000712000000, 0x0000000712000000, 0x0000000712200000|  0%| F|  |TAMS 0x0000000712000000, 0x0000000712000000| Untracked 
| 120|0x0000000712200000, 0x0000000712200000, 0x0000000712400000|  0%| F|  |TAMS 0x0000000712200000, 0x0000000712200000| Untracked 
| 121|0x0000000712400000, 0x0000000712400000, 0x0000000712600000|  0%| F|  |TAMS 0x0000000712400000, 0x0000000712400000| Untracked 
| 122|0x0000000712600000, 0x0000000712600000, 0x0000000712800000|  0%| F|  |TAMS 0x0000000712600000, 0x0000000712600000| Untracked 
| 123|0x0000000712800000, 0x0000000712800000, 0x0000000712a00000|  0%| F|  |TAMS 0x0000000712800000, 0x0000000712800000| Untracked 
| 124|0x0000000712a00000, 0x0000000712a00000, 0x0000000712c00000|  0%| F|  |TAMS 0x0000000712a00000, 0x0000000712a00000| Untracked 
| 125|0x0000000712c00000, 0x0000000712c00000, 0x0000000712e00000|  0%| F|  |TAMS 0x0000000712c00000, 0x0000000712c00000| Untracked 
| 126|0x0000000712e00000, 0x0000000712e00000, 0x0000000713000000|  0%| F|  |TAMS 0x0000000712e00000, 0x0000000712e00000| Untracked 
| 127|0x0000000713000000, 0x0000000713000000, 0x0000000713200000|  0%| F|  |TAMS 0x0000000713000000, 0x0000000713000000| Untracked 
| 128|0x0000000713200000, 0x0000000713200000, 0x0000000713400000|  0%| F|  |TAMS 0x0000000713200000, 0x0000000713200000| Untracked 
| 129|0x0000000713400000, 0x0000000713400000, 0x0000000713600000|  0%| F|  |TAMS 0x0000000713400000, 0x0000000713400000| Untracked 
| 130|0x0000000713600000, 0x0000000713600000, 0x0000000713800000|  0%| F|  |TAMS 0x0000000713600000, 0x0000000713600000| Untracked 
| 131|0x0000000713800000, 0x0000000713800000, 0x0000000713a00000|  0%| F|  |TAMS 0x0000000713800000, 0x0000000713800000| Untracked 
| 132|0x0000000713a00000, 0x0000000713a00000, 0x0000000713c00000|  0%| F|  |TAMS 0x0000000713a00000, 0x0000000713a00000| Untracked 
| 133|0x0000000713c00000, 0x0000000713c00000, 0x0000000713e00000|  0%| F|  |TAMS 0x0000000713c00000, 0x0000000713c00000| Untracked 
| 134|0x0000000713e00000, 0x0000000713e00000, 0x0000000714000000|  0%| F|  |TAMS 0x0000000713e00000, 0x0000000713e00000| Untracked 
| 135|0x0000000714000000, 0x0000000714000000, 0x0000000714200000|  0%| F|  |TAMS 0x0000000714000000, 0x0000000714000000| Untracked 
| 136|0x0000000714200000, 0x0000000714200000, 0x0000000714400000|  0%| F|  |TAMS 0x0000000714200000, 0x0000000714200000| Untracked 
| 137|0x0000000714400000, 0x0000000714400000, 0x0000000714600000|  0%| F|  |TAMS 0x0000000714400000, 0x0000000714400000| Untracked 
| 138|0x0000000714600000, 0x0000000714600000, 0x0000000714800000|  0%| F|  |TAMS 0x0000000714600000, 0x0000000714600000| Untracked 
| 139|0x0000000714800000, 0x0000000714800000, 0x0000000714a00000|  0%| F|  |TAMS 0x0000000714800000, 0x0000000714800000| Untracked 
| 140|0x0000000714a00000, 0x0000000714a00000, 0x0000000714c00000|  0%| F|  |TAMS 0x0000000714a00000, 0x0000000714a00000| Untracked 
| 141|0x0000000714c00000, 0x0000000714c00000, 0x0000000714e00000|  0%| F|  |TAMS 0x0000000714c00000, 0x0000000714c00000| Untracked 
| 142|0x0000000714e00000, 0x0000000714e00000, 0x0000000715000000|  0%| F|  |TAMS 0x0000000714e00000, 0x0000000714e00000| Untracked 
| 143|0x0000000715000000, 0x0000000715000000, 0x0000000715200000|  0%| F|  |TAMS 0x0000000715000000, 0x0000000715000000| Untracked 
| 144|0x0000000715200000, 0x0000000715200000, 0x0000000715400000|  0%| F|  |TAMS 0x0000000715200000, 0x0000000715200000| Untracked 
| 145|0x0000000715400000, 0x0000000715400000, 0x0000000715600000|  0%| F|  |TAMS 0x0000000715400000, 0x0000000715400000| Untracked 
| 146|0x0000000715600000, 0x0000000715600000, 0x0000000715800000|  0%| F|  |TAMS 0x0000000715600000, 0x0000000715600000| Untracked 
| 147|0x0000000715800000, 0x0000000715800000, 0x0000000715a00000|  0%| F|  |TAMS 0x0000000715800000, 0x0000000715800000| Untracked 
| 148|0x0000000715a00000, 0x0000000715a00000, 0x0000000715c00000|  0%| F|  |TAMS 0x0000000715a00000, 0x0000000715a00000| Untracked 
| 149|0x0000000715c00000, 0x0000000715c00000, 0x0000000715e00000|  0%| F|  |TAMS 0x0000000715c00000, 0x0000000715c00000| Untracked 
| 150|0x0000000715e00000, 0x0000000715e00000, 0x0000000716000000|  0%| F|  |TAMS 0x0000000715e00000, 0x0000000715e00000| Untracked 
| 151|0x0000000716000000, 0x0000000716000000, 0x0000000716200000|  0%| F|  |TAMS 0x0000000716000000, 0x0000000716000000| Untracked 
| 152|0x0000000716200000, 0x0000000716200000, 0x0000000716400000|  0%| F|  |TAMS 0x0000000716200000, 0x0000000716200000| Untracked 
| 153|0x0000000716400000, 0x0000000716400000, 0x0000000716600000|  0%| F|  |TAMS 0x0000000716400000, 0x0000000716400000| Untracked 
| 154|0x0000000716600000, 0x0000000716600000, 0x0000000716800000|  0%| F|  |TAMS 0x0000000716600000, 0x0000000716600000| Untracked 
| 155|0x0000000716800000, 0x0000000716800000, 0x0000000716a00000|  0%| F|  |TAMS 0x0000000716800000, 0x0000000716800000| Untracked 
| 156|0x0000000716a00000, 0x0000000716a00000, 0x0000000716c00000|  0%| F|  |TAMS 0x0000000716a00000, 0x0000000716a00000| Untracked 
| 157|0x0000000716c00000, 0x0000000716c00000, 0x0000000716e00000|  0%| F|  |TAMS 0x0000000716c00000, 0x0000000716c00000| Untracked 
| 158|0x0000000716e00000, 0x0000000716e00000, 0x0000000717000000|  0%| F|  |TAMS 0x0000000716e00000, 0x0000000716e00000| Untracked 
| 159|0x0000000717000000, 0x0000000717000000, 0x0000000717200000|  0%| F|  |TAMS 0x0000000717000000, 0x0000000717000000| Untracked 
| 160|0x0000000717200000, 0x0000000717200000, 0x0000000717400000|  0%| F|  |TAMS 0x0000000717200000, 0x0000000717200000| Untracked 
| 161|0x0000000717400000, 0x0000000717400000, 0x0000000717600000|  0%| F|  |TAMS 0x0000000717400000, 0x0000000717400000| Untracked 
| 162|0x0000000717600000, 0x0000000717600000, 0x0000000717800000|  0%| F|  |TAMS 0x0000000717600000, 0x0000000717600000| Untracked 
| 163|0x0000000717800000, 0x0000000717800000, 0x0000000717a00000|  0%| F|  |TAMS 0x0000000717800000, 0x0000000717800000| Untracked 
| 164|0x0000000717a00000, 0x0000000717a00000, 0x0000000717c00000|  0%| F|  |TAMS 0x0000000717a00000, 0x0000000717a00000| Untracked 
| 165|0x0000000717c00000, 0x0000000717c00000, 0x0000000717e00000|  0%| F|  |TAMS 0x0000000717c00000, 0x0000000717c00000| Untracked 
| 166|0x0000000717e00000, 0x0000000717e00000, 0x0000000718000000|  0%| F|  |TAMS 0x0000000717e00000, 0x0000000717e00000| Untracked 
| 167|0x0000000718000000, 0x0000000718000000, 0x0000000718200000|  0%| F|  |TAMS 0x0000000718000000, 0x0000000718000000| Untracked 
| 168|0x0000000718200000, 0x0000000718200000, 0x0000000718400000|  0%| F|  |TAMS 0x0000000718200000, 0x0000000718200000| Untracked 
| 169|0x0000000718400000, 0x00000007184ba8b8, 0x0000000718600000| 36%| S|CS|TAMS 0x0000000718400000, 0x0000000718400000| Complete 
| 170|0x0000000718600000, 0x0000000718800000, 0x0000000718800000|100%| S|CS|TAMS 0x0000000718600000, 0x0000000718600000| Complete 
| 171|0x0000000718800000, 0x0000000718800000, 0x0000000718a00000|  0%| F|  |TAMS 0x0000000718800000, 0x0000000718800000| Untracked 
| 172|0x0000000718a00000, 0x0000000718a00000, 0x0000000718c00000|  0%| F|  |TAMS 0x0000000718a00000, 0x0000000718a00000| Untracked 
| 173|0x0000000718c00000, 0x0000000718c00000, 0x0000000718e00000|  0%| F|  |TAMS 0x0000000718c00000, 0x0000000718c00000| Untracked 
| 174|0x0000000718e00000, 0x0000000718e00000, 0x0000000719000000|  0%| F|  |TAMS 0x0000000718e00000, 0x0000000718e00000| Untracked 
| 175|0x0000000719000000, 0x0000000719000000, 0x0000000719200000|  0%| F|  |TAMS 0x0000000719000000, 0x0000000719000000| Untracked 
| 176|0x0000000719200000, 0x0000000719200000, 0x0000000719400000|  0%| F|  |TAMS 0x0000000719200000, 0x0000000719200000| Untracked 
| 177|0x0000000719400000, 0x0000000719400000, 0x0000000719600000|  0%| F|  |TAMS 0x0000000719400000, 0x0000000719400000| Untracked 
| 178|0x0000000719600000, 0x0000000719600000, 0x0000000719800000|  0%| F|  |TAMS 0x0000000719600000, 0x0000000719600000| Untracked 
| 179|0x0000000719800000, 0x0000000719800000, 0x0000000719a00000|  0%| F|  |TAMS 0x0000000719800000, 0x0000000719800000| Untracked 
| 180|0x0000000719a00000, 0x0000000719a00000, 0x0000000719c00000|  0%| F|  |TAMS 0x0000000719a00000, 0x0000000719a00000| Untracked 
| 181|0x0000000719c00000, 0x0000000719c00000, 0x0000000719e00000|  0%| F|  |TAMS 0x0000000719c00000, 0x0000000719c00000| Untracked 
| 182|0x0000000719e00000, 0x0000000719e00000, 0x000000071a000000|  0%| F|  |TAMS 0x0000000719e00000, 0x0000000719e00000| Untracked 
| 183|0x000000071a000000, 0x000000071a000000, 0x000000071a200000|  0%| F|  |TAMS 0x000000071a000000, 0x000000071a000000| Untracked 
| 184|0x000000071a200000, 0x000000071a200000, 0x000000071a400000|  0%| F|  |TAMS 0x000000071a200000, 0x000000071a200000| Untracked 
| 185|0x000000071a400000, 0x000000071a400000, 0x000000071a600000|  0%| F|  |TAMS 0x000000071a400000, 0x000000071a400000| Untracked 
| 186|0x000000071a600000, 0x000000071a600000, 0x000000071a800000|  0%| F|  |TAMS 0x000000071a600000, 0x000000071a600000| Untracked 
| 187|0x000000071a800000, 0x000000071a800000, 0x000000071aa00000|  0%| F|  |TAMS 0x000000071a800000, 0x000000071a800000| Untracked 
| 188|0x000000071aa00000, 0x000000071aa00000, 0x000000071ac00000|  0%| F|  |TAMS 0x000000071aa00000, 0x000000071aa00000| Untracked 
| 189|0x000000071ac00000, 0x000000071ac00000, 0x000000071ae00000|  0%| F|  |TAMS 0x000000071ac00000, 0x000000071ac00000| Untracked 
| 190|0x000000071ae00000, 0x000000071ae00000, 0x000000071b000000|  0%| F|  |TAMS 0x000000071ae00000, 0x000000071ae00000| Untracked 
| 191|0x000000071b000000, 0x000000071b000000, 0x000000071b200000|  0%| F|  |TAMS 0x000000071b000000, 0x000000071b000000| Untracked 
| 192|0x000000071b200000, 0x000000071b200000, 0x000000071b400000|  0%| F|  |TAMS 0x000000071b200000, 0x000000071b200000| Untracked 
| 193|0x000000071b400000, 0x000000071b400000, 0x000000071b600000|  0%| F|  |TAMS 0x000000071b400000, 0x000000071b400000| Untracked 
| 194|0x000000071b600000, 0x000000071b600000, 0x000000071b800000|  0%| F|  |TAMS 0x000000071b600000, 0x000000071b600000| Untracked 
| 195|0x000000071b800000, 0x000000071b800000, 0x000000071ba00000|  0%| F|  |TAMS 0x000000071b800000, 0x000000071b800000| Untracked 
| 196|0x000000071ba00000, 0x000000071ba00000, 0x000000071bc00000|  0%| F|  |TAMS 0x000000071ba00000, 0x000000071ba00000| Untracked 
| 197|0x000000071bc00000, 0x000000071bc00000, 0x000000071be00000|  0%| F|  |TAMS 0x000000071bc00000, 0x000000071bc00000| Untracked 
| 198|0x000000071be00000, 0x000000071be00000, 0x000000071c000000|  0%| F|  |TAMS 0x000000071be00000, 0x000000071be00000| Untracked 
| 199|0x000000071c000000, 0x000000071c000000, 0x000000071c200000|  0%| F|  |TAMS 0x000000071c000000, 0x000000071c000000| Untracked 
| 200|0x000000071c200000, 0x000000071c200000, 0x000000071c400000|  0%| F|  |TAMS 0x000000071c200000, 0x000000071c200000| Untracked 
| 201|0x000000071c400000, 0x000000071c400000, 0x000000071c600000|  0%| F|  |TAMS 0x000000071c400000, 0x000000071c400000| Untracked 
| 202|0x000000071c600000, 0x000000071c600000, 0x000000071c800000|  0%| F|  |TAMS 0x000000071c600000, 0x000000071c600000| Untracked 
| 203|0x000000071c800000, 0x000000071c800000, 0x000000071ca00000|  0%| F|  |TAMS 0x000000071c800000, 0x000000071c800000| Untracked 
| 204|0x000000071ca00000, 0x000000071ca00000, 0x000000071cc00000|  0%| F|  |TAMS 0x000000071ca00000, 0x000000071ca00000| Untracked 
| 205|0x000000071cc00000, 0x000000071cc00000, 0x000000071ce00000|  0%| F|  |TAMS 0x000000071cc00000, 0x000000071cc00000| Untracked 
| 206|0x000000071ce00000, 0x000000071ce00000, 0x000000071d000000|  0%| F|  |TAMS 0x000000071ce00000, 0x000000071ce00000| Untracked 
| 207|0x000000071d000000, 0x000000071d000000, 0x000000071d200000|  0%| F|  |TAMS 0x000000071d000000, 0x000000071d000000| Untracked 
| 208|0x000000071d200000, 0x000000071d200000, 0x000000071d400000|  0%| F|  |TAMS 0x000000071d200000, 0x000000071d200000| Untracked 
| 209|0x000000071d400000, 0x000000071d400000, 0x000000071d600000|  0%| F|  |TAMS 0x000000071d400000, 0x000000071d400000| Untracked 
| 210|0x000000071d600000, 0x000000071d600000, 0x000000071d800000|  0%| F|  |TAMS 0x000000071d600000, 0x000000071d600000| Untracked 
| 211|0x000000071d800000, 0x000000071d800000, 0x000000071da00000|  0%| F|  |TAMS 0x000000071d800000, 0x000000071d800000| Untracked 
| 212|0x000000071da00000, 0x000000071da00000, 0x000000071dc00000|  0%| F|  |TAMS 0x000000071da00000, 0x000000071da00000| Untracked 
| 213|0x000000071dc00000, 0x000000071dc00000, 0x000000071de00000|  0%| F|  |TAMS 0x000000071dc00000, 0x000000071dc00000| Untracked 
| 214|0x000000071de00000, 0x000000071de00000, 0x000000071e000000|  0%| F|  |TAMS 0x000000071de00000, 0x000000071de00000| Untracked 
| 215|0x000000071e000000, 0x000000071e000000, 0x000000071e200000|  0%| F|  |TAMS 0x000000071e000000, 0x000000071e000000| Untracked 
| 216|0x000000071e200000, 0x000000071e200000, 0x000000071e400000|  0%| F|  |TAMS 0x000000071e200000, 0x000000071e200000| Untracked 
| 217|0x000000071e400000, 0x000000071e400000, 0x000000071e600000|  0%| F|  |TAMS 0x000000071e400000, 0x000000071e400000| Untracked 
| 218|0x000000071e600000, 0x000000071e600000, 0x000000071e800000|  0%| F|  |TAMS 0x000000071e600000, 0x000000071e600000| Untracked 
| 219|0x000000071e800000, 0x000000071e800000, 0x000000071ea00000|  0%| F|  |TAMS 0x000000071e800000, 0x000000071e800000| Untracked 
| 220|0x000000071ea00000, 0x000000071ea00000, 0x000000071ec00000|  0%| F|  |TAMS 0x000000071ea00000, 0x000000071ea00000| Untracked 
| 221|0x000000071ec00000, 0x000000071ec00000, 0x000000071ee00000|  0%| F|  |TAMS 0x000000071ec00000, 0x000000071ec00000| Untracked 
| 222|0x000000071ee00000, 0x000000071ee00000, 0x000000071f000000|  0%| F|  |TAMS 0x000000071ee00000, 0x000000071ee00000| Untracked 
| 223|0x000000071f000000, 0x000000071f000000, 0x000000071f200000|  0%| F|  |TAMS 0x000000071f000000, 0x000000071f000000| Untracked 
| 224|0x000000071f200000, 0x000000071f200000, 0x000000071f400000|  0%| F|  |TAMS 0x000000071f200000, 0x000000071f200000| Untracked 
| 225|0x000000071f400000, 0x000000071f400000, 0x000000071f600000|  0%| F|  |TAMS 0x000000071f400000, 0x000000071f400000| Untracked 
| 226|0x000000071f600000, 0x000000071f600000, 0x000000071f800000|  0%| F|  |TAMS 0x000000071f600000, 0x000000071f600000| Untracked 
| 227|0x000000071f800000, 0x000000071f800000, 0x000000071fa00000|  0%| F|  |TAMS 0x000000071f800000, 0x000000071f800000| Untracked 
| 228|0x000000071fa00000, 0x000000071fa00000, 0x000000071fc00000|  0%| F|  |TAMS 0x000000071fa00000, 0x000000071fa00000| Untracked 
| 229|0x000000071fc00000, 0x000000071fc00000, 0x000000071fe00000|  0%| F|  |TAMS 0x000000071fc00000, 0x000000071fc00000| Untracked 
| 230|0x000000071fe00000, 0x000000071fe00000, 0x0000000720000000|  0%| F|  |TAMS 0x000000071fe00000, 0x000000071fe00000| Untracked 
| 231|0x0000000720000000, 0x0000000720000000, 0x0000000720200000|  0%| F|  |TAMS 0x0000000720000000, 0x0000000720000000| Untracked 
| 232|0x0000000720200000, 0x0000000720200000, 0x0000000720400000|  0%| F|  |TAMS 0x0000000720200000, 0x0000000720200000| Untracked 
| 233|0x0000000720400000, 0x0000000720400000, 0x0000000720600000|  0%| F|  |TAMS 0x0000000720400000, 0x0000000720400000| Untracked 
| 234|0x0000000720600000, 0x0000000720600000, 0x0000000720800000|  0%| F|  |TAMS 0x0000000720600000, 0x0000000720600000| Untracked 
| 235|0x0000000720800000, 0x0000000720800000, 0x0000000720a00000|  0%| F|  |TAMS 0x0000000720800000, 0x0000000720800000| Untracked 
| 236|0x0000000720a00000, 0x0000000720a00000, 0x0000000720c00000|  0%| F|  |TAMS 0x0000000720a00000, 0x0000000720a00000| Untracked 
| 237|0x0000000720c00000, 0x0000000720c00000, 0x0000000720e00000|  0%| F|  |TAMS 0x0000000720c00000, 0x0000000720c00000| Untracked 
| 238|0x0000000720e00000, 0x0000000720e00000, 0x0000000721000000|  0%| F|  |TAMS 0x0000000720e00000, 0x0000000720e00000| Untracked 
| 239|0x0000000721000000, 0x0000000721000000, 0x0000000721200000|  0%| F|  |TAMS 0x0000000721000000, 0x0000000721000000| Untracked 
| 240|0x0000000721200000, 0x0000000721200000, 0x0000000721400000|  0%| F|  |TAMS 0x0000000721200000, 0x0000000721200000| Untracked 
| 241|0x0000000721400000, 0x0000000721400000, 0x0000000721600000|  0%| F|  |TAMS 0x0000000721400000, 0x0000000721400000| Untracked 
| 242|0x0000000721600000, 0x0000000721600000, 0x0000000721800000|  0%| F|  |TAMS 0x0000000721600000, 0x0000000721600000| Untracked 
| 243|0x0000000721800000, 0x0000000721800000, 0x0000000721a00000|  0%| F|  |TAMS 0x0000000721800000, 0x0000000721800000| Untracked 
| 244|0x0000000721a00000, 0x0000000721a00000, 0x0000000721c00000|  0%| F|  |TAMS 0x0000000721a00000, 0x0000000721a00000| Untracked 
| 245|0x0000000721c00000, 0x0000000721c00000, 0x0000000721e00000|  0%| F|  |TAMS 0x0000000721c00000, 0x0000000721c00000| Untracked 
| 246|0x0000000721e00000, 0x0000000721e00000, 0x0000000722000000|  0%| F|  |TAMS 0x0000000721e00000, 0x0000000721e00000| Untracked 
| 247|0x0000000722000000, 0x0000000722000000, 0x0000000722200000|  0%| F|  |TAMS 0x0000000722000000, 0x0000000722000000| Untracked 
| 248|0x0000000722200000, 0x0000000722200000, 0x0000000722400000|  0%| F|  |TAMS 0x0000000722200000, 0x0000000722200000| Untracked 
| 249|0x0000000722400000, 0x0000000722400000, 0x0000000722600000|  0%| F|  |TAMS 0x0000000722400000, 0x0000000722400000| Untracked 
| 250|0x0000000722600000, 0x0000000722600000, 0x0000000722800000|  0%| F|  |TAMS 0x0000000722600000, 0x0000000722600000| Untracked 
| 251|0x0000000722800000, 0x0000000722800000, 0x0000000722a00000|  0%| F|  |TAMS 0x0000000722800000, 0x0000000722800000| Untracked 
| 252|0x0000000722a00000, 0x0000000722a00000, 0x0000000722c00000|  0%| F|  |TAMS 0x0000000722a00000, 0x0000000722a00000| Untracked 
| 253|0x0000000722c00000, 0x0000000722c00000, 0x0000000722e00000|  0%| F|  |TAMS 0x0000000722c00000, 0x0000000722c00000| Untracked 
| 254|0x0000000722e00000, 0x0000000722e00000, 0x0000000723000000|  0%| F|  |TAMS 0x0000000722e00000, 0x0000000722e00000| Untracked 
| 255|0x0000000723000000, 0x0000000723000000, 0x0000000723200000|  0%| F|  |TAMS 0x0000000723000000, 0x0000000723000000| Untracked 
| 256|0x0000000723200000, 0x0000000723200000, 0x0000000723400000|  0%| F|  |TAMS 0x0000000723200000, 0x0000000723200000| Untracked 
| 257|0x0000000723400000, 0x0000000723400000, 0x0000000723600000|  0%| F|  |TAMS 0x0000000723400000, 0x0000000723400000| Untracked 
| 258|0x0000000723600000, 0x0000000723600000, 0x0000000723800000|  0%| F|  |TAMS 0x0000000723600000, 0x0000000723600000| Untracked 
| 259|0x0000000723800000, 0x0000000723800000, 0x0000000723a00000|  0%| F|  |TAMS 0x0000000723800000, 0x0000000723800000| Untracked 
| 260|0x0000000723a00000, 0x0000000723a00000, 0x0000000723c00000|  0%| F|  |TAMS 0x0000000723a00000, 0x0000000723a00000| Untracked 
| 261|0x0000000723c00000, 0x0000000723c00000, 0x0000000723e00000|  0%| F|  |TAMS 0x0000000723c00000, 0x0000000723c00000| Untracked 
| 262|0x0000000723e00000, 0x0000000723e00000, 0x0000000724000000|  0%| F|  |TAMS 0x0000000723e00000, 0x0000000723e00000| Untracked 
| 263|0x0000000724000000, 0x0000000724000000, 0x0000000724200000|  0%| F|  |TAMS 0x0000000724000000, 0x0000000724000000| Untracked 
| 264|0x0000000724200000, 0x0000000724200000, 0x0000000724400000|  0%| F|  |TAMS 0x0000000724200000, 0x0000000724200000| Untracked 
| 265|0x0000000724400000, 0x0000000724400000, 0x0000000724600000|  0%| F|  |TAMS 0x0000000724400000, 0x0000000724400000| Untracked 
| 266|0x0000000724600000, 0x0000000724600000, 0x0000000724800000|  0%| F|  |TAMS 0x0000000724600000, 0x0000000724600000| Untracked 
| 267|0x0000000724800000, 0x0000000724800000, 0x0000000724a00000|  0%| F|  |TAMS 0x0000000724800000, 0x0000000724800000| Untracked 
| 268|0x0000000724a00000, 0x0000000724a00000, 0x0000000724c00000|  0%| F|  |TAMS 0x0000000724a00000, 0x0000000724a00000| Untracked 
| 269|0x0000000724c00000, 0x0000000724c00000, 0x0000000724e00000|  0%| F|  |TAMS 0x0000000724c00000, 0x0000000724c00000| Untracked 
| 270|0x0000000724e00000, 0x0000000724e00000, 0x0000000725000000|  0%| F|  |TAMS 0x0000000724e00000, 0x0000000724e00000| Untracked 
| 271|0x0000000725000000, 0x0000000725000000, 0x0000000725200000|  0%| F|  |TAMS 0x0000000725000000, 0x0000000725000000| Untracked 
| 272|0x0000000725200000, 0x0000000725200000, 0x0000000725400000|  0%| F|  |TAMS 0x0000000725200000, 0x0000000725200000| Untracked 
| 273|0x0000000725400000, 0x0000000725400000, 0x0000000725600000|  0%| F|  |TAMS 0x0000000725400000, 0x0000000725400000| Untracked 
| 274|0x0000000725600000, 0x0000000725600000, 0x0000000725800000|  0%| F|  |TAMS 0x0000000725600000, 0x0000000725600000| Untracked 
| 275|0x0000000725800000, 0x0000000725800000, 0x0000000725a00000|  0%| F|  |TAMS 0x0000000725800000, 0x0000000725800000| Untracked 
| 276|0x0000000725a00000, 0x0000000725a00000, 0x0000000725c00000|  0%| F|  |TAMS 0x0000000725a00000, 0x0000000725a00000| Untracked 
| 277|0x0000000725c00000, 0x0000000725c00000, 0x0000000725e00000|  0%| F|  |TAMS 0x0000000725c00000, 0x0000000725c00000| Untracked 
| 278|0x0000000725e00000, 0x0000000725e00000, 0x0000000726000000|  0%| F|  |TAMS 0x0000000725e00000, 0x0000000725e00000| Untracked 
| 279|0x0000000726000000, 0x0000000726000000, 0x0000000726200000|  0%| F|  |TAMS 0x0000000726000000, 0x0000000726000000| Untracked 
| 280|0x0000000726200000, 0x0000000726200000, 0x0000000726400000|  0%| F|  |TAMS 0x0000000726200000, 0x0000000726200000| Untracked 
| 281|0x0000000726400000, 0x0000000726400000, 0x0000000726600000|  0%| F|  |TAMS 0x0000000726400000, 0x0000000726400000| Untracked 
| 282|0x0000000726600000, 0x0000000726600000, 0x0000000726800000|  0%| F|  |TAMS 0x0000000726600000, 0x0000000726600000| Untracked 
| 283|0x0000000726800000, 0x0000000726800000, 0x0000000726a00000|  0%| F|  |TAMS 0x0000000726800000, 0x0000000726800000| Untracked 
| 284|0x0000000726a00000, 0x0000000726a00000, 0x0000000726c00000|  0%| F|  |TAMS 0x0000000726a00000, 0x0000000726a00000| Untracked 
| 285|0x0000000726c00000, 0x0000000726c00000, 0x0000000726e00000|  0%| F|  |TAMS 0x0000000726c00000, 0x0000000726c00000| Untracked 
| 286|0x0000000726e00000, 0x0000000726e00000, 0x0000000727000000|  0%| F|  |TAMS 0x0000000726e00000, 0x0000000726e00000| Untracked 
| 287|0x0000000727000000, 0x0000000727000000, 0x0000000727200000|  0%| F|  |TAMS 0x0000000727000000, 0x0000000727000000| Untracked 
| 288|0x0000000727200000, 0x0000000727200000, 0x0000000727400000|  0%| F|  |TAMS 0x0000000727200000, 0x0000000727200000| Untracked 
| 289|0x0000000727400000, 0x0000000727400000, 0x0000000727600000|  0%| F|  |TAMS 0x0000000727400000, 0x0000000727400000| Untracked 
| 290|0x0000000727600000, 0x0000000727600000, 0x0000000727800000|  0%| F|  |TAMS 0x0000000727600000, 0x0000000727600000| Untracked 
| 291|0x0000000727800000, 0x0000000727800000, 0x0000000727a00000|  0%| F|  |TAMS 0x0000000727800000, 0x0000000727800000| Untracked 
| 292|0x0000000727a00000, 0x0000000727a00000, 0x0000000727c00000|  0%| F|  |TAMS 0x0000000727a00000, 0x0000000727a00000| Untracked 
| 293|0x0000000727c00000, 0x0000000727c00000, 0x0000000727e00000|  0%| F|  |TAMS 0x0000000727c00000, 0x0000000727c00000| Untracked 
| 294|0x0000000727e00000, 0x0000000727e00000, 0x0000000728000000|  0%| F|  |TAMS 0x0000000727e00000, 0x0000000727e00000| Untracked 
| 295|0x0000000728000000, 0x0000000728100800, 0x0000000728200000| 50%| E|  |TAMS 0x0000000728000000, 0x0000000728000000| Complete 
| 296|0x0000000728200000, 0x0000000728400000, 0x0000000728400000|100%| E|CS|TAMS 0x0000000728200000, 0x0000000728200000| Complete 
| 297|0x0000000728400000, 0x0000000728600000, 0x0000000728600000|100%| E|CS|TAMS 0x0000000728400000, 0x0000000728400000| Complete 
| 298|0x0000000728600000, 0x0000000728800000, 0x0000000728800000|100%| E|CS|TAMS 0x0000000728600000, 0x0000000728600000| Complete 
| 299|0x0000000728800000, 0x0000000728a00000, 0x0000000728a00000|100%| E|CS|TAMS 0x0000000728800000, 0x0000000728800000| Complete 
| 300|0x0000000728a00000, 0x0000000728c00000, 0x0000000728c00000|100%| E|CS|TAMS 0x0000000728a00000, 0x0000000728a00000| Complete 
| 301|0x0000000728c00000, 0x0000000728e00000, 0x0000000728e00000|100%| E|CS|TAMS 0x0000000728c00000, 0x0000000728c00000| Complete 

Card table byte_map: [0x000001a9ef390000,0x000001a9efb80000] _byte_map_base: 0x000001a9ebb77000

Marking Bits (Prev, Next): (CMBitMap*) 0x000001a9d797ae40, (CMBitMap*) 0x000001a9d797ae00
 Prev Bits: [0x000001a9f42b0000, 0x000001a9f81e8000)
 Next Bits: [0x000001a9f0370000, 0x000001a9f42a8000)

Polling page: 0x000001a9d70d0000

Metaspace:

Usage:
  Non-class:     17.90 MB used.
      Class:      2.90 MB used.
       Both:     20.80 MB used.

Virtual space:
  Non-class space:       64.00 MB reserved,      18.12 MB ( 28%) committed,  1 nodes.
      Class space:        1.00 GB reserved,       3.12 MB ( <1%) committed,  1 nodes.
             Both:        1.06 GB reserved,      21.25 MB (  2%) committed. 

Chunk freelists:
   Non-Class:  1.09 MB
       Class:  799.00 KB
        Both:  1.88 MB

MaxMetaspaceSize: unlimited
CompressedClassSpaceSize: 1.00 GB
Initial GC threshold: 21.00 MB
Current GC threshold: 33.44 MB
CDS: on
MetaspaceReclaimPolicy: balanced
 - commit_granule_bytes: 65536.
 - commit_granule_words: 8192.
 - virtual_space_node_default_size: 8388608.
 - enlarge_chunks_in_place: 1.
 - new_chunks_are_fully_committed: 0.
 - uncommit_free_chunks: 1.
 - use_allocation_guard: 0.


Internal statistics:

num_allocs_failed_limit: 0.
num_arena_births: 554.
num_arena_deaths: 0.
num_vsnodes_births: 2.
num_vsnodes_deaths: 0.
num_space_committed: 340.
num_space_uncommitted: 0.
num_chunks_returned_to_freelist: 0.
num_chunks_taken_from_freelist: 1276.
num_chunk_merges: 0.
num_chunk_splits: 842.
num_chunks_enlarged: 579.
num_inconsistent_stats: 0.

CodeHeap 'non-profiled nmethods': size=120000Kb used=2127Kb max_used=2127Kb free=117872Kb
 bounds [0x000001a9e7340000, 0x000001a9e75b0000, 0x000001a9ee870000]
CodeHeap 'profiled nmethods': size=120000Kb used=10252Kb max_used=10252Kb free=109747Kb
 bounds [0x000001a9df870000, 0x000001a9e0280000, 0x000001a9e6da0000]
CodeHeap 'non-nmethods': size=5760Kb used=1578Kb max_used=1614Kb free=4181Kb
 bounds [0x000001a9e6da0000, 0x000001a9e7010000, 0x000001a9e7340000]
 total_blobs=5535 nmethods=4681 adapters=764
 compilation: enabled
              stopped_count=0, restarted_count=0
 full_count=0

Compilation events (20 events):
Event: 24.790 Thread 0x000001a9fa4fef70 4672       4       java.util.RegularEnumSet::clear (6 bytes)
Event: 24.791 Thread 0x000001a9fa4fef70 nmethod 4672 0x000001a9e7551510 code [0x000001a9e7551680, 0x000001a9e75516f8]
Event: 24.807 Thread 0x000001a9fa4fef70 4673       4       java.lang.StrictMath::floor (12 bytes)
Event: 24.808 Thread 0x000001a9fa4fef70 nmethod 4673 0x000001a9e7551810 code [0x000001a9e75519c0, 0x000001a9e7551ab8]
Event: 24.874 Thread 0x000001a9fa4fef70 4674       4       java.util.WeakHashMap::get (75 bytes)
Event: 24.885 Thread 0x000001a9fa4fef70 nmethod 4674 0x000001a9e7551b10 code [0x000001a9e7551d40, 0x000001a9e75528c0]
Event: 24.906 Thread 0x000001a9fa4fef70 4675       4       java.util.concurrent.CountDownLatch$Sync::tryAcquireShared (13 bytes)
Event: 24.906 Thread 0x000001a9fa4fef70 nmethod 4675 0x000001a9e7553090 code [0x000001a9e7553200, 0x000001a9e7553298]
Event: 25.106 Thread 0x000001a9fa4fef70 4676       4       java.util.concurrent.locks.AbstractQueuedSynchronizer$Node::getAndUnsetStatus (14 bytes)
Event: 25.107 Thread 0x000001a9fa4fef70 nmethod 4676 0x000001a9e7553390 code [0x000001a9e7553520, 0x000001a9e75535d8]
Event: 25.300 Thread 0x000001a9fa4ff8e0 4677       3       com.sun.javafx.css.StyleCache$Key::equals (132 bytes)
Event: 25.301 Thread 0x000001a9fa4ff8e0 nmethod 4677 0x000001a9e026c890 code [0x000001a9e026caa0, 0x000001a9e026d1d8]
Event: 25.301 Thread 0x000001a9fa4ff8e0 4679       3       javafx.scene.layout.HBox::growOrShrinkAreaWidths (361 bytes)
Event: 25.305 Thread 0x000001a9fa4ff8e0 nmethod 4679 0x000001a9e026d390 code [0x000001a9e026d940, 0x000001a9e0271208]
Event: 25.305 Thread 0x000001a9fa4ff8e0 4678       3       javafx.scene.layout.Region$InsetsProperty::fireValueChanged (27 bytes)
Event: 25.305 Thread 0x000001a9fa4ff8e0 nmethod 4678 0x000001a9e0272590 code [0x000001a9e0272760, 0x000001a9e0272b28]
Event: 25.589 Thread 0x000001a9fa4fef70 4680       4       com.sun.prism.impl.BaseResourcePool::freeDisposalRequestedAndCheckResources (156 bytes)
Event: 25.593 Thread 0x000001a9fa4fef70 nmethod 4680 0x000001a9e7553690 code [0x000001a9e7553820, 0x000001a9e7553af8]
Event: 25.837 Thread 0x000001a9fa4ff8e0 4681       3       java.util.ArrayList::remove (26 bytes)
Event: 25.837 Thread 0x000001a9fa4ff8e0 nmethod 4681 0x000001a9e0272c90 code [0x000001a9e0272e40, 0x000001a9e0273068]

GC Heap History (20 events):
Event: 4.772 GC heap before
{Heap before GC invocations=3 (full 0):
 garbage-first heap   total 260096K, used 138144K [0x0000000703200000, 0x0000000800000000)
  region size 2048K, 6 young (12288K), 4 survivors (8192K)
 Metaspace       used 20048K, committed 20544K, reserved 1114112K
  class space    used 2886K, committed 3136K, reserved 1048576K
}
Event: 4.775 GC heap after
{Heap after GC invocations=4 (full 0):
 garbage-first heap   total 260096K, used 136051K [0x0000000703200000, 0x0000000800000000)
  region size 2048K, 4 young (8192K), 4 survivors (8192K)
 Metaspace       used 20048K, committed 20544K, reserved 1114112K
  class space    used 2886K, committed 3136K, reserved 1048576K
}
Event: 4.794 GC heap before
{Heap before GC invocations=5 (full 0):
 garbage-first heap   total 260096K, used 138099K [0x0000000703200000, 0x0000000800000000)
  region size 2048K, 5 young (10240K), 4 survivors (8192K)
 Metaspace       used 20048K, committed 20544K, reserved 1114112K
  class space    used 2886K, committed 3136K, reserved 1048576K
}
Event: 4.798 GC heap after
{Heap after GC invocations=6 (full 0):
 garbage-first heap   total 260096K, used 138310K [0x0000000703200000, 0x0000000800000000)
  region size 2048K, 2 young (4096K), 2 survivors (4096K)
 Metaspace       used 20048K, committed 20544K, reserved 1114112K
  class space    used 2886K, committed 3136K, reserved 1048576K
}
Event: 4.816 GC heap before
{Heap before GC invocations=7 (full 0):
 garbage-first heap   total 260096K, used 140358K [0x0000000703200000, 0x0000000800000000)
  region size 2048K, 3 young (6144K), 2 survivors (4096K)
 Metaspace       used 20048K, committed 20544K, reserved 1114112K
  class space    used 2886K, committed 3136K, reserved 1048576K
}
Event: 4.818 GC heap after
{Heap after GC invocations=8 (full 0):
 garbage-first heap   total 260096K, used 140025K [0x0000000703200000, 0x0000000800000000)
  region size 2048K, 2 young (4096K), 2 survivors (4096K)
 Metaspace       used 20048K, committed 20544K, reserved 1114112K
  class space    used 2886K, committed 3136K, reserved 1048576K
}
Event: 4.835 GC heap before
{Heap before GC invocations=9 (full 0):
 garbage-first heap   total 260096K, used 142073K [0x0000000703200000, 0x0000000800000000)
  region size 2048K, 3 young (6144K), 2 survivors (4096K)
 Metaspace       used 20048K, committed 20544K, reserved 1114112K
  class space    used 2886K, committed 3136K, reserved 1048576K
}
Event: 4.837 GC heap after
{Heap after GC invocations=10 (full 0):
 garbage-first heap   total 260096K, used 142103K [0x0000000703200000, 0x0000000800000000)
  region size 2048K, 2 young (4096K), 2 survivors (4096K)
 Metaspace       used 20048K, committed 20544K, reserved 1114112K
  class space    used 2886K, committed 3136K, reserved 1048576K
}
Event: 4.856 GC heap before
{Heap before GC invocations=11 (full 0):
 garbage-first heap   total 260096K, used 144151K [0x0000000703200000, 0x0000000800000000)
  region size 2048K, 3 young (6144K), 2 survivors (4096K)
 Metaspace       used 20048K, committed 20544K, reserved 1114112K
  class space    used 2886K, committed 3136K, reserved 1048576K
}
Event: 4.858 GC heap after
{Heap after GC invocations=12 (full 0):
 garbage-first heap   total 260096K, used 144041K [0x0000000703200000, 0x0000000800000000)
  region size 2048K, 2 young (4096K), 2 survivors (4096K)
 Metaspace       used 20048K, committed 20544K, reserved 1114112K
  class space    used 2886K, committed 3136K, reserved 1048576K
}
Event: 4.876 GC heap before
{Heap before GC invocations=13 (full 0):
 garbage-first heap   total 260096K, used 146089K [0x0000000703200000, 0x0000000800000000)
  region size 2048K, 3 young (6144K), 2 survivors (4096K)
 Metaspace       used 20048K, committed 20544K, reserved 1114112K
  class space    used 2886K, committed 3136K, reserved 1048576K
}
Event: 4.878 GC heap after
{Heap after GC invocations=14 (full 0):
 garbage-first heap   total 356352K, used 146078K [0x0000000703200000, 0x0000000800000000)
  region size 2048K, 2 young (4096K), 2 survivors (4096K)
 Metaspace       used 20048K, committed 20544K, reserved 1114112K
  class space    used 2886K, committed 3136K, reserved 1048576K
}
Event: 5.011 GC heap before
{Heap before GC invocations=14 (full 0):
 garbage-first heap   total 356352K, used 160414K [0x0000000703200000, 0x0000000800000000)
  region size 2048K, 3 young (6144K), 2 survivors (4096K)
 Metaspace       used 20048K, committed 20544K, reserved 1114112K
  class space    used 2886K, committed 3136K, reserved 1048576K
}
Event: 5.014 GC heap after
{Heap after GC invocations=15 (full 0):
 garbage-first heap   total 356352K, used 160525K [0x0000000703200000, 0x0000000800000000)
  region size 2048K, 2 young (4096K), 2 survivors (4096K)
 Metaspace       used 20048K, committed 20544K, reserved 1114112K
  class space    used 2886K, committed 3136K, reserved 1048576K
}
Event: 5.036 GC heap before
{Heap before GC invocations=15 (full 0):
 garbage-first heap   total 356352K, used 162573K [0x0000000703200000, 0x0000000800000000)
  region size 2048K, 3 young (6144K), 2 survivors (4096K)
 Metaspace       used 20048K, committed 20544K, reserved 1114112K
  class space    used 2886K, committed 3136K, reserved 1048576K
}
Event: 5.040 GC heap after
{Heap after GC invocations=16 (full 0):
 garbage-first heap   total 356352K, used 162577K [0x0000000703200000, 0x0000000800000000)
  region size 2048K, 2 young (4096K), 2 survivors (4096K)
 Metaspace       used 20048K, committed 20544K, reserved 1114112K
  class space    used 2886K, committed 3136K, reserved 1048576K
}
Event: 5.062 GC heap before
{Heap before GC invocations=17 (full 0):
 garbage-first heap   total 356352K, used 164625K [0x0000000703200000, 0x0000000800000000)
  region size 2048K, 3 young (6144K), 2 survivors (4096K)
 Metaspace       used 20048K, committed 20544K, reserved 1114112K
  class space    used 2886K, committed 3136K, reserved 1048576K
}
Event: 5.065 GC heap after
{Heap after GC invocations=18 (full 0):
 garbage-first heap   total 356352K, used 164684K [0x0000000703200000, 0x0000000800000000)
  region size 2048K, 2 young (4096K), 2 survivors (4096K)
 Metaspace       used 20048K, committed 20544K, reserved 1114112K
  class space    used 2886K, committed 3136K, reserved 1048576K
}
Event: 5.086 GC heap before
{Heap before GC invocations=19 (full 0):
 garbage-first heap   total 356352K, used 166732K [0x0000000703200000, 0x0000000800000000)
  region size 2048K, 3 young (6144K), 2 survivors (4096K)
 Metaspace       used 20048K, committed 20544K, reserved 1114112K
  class space    used 2886K, committed 3136K, reserved 1048576K
}
Event: 5.090 GC heap after
{Heap after GC invocations=20 (full 0):
 garbage-first heap   total 618496K, used 166676K [0x0000000703200000, 0x0000000800000000)
  region size 2048K, 2 young (4096K), 2 survivors (4096K)
 Metaspace       used 20048K, committed 20544K, reserved 1114112K
  class space    used 2886K, committed 3136K, reserved 1048576K
}

Dll operation events (20 events):
Event: 0.317 Loaded shared library C:\Users\figio\.openjfx\cache\19+11\amd64\api-ms-win-crt-math-l1-1-0.dll
Event: 0.320 Loaded shared library C:\Users\figio\.openjfx\cache\19+11\amd64\api-ms-win-crt-multibyte-l1-1-0.dll
Event: 0.323 Loaded shared library C:\Users\figio\.openjfx\cache\19+11\amd64\api-ms-win-crt-private-l1-1-0.dll
Event: 0.327 Loaded shared library C:\Users\figio\.openjfx\cache\19+11\amd64\api-ms-win-crt-process-l1-1-0.dll
Event: 0.330 Loaded shared library C:\Users\figio\.openjfx\cache\19+11\amd64\api-ms-win-crt-runtime-l1-1-0.dll
Event: 0.333 Loaded shared library C:\Users\figio\.openjfx\cache\19+11\amd64\api-ms-win-crt-stdio-l1-1-0.dll
Event: 0.336 Loaded shared library C:\Users\figio\.openjfx\cache\19+11\amd64\api-ms-win-crt-string-l1-1-0.dll
Event: 0.340 Loaded shared library C:\Users\figio\.openjfx\cache\19+11\amd64\api-ms-win-crt-time-l1-1-0.dll
Event: 0.343 Loaded shared library C:\Users\figio\.openjfx\cache\19+11\amd64\api-ms-win-crt-utility-l1-1-0.dll
Event: 0.356 Loaded shared library C:\Users\figio\.openjfx\cache\19+11\amd64\ucrtbase.dll
Event: 0.359 Loaded shared library C:\Users\figio\.openjfx\cache\19+11\amd64\vcruntime140.dll
Event: 0.362 Loaded shared library C:\Users\figio\.openjfx\cache\19+11\amd64\vcruntime140_1.dll
Event: 0.368 Loaded shared library C:\Users\figio\.openjfx\cache\19+11\amd64\msvcp140.dll
Event: 0.371 Loaded shared library C:\Users\figio\.openjfx\cache\19+11\amd64\msvcp140_1.dll
Event: 0.375 Loaded shared library C:\Users\figio\.openjfx\cache\19+11\amd64\msvcp140_2.dll
Event: 0.405 Loaded shared library C:\Users\figio\.openjfx\cache\19+11\amd64\prism_d3d.dll
Event: 0.433 Loaded shared library C:\Users\figio\.openjfx\cache\19+11\amd64\glass.dll
Event: 0.629 Loaded shared library C:\Users\figio\.openjfx\cache\19+11\amd64\javafx_font.dll
Event: 0.857 Loaded shared library C:\Users\figio\.openjfx\cache\19+11\amd64\javafx_iio.dll
Event: 3.553 Loaded shared library C:\Program Files\Java\jdk-19\bin\rmi.dll

Deoptimization events (20 events):
Event: 13.041 Thread 0x000001a9ff842b10 DEOPT PACKING pc=0x000001a9e74dbcb0 sp=0x000000353fcfe7d0
Event: 13.041 Thread 0x000001a9ff842b10 DEOPT UNPACKING pc=0x000001a9e6e0a5a3 sp=0x000000353fcfe768 mode 2
Event: 13.291 Thread 0x000001a9ff842b10 Uncommon trap: trap_request=0xffffff45 fr.pc=0x000001a9e74e3474 relative=0x0000000000000214
Event: 13.291 Thread 0x000001a9ff842b10 Uncommon trap: reason=unstable_if action=reinterpret pc=0x000001a9e74e3474 method=com.sun.javafx.sg.prism.NGGroup.clearDirty()V @ 8 c2
Event: 13.291 Thread 0x000001a9ff842b10 DEOPT PACKING pc=0x000001a9e74e3474 sp=0x000000353fcff1f0
Event: 13.291 Thread 0x000001a9ff842b10 DEOPT UNPACKING pc=0x000001a9e6e0a5a3 sp=0x000000353fcff160 mode 2
Event: 15.777 Thread 0x000001a9ff842b10 DEOPT PACKING pc=0x000001a9dfd3bcca sp=0x000000353fcfe0f0
Event: 15.777 Thread 0x000001a9ff842b10 DEOPT UNPACKING pc=0x000001a9e6e0b0e3 sp=0x000000353fcfd528 mode 0
Event: 16.324 Thread 0x000001a9ffb4ede0 DEOPT PACKING pc=0x000001a9dfe6fcf2 sp=0x000000353fefd6b0
Event: 16.324 Thread 0x000001a9ffb4ede0 DEOPT UNPACKING pc=0x000001a9e6e0b0e3 sp=0x000000353fefcba0 mode 0
Event: 25.589 Thread 0x000001a9ff842b10 DEOPT PACKING pc=0x000001a9e01151f2 sp=0x000000353fcfefd0
Event: 25.589 Thread 0x000001a9ff842b10 DEOPT UNPACKING pc=0x000001a9e6e0b0e3 sp=0x000000353fcfe488 mode 0
Event: 25.854 Thread 0x000001a98477fbc0 Uncommon trap: trap_request=0xffffff45 fr.pc=0x000001a9e7397214 relative=0x0000000000000174
Event: 25.854 Thread 0x000001a98477fbc0 Uncommon trap: reason=unstable_if action=reinterpret pc=0x000001a9e7397214 method=java.util.concurrent.locks.ReentrantLock$NonfairSync.initialTryLock()Z @ 25 c2
Event: 25.854 Thread 0x000001a98477fbc0 DEOPT PACKING pc=0x000001a9e7397214 sp=0x00000035419ff140
Event: 25.854 Thread 0x000001a98477fbc0 DEOPT UNPACKING pc=0x000001a9e6e0a5a3 sp=0x00000035419ff028 mode 2
Event: 25.854 Thread 0x000001a98477fbc0 Uncommon trap: trap_request=0xffffff45 fr.pc=0x000001a9e7397638 relative=0x0000000000000118
Event: 25.854 Thread 0x000001a98477fbc0 Uncommon trap: reason=unstable_if action=reinterpret pc=0x000001a9e7397638 method=java.util.concurrent.locks.ReentrantLock$Sync.tryRelease(I)Z @ 26 c2
Event: 25.854 Thread 0x000001a98477fbc0 DEOPT PACKING pc=0x000001a9e7397638 sp=0x00000035419ff130
Event: 25.854 Thread 0x000001a98477fbc0 DEOPT UNPACKING pc=0x000001a9e6e0a5a3 sp=0x00000035419ff020 mode 2

Classes loaded (20 events):
Event: 5.154 Loading class java/text/BreakIterator
Event: 5.155 Loading class java/text/BreakIterator done
Event: 5.155 Loading class sun/util/locale/provider/BreakIteratorProviderImpl
Event: 5.155 Loading class sun/util/locale/provider/BreakIteratorProviderImpl done
Event: 5.156 Loading class sun/text/resources/BreakIteratorInfo
Event: 5.156 Loading class sun/text/resources/BreakIteratorInfo done
Event: 5.156 Loading class sun/text/resources/BreakIteratorResources
Event: 5.156 Loading class sun/util/resources/BreakIteratorResourceBundle
Event: 5.156 Loading class sun/util/resources/BreakIteratorResourceBundle done
Event: 5.156 Loading class sun/text/resources/BreakIteratorResources done
Event: 5.156 Loading class sun/text/RuleBasedBreakIterator
Event: 5.157 Loading class sun/text/RuleBasedBreakIterator done
Event: 5.157 Loading class sun/text/CompactByteArray
Event: 5.157 Loading class sun/text/CompactByteArray done
Event: 5.157 Loading class sun/text/SupplementaryCharacterData
Event: 5.157 Loading class sun/text/SupplementaryCharacterData done
Event: 5.157 Loading class java/text/BreakIterator$BreakIteratorCache
Event: 5.157 Loading class java/text/BreakIterator$BreakIteratorCache done
Event: 18.574 Loading class java/util/ArrayList$ListItr
Event: 18.574 Loading class java/util/ArrayList$ListItr done

Classes unloaded (0 events):
No events

Classes redefined (0 events):
No events

Internal exceptions (20 events):
Event: 4.908 Thread 0x000001a9ffb4ede0 Exception <a 'java/io/FileNotFoundException'{0x0000000718c10290}> (0x0000000718c10290) 
thrown [s\open\src\hotspot\share\prims\jni.cpp, line 517]
Event: 4.929 Thread 0x000001a9ffb4ede0 Exception <a 'java/io/FileNotFoundException'{0x0000000718c1a9c8}> (0x0000000718c1a9c8) 
thrown [s\open\src\hotspot\share\prims\jni.cpp, line 517]
Event: 4.947 Thread 0x000001a9ffb4ede0 Exception <a 'java/io/FileNotFoundException'{0x0000000718c247d0}> (0x0000000718c247d0) 
thrown [s\open\src\hotspot\share\prims\jni.cpp, line 517]
Event: 4.962 Thread 0x000001a9ffb4ede0 Exception <a 'java/io/FileNotFoundException'{0x0000000718c2e198}> (0x0000000718c2e198) 
thrown [s\open\src\hotspot\share\prims\jni.cpp, line 517]
Event: 4.981 Thread 0x000001a9ffb4ede0 Exception <a 'java/io/FileNotFoundException'{0x0000000718c379b0}> (0x0000000718c379b0) 
thrown [s\open\src\hotspot\share\prims\jni.cpp, line 517]
Event: 5.010 Thread 0x000001a9ffb4ede0 Exception <a 'java/io/FileNotFoundException'{0x0000000718c411c8}> (0x0000000718c411c8) 
thrown [s\open\src\hotspot\share\prims\jni.cpp, line 517]
Event: 5.036 Thread 0x000001a9ffb4ede0 Exception <a 'java/io/FileNotFoundException'{0x0000000718c06af8}> (0x0000000718c06af8) 
thrown [s\open\src\hotspot\share\prims\jni.cpp, line 517]
Event: 5.062 Thread 0x000001a9ffb4ede0 Exception <a 'java/io/FileNotFoundException'{0x0000000718c06a78}> (0x0000000718c06a78) 
thrown [s\open\src\hotspot\share\prims\jni.cpp, line 517]
Event: 5.086 Thread 0x000001a9ffb4ede0 Exception <a 'java/io/FileNotFoundException'{0x0000000718c0bc88}> (0x0000000718c0bc88) 
thrown [s\open\src\hotspot\share\prims\jni.cpp, line 517]
Event: 5.110 Thread 0x000001a9ffb4ede0 Exception <a 'java/io/FileNotFoundException'{0x0000000728c09fc8}> (0x0000000728c09fc8) 
thrown [s\open\src\hotspot\share\prims\jni.cpp, line 517]
Event: 5.112 Thread 0x000001a9ffb4ede0 Exception <a 'java/io/FileNotFoundException'{0x0000000728c5c6c0}> (0x0000000728c5c6c0) 
thrown [s\open\src\hotspot\share\prims\jni.cpp, line 517]
Event: 5.147 Thread 0x000001a9ffb4ede0 Exception <a 'java/io/FileNotFoundException'{0x0000000728c7e940}> (0x0000000728c7e940) 
thrown [s\open\src\hotspot\share\prims\jni.cpp, line 517]
Event: 12.128 Thread 0x000001a984786b50 Exception <a 'java/lang/NoSuchMethodError'{0x0000000728612068}: static Lit/polimi/ingsw/Network/Messages/MessageLibrary;.<clinit>()V> (0x0000000728612068) 
thrown [s\open\src\hotspot\share\prims\jni.cpp, line 1107]
Event: 12.137 Thread 0x000001a984786b50 Exception <a 'java/lang/NoSuchMethodError'{0x0000000728624220}: static Lit/polimi/ingsw/Network/Messages/MessageGrid;.<clinit>()V> (0x0000000728624220) 
thrown [s\open\src\hotspot\share\prims\jni.cpp, line 1107]
Event: 12.146 Thread 0x000001a984786b50 Exception <a 'java/lang/NoSuchMethodError'{0x0000000728638ba8}: static Lit/polimi/ingsw/Network/Messages/MessageMove;.<clinit>()V> (0x0000000728638ba8) 
thrown [s\open\src\hotspot\share\prims\jni.cpp, line 1107]
Event: 12.246 Thread 0x000001a984783b80 Exception <a 'java/lang/NoSuchMethodError'{0x0000000728806c58}: 'java.lang.Object java.lang.invoke.DirectMethodHandle$Holder.newInvokeSpecial(java.lang.Object, java.lang.Object, java.lang.Object, java.lang.Object, java.lang.Object, java.lang.Object)'> (0x0000000728806c58) 
thrown [s\open\src\hotspot\share\interpreter\linkResolver.cpp, line 774]
Event: 12.275 Thread 0x000001a9ffb4ede0 Exception <a 'java/lang/NoSuchMethodError'{0x0000000728ae9148}: 'java.lang.Object java.lang.invoke.DirectMethodHandle$Holder.newInvokeSpecial(java.lang.Object, java.lang.Object, java.lang.Object, int, java.lang.Object, java.lang.Object)'> (0x0000000728ae9148) 
thrown [s\open\src\hotspot\share\interpreter\linkResolver.cpp, line 774]
Event: 19.109 Thread 0x000001a984786b50 Exception <a 'java/lang/NoSuchMethodError'{0x0000000728206cf8}: static Lit/polimi/ingsw/Network/Messages/ErrorMessage;.<clinit>()V> (0x0000000728206cf8) 
thrown [s\open\src\hotspot\share\prims\jni.cpp, line 1107]
Event: 19.278 Thread 0x000001a9ffb4ede0 Exception <a 'java/io/FileNotFoundException'{0x00000007284ac5c8}> (0x00000007284ac5c8) 
thrown [s\open\src\hotspot\share\prims\jni.cpp, line 517]
Event: 19.303 Thread 0x000001a9ffb4ede0 Exception <a 'java/io/FileNotFoundException'{0x00000007284e1690}> (0x00000007284e1690) 
thrown [s\open\src\hotspot\share\prims\jni.cpp, line 517]

VM Operations (20 events):
Event: 15.420 Executing VM operation: Cleanup done
Event: 17.421 Executing VM operation: Cleanup
Event: 17.422 Executing VM operation: Cleanup done
Event: 18.422 Executing VM operation: Cleanup
Event: 18.422 Executing VM operation: Cleanup done
Event: 18.575 Executing VM operation: HandshakeAllThreads
Event: 18.575 Executing VM operation: HandshakeAllThreads done
Event: 19.575 Executing VM operation: Cleanup
Event: 19.575 Executing VM operation: Cleanup done
Event: 21.576 Executing VM operation: Cleanup
Event: 21.576 Executing VM operation: Cleanup done
Event: 22.577 Executing VM operation: Cleanup
Event: 22.577 Executing VM operation: Cleanup done
Event: 23.578 Executing VM operation: Cleanup
Event: 23.578 Executing VM operation: Cleanup done
Event: 24.578 Executing VM operation: Cleanup
Event: 24.579 Executing VM operation: Cleanup done
Event: 25.579 Executing VM operation: Cleanup
Event: 25.579 Executing VM operation: Cleanup done
Event: 25.854 Executing VM operation: Exit

Events (20 events):
Event: 4.399 Thread 0x000001a98452c880 Thread exited: 0x000001a98452c880
Event: 4.929 Thread 0x000001a984849430 Thread exited: 0x000001a984849430
Event: 5.162 Thread 0x000001a984849430 Thread added: 0x000001a984849430
Event: 5.275 Thread 0x000001a984849430 Thread exited: 0x000001a984849430
Event: 6.622 Thread 0x000001a984780110 Thread exited: 0x000001a984780110
Event: 6.622 Thread 0x000001a9847840d0 Thread added: 0x000001a9847840d0
Event: 9.633 Thread 0x000001a984781ba0 Thread added: 0x000001a984781ba0
Event: 9.633 Thread 0x000001a9847840d0 Thread exited: 0x000001a9847840d0
Event: 12.643 Thread 0x000001a9847820f0 Thread added: 0x000001a9847820f0
Event: 12.643 Thread 0x000001a984781ba0 Thread exited: 0x000001a984781ba0
Event: 15.653 Thread 0x000001a984782b90 Thread added: 0x000001a984782b90
Event: 15.653 Thread 0x000001a9847820f0 Thread exited: 0x000001a9847820f0
Event: 18.662 Thread 0x000001a9847830e0 Thread added: 0x000001a9847830e0
Event: 18.662 Thread 0x000001a984782b90 Thread exited: 0x000001a984782b90
Event: 19.266 Thread 0x000001a9847830e0 Thread exited: 0x000001a9847830e0
Event: 25.853 Thread 0x000001a984782b90 Thread added: 0x000001a984782b90
Event: 25.853 Thread 0x000001a98477fbc0 Thread added: 0x000001a98477fbc0
Event: 25.854 Thread 0x000001a984782b90 Thread exited: 0x000001a984782b90
Event: 25.854 Thread 0x000001a98477fbc0 Thread exited: 0x000001a98477fbc0
Event: 25.854 Thread 0x000001a9fa4f2d90 Thread exited: 0x000001a9fa4f2d90


Dynamic libraries:
0x00007ff7fcd50000 - 0x00007ff7fcd60000 	C:\Program Files\Java\jdk-19\bin\java.exe
0x00007ff9a2ef0000 - 0x00007ff9a3104000 	C:\WINDOWS\SYSTEM32\ntdll.dll
0x00007ff9a2030000 - 0x00007ff9a20f2000 	C:\WINDOWS\System32\KERNEL32.DLL
0x00007ff9a08c0000 - 0x00007ff9a0c63000 	C:\WINDOWS\System32\KERNELBASE.dll
0x00007ff9a0680000 - 0x00007ff9a0791000 	C:\WINDOWS\System32\ucrtbase.dll
0x00007ff98ed90000 - 0x00007ff98eda8000 	C:\Program Files\Java\jdk-19\bin\jli.dll
0x00007ff98a710000 - 0x00007ff98a72b000 	C:\Program Files\Java\jdk-19\bin\VCRUNTIME140.dll
0x00007ff9a0e50000 - 0x00007ff9a0efe000 	C:\WINDOWS\System32\ADVAPI32.dll
0x00007ff9a2590000 - 0x00007ff9a2637000 	C:\WINDOWS\System32\msvcrt.dll
0x00007ff9a1dc0000 - 0x00007ff9a1e64000 	C:\WINDOWS\System32\sechost.dll
0x00007ff9a1e70000 - 0x00007ff9a1f87000 	C:\WINDOWS\System32\RPCRT4.dll
0x00007ff9a2c80000 - 0x00007ff9a2e2b000 	C:\WINDOWS\System32\USER32.dll
0x00007ff9a0380000 - 0x00007ff9a03a6000 	C:\WINDOWS\System32\win32u.dll
0x00007ff982b30000 - 0x00007ff982dbe000 	C:\WINDOWS\WinSxS\amd64_microsoft.windows.common-controls_6595b64144ccf1df_6.0.22621.1635_none_270f70857386168e\COMCTL32.dll
0x00007ff9a2230000 - 0x00007ff9a2259000 	C:\WINDOWS\System32\GDI32.dll
0x00007ff9a07a0000 - 0x00007ff9a08b8000 	C:\WINDOWS\System32\gdi32full.dll
0x00007ff9a03b0000 - 0x00007ff9a044a000 	C:\WINDOWS\System32\msvcp_win.dll
0x00007ff9956d0000 - 0x00007ff9956da000 	C:\WINDOWS\SYSTEM32\VERSION.dll
0x00007ff9a1ff0000 - 0x00007ff9a2021000 	C:\WINDOWS\System32\IMM32.DLL
0x00007ff98f110000 - 0x00007ff98f11c000 	C:\Program Files\Java\jdk-19\bin\vcruntime140_1.dll
0x00007ff96f830000 - 0x00007ff96f8be000 	C:\Program Files\Java\jdk-19\bin\msvcp140.dll
0x00007ff932f20000 - 0x00007ff933be0000 	C:\Program Files\Java\jdk-19\bin\server\jvm.dll
0x00007ff969780000 - 0x00007ff969789000 	C:\WINDOWS\SYSTEM32\WSOCK32.dll
0x00007ff98ecf0000 - 0x00007ff98ed24000 	C:\WINDOWS\SYSTEM32\WINMM.dll
0x00007ff9a1b00000 - 0x00007ff9a1b71000 	C:\WINDOWS\System32\WS2_32.dll
0x00007ff99f430000 - 0x00007ff99f448000 	C:\WINDOWS\SYSTEM32\kernel.appcore.dll
0x00007ff98ed80000 - 0x00007ff98ed8a000 	C:\Program Files\Java\jdk-19\bin\jimage.dll
0x00007ff99dac0000 - 0x00007ff99dcee000 	C:\WINDOWS\SYSTEM32\DBGHELP.DLL
0x00007ff9a0f00000 - 0x00007ff9a1289000 	C:\WINDOWS\System32\combase.dll
0x00007ff9a0cf0000 - 0x00007ff9a0dc7000 	C:\WINDOWS\System32\OLEAUT32.dll
0x00007ff984b20000 - 0x00007ff984b52000 	C:\WINDOWS\SYSTEM32\dbgcore.DLL
0x00007ff9a0c70000 - 0x00007ff9a0ceb000 	C:\WINDOWS\System32\bcryptPrimitives.dll
0x00007ff96f680000 - 0x00007ff96f68e000 	C:\Program Files\Java\jdk-19\bin\instrument.dll
0x00007ff989ff0000 - 0x00007ff98a016000 	C:\Program Files\Java\jdk-19\bin\java.dll
0x00007ff96d390000 - 0x00007ff96d467000 	C:\Program Files\Java\jdk-19\bin\jsvml.dll
0x00007ff9a1300000 - 0x00007ff9a1afa000 	C:\WINDOWS\System32\SHELL32.dll
0x00007ff99e2c0000 - 0x00007ff99eb8e000 	C:\WINDOWS\SYSTEM32\windows.storage.dll
0x00007ff99e180000 - 0x00007ff99e2be000 	C:\WINDOWS\SYSTEM32\wintypes.dll
0x00007ff9a2100000 - 0x00007ff9a21f1000 	C:\WINDOWS\System32\SHCORE.dll
0x00007ff9a2e50000 - 0x00007ff9a2eae000 	C:\WINDOWS\System32\shlwapi.dll
0x00007ff9a0240000 - 0x00007ff9a0261000 	C:\WINDOWS\SYSTEM32\profapi.dll
0x00007ff97ab10000 - 0x00007ff97ab28000 	C:\Program Files\Java\jdk-19\bin\zip.dll
0x00007ff989fd0000 - 0x00007ff989fe3000 	C:\Program Files\Java\jdk-19\bin\net.dll
0x00007ff995710000 - 0x00007ff995847000 	C:\WINDOWS\SYSTEM32\WINHTTP.dll
0x00007ff99f8c0000 - 0x00007ff99f929000 	C:\WINDOWS\system32\mswsock.dll
0x00007ff9889e0000 - 0x00007ff9889f6000 	C:\Program Files\Java\jdk-19\bin\nio.dll
0x00007ff967300000 - 0x00007ff96731a000 	C:\Program Files\JetBrains\IntelliJ IDEA 2023.1.2\bin\breakgen64.dll
0x00007ff98b470000 - 0x00007ff98b478000 	C:\Program Files\Java\jdk-19\bin\extnet.dll
0x000001a9fadd0000 - 0x000001a9fadd3000 	C:\Users\figio\.openjfx\cache\19+11\amd64\api-ms-win-core-console-l1-1-0.dll
0x000001a9fade0000 - 0x000001a9fade3000 	C:\Users\figio\.openjfx\cache\19+11\amd64\api-ms-win-core-console-l1-2-0.dll
0x000001a9fadf0000 - 0x000001a9fadf3000 	C:\Users\figio\.openjfx\cache\19+11\amd64\api-ms-win-core-datetime-l1-1-0.dll
0x000001a9fae00000 - 0x000001a9fae03000 	C:\Users\figio\.openjfx\cache\19+11\amd64\api-ms-win-core-debug-l1-1-0.dll
0x000001a9fae10000 - 0x000001a9fae13000 	C:\Users\figio\.openjfx\cache\19+11\amd64\api-ms-win-core-errorhandling-l1-1-0.dll
0x000001a9fae20000 - 0x000001a9fae24000 	C:\Users\figio\.openjfx\cache\19+11\amd64\api-ms-win-core-file-l1-1-0.dll
0x000001a9fae30000 - 0x000001a9fae33000 	C:\Users\figio\.openjfx\cache\19+11\amd64\api-ms-win-core-file-l1-2-0.dll
0x000001a9fae40000 - 0x000001a9fae43000 	C:\Users\figio\.openjfx\cache\19+11\amd64\api-ms-win-core-file-l2-1-0.dll
0x000001a9fae50000 - 0x000001a9fae53000 	C:\Users\figio\.openjfx\cache\19+11\amd64\api-ms-win-core-handle-l1-1-0.dll
0x000001a9fae60000 - 0x000001a9fae63000 	C:\Users\figio\.openjfx\cache\19+11\amd64\api-ms-win-core-heap-l1-1-0.dll
0x000001a9fae70000 - 0x000001a9fae73000 	C:\Users\figio\.openjfx\cache\19+11\amd64\api-ms-win-core-interlocked-l1-1-0.dll
0x000001a9fae80000 - 0x000001a9fae83000 	C:\Users\figio\.openjfx\cache\19+11\amd64\api-ms-win-core-libraryloader-l1-1-0.dll
0x000001a9fae90000 - 0x000001a9fae93000 	C:\Users\figio\.openjfx\cache\19+11\amd64\api-ms-win-core-localization-l1-2-0.dll
0x000001a9faea0000 - 0x000001a9faea3000 	C:\Users\figio\.openjfx\cache\19+11\amd64\api-ms-win-core-memory-l1-1-0.dll
0x000001a9faeb0000 - 0x000001a9faeb3000 	C:\Users\figio\.openjfx\cache\19+11\amd64\api-ms-win-core-namedpipe-l1-1-0.dll
0x000001a9faec0000 - 0x000001a9faec3000 	C:\Users\figio\.openjfx\cache\19+11\amd64\api-ms-win-core-processenvironment-l1-1-0.dll
0x000001a9faed0000 - 0x000001a9faed3000 	C:\Users\figio\.openjfx\cache\19+11\amd64\api-ms-win-core-processthreads-l1-1-0.dll
0x000001a9faee0000 - 0x000001a9faee3000 	C:\Users\figio\.openjfx\cache\19+11\amd64\api-ms-win-core-processthreads-l1-1-1.dll
0x000001a9faef0000 - 0x000001a9faef3000 	C:\Users\figio\.openjfx\cache\19+11\amd64\api-ms-win-core-profile-l1-1-0.dll
0x000001a9faf00000 - 0x000001a9faf03000 	C:\Users\figio\.openjfx\cache\19+11\amd64\api-ms-win-core-rtlsupport-l1-1-0.dll
0x000001a9faf10000 - 0x000001a9faf13000 	C:\Users\figio\.openjfx\cache\19+11\amd64\api-ms-win-core-string-l1-1-0.dll
0x000001a9faf20000 - 0x000001a9faf23000 	C:\Users\figio\.openjfx\cache\19+11\amd64\api-ms-win-core-synch-l1-1-0.dll
0x000001a9faf30000 - 0x000001a9faf33000 	C:\Users\figio\.openjfx\cache\19+11\amd64\api-ms-win-core-synch-l1-2-0.dll
0x000001a9faf40000 - 0x000001a9faf43000 	C:\Users\figio\.openjfx\cache\19+11\amd64\api-ms-win-core-sysinfo-l1-1-0.dll
0x000001a9faf50000 - 0x000001a9faf53000 	C:\Users\figio\.openjfx\cache\19+11\amd64\api-ms-win-core-timezone-l1-1-0.dll
0x000001a9faf60000 - 0x000001a9faf63000 	C:\Users\figio\.openjfx\cache\19+11\amd64\api-ms-win-core-util-l1-1-0.dll
0x000001a9faf70000 - 0x000001a9faf73000 	C:\Users\figio\.openjfx\cache\19+11\amd64\api-ms-win-crt-conio-l1-1-0.dll
0x000001a9faf80000 - 0x000001a9faf84000 	C:\Users\figio\.openjfx\cache\19+11\amd64\api-ms-win-crt-convert-l1-1-0.dll
0x000001a9faf90000 - 0x000001a9faf93000 	C:\Users\figio\.openjfx\cache\19+11\amd64\api-ms-win-crt-environment-l1-1-0.dll
0x000001a9fafa0000 - 0x000001a9fafa3000 	C:\Users\figio\.openjfx\cache\19+11\amd64\api-ms-win-crt-filesystem-l1-1-0.dll
0x000001a9fafb0000 - 0x000001a9fafb3000 	C:\Users\figio\.openjfx\cache\19+11\amd64\api-ms-win-crt-heap-l1-1-0.dll
0x000001a9fafc0000 - 0x000001a9fafc3000 	C:\Users\figio\.openjfx\cache\19+11\amd64\api-ms-win-crt-locale-l1-1-0.dll
0x000001a9fafd0000 - 0x000001a9fafd5000 	C:\Users\figio\.openjfx\cache\19+11\amd64\api-ms-win-crt-math-l1-1-0.dll
0x000001a9fafe0000 - 0x000001a9fafe5000 	C:\Users\figio\.openjfx\cache\19+11\amd64\api-ms-win-crt-multibyte-l1-1-0.dll
0x000001a9faff0000 - 0x000001a9fb000000 	C:\Users\figio\.openjfx\cache\19+11\amd64\api-ms-win-crt-private-l1-1-0.dll
0x000001a9ffc00000 - 0x000001a9ffc03000 	C:\Users\figio\.openjfx\cache\19+11\amd64\api-ms-win-crt-process-l1-1-0.dll
0x000001a9ffc10000 - 0x000001a9ffc14000 	C:\Users\figio\.openjfx\cache\19+11\amd64\api-ms-win-crt-runtime-l1-1-0.dll
0x000001a9ffc20000 - 0x000001a9ffc24000 	C:\Users\figio\.openjfx\cache\19+11\amd64\api-ms-win-crt-stdio-l1-1-0.dll
0x000001a9ffc30000 - 0x000001a9ffc34000 	C:\Users\figio\.openjfx\cache\19+11\amd64\api-ms-win-crt-string-l1-1-0.dll
0x000001a9ffc40000 - 0x000001a9ffc43000 	C:\Users\figio\.openjfx\cache\19+11\amd64\api-ms-win-crt-time-l1-1-0.dll
0x000001a9ffc50000 - 0x000001a9ffc53000 	C:\Users\figio\.openjfx\cache\19+11\amd64\api-ms-win-crt-utility-l1-1-0.dll
0x00007ff92f720000 - 0x00007ff92f81c000 	C:\Users\figio\.openjfx\cache\19+11\amd64\ucrtbase.dll
0x00007ff966530000 - 0x00007ff96654b000 	C:\Users\figio\.openjfx\cache\19+11\amd64\vcruntime140.dll
0x00007ff96a180000 - 0x00007ff96a18c000 	C:\Users\figio\.openjfx\cache\19+11\amd64\vcruntime140_1.dll
0x00007ff93e530000 - 0x00007ff93e5be000 	C:\Users\figio\.openjfx\cache\19+11\amd64\msvcp140.dll
0x00007ff9682d0000 - 0x00007ff9682d9000 	C:\Users\figio\.openjfx\cache\19+11\amd64\msvcp140_1.dll
0x00007ff95f890000 - 0x00007ff95f8c0000 	C:\Users\figio\.openjfx\cache\19+11\amd64\msvcp140_2.dll
0x00007ff9559a0000 - 0x00007ff9559cc000 	C:\Users\figio\.openjfx\cache\19+11\amd64\prism_d3d.dll
0x00007ff919ac0000 - 0x00007ff919c69000 	C:\WINDOWS\system32\d3d9.dll
0x00007ff99d490000 - 0x00007ff99d4bb000 	C:\WINDOWS\SYSTEM32\dwmapi.dll
0x00007ff99d340000 - 0x00007ff99d376000 	C:\WINDOWS\SYSTEM32\dxcore.dll
0x00007ff99d260000 - 0x00007ff99d30b000 	C:\WINDOWS\system32\uxtheme.dll
0x00007ff934850000 - 0x00007ff9349b5000 	C:\WINDOWS\System32\DriverStore\FileRepository\iigd_dch.inf_amd64_3a2f90c1eb2e1524\igdumdim64.dll
0x00007ff9a2ad0000 - 0x00007ff9a2c6c000 	C:\WINDOWS\System32\ole32.dll
0x00007ff922130000 - 0x00007ff925d86000 	C:\WINDOWS\System32\DriverStore\FileRepository\iigd_dch.inf_amd64_3a2f90c1eb2e1524\igd9dxva64.dll
0x00007ff9a2650000 - 0x00007ff9a2ac4000 	C:\WINDOWS\System32\SETUPAPI.dll
0x00007ff9a0000000 - 0x00007ff9a004e000 	C:\WINDOWS\SYSTEM32\cfgmgr32.dll
0x00007ff991db0000 - 0x00007ff992171000 	C:\WINDOWS\System32\DriverStore\FileRepository\iigd_dch.inf_amd64_3a2f90c1eb2e1524\igdgmm64.dll
0x00007ff997310000 - 0x00007ff997358000 	C:\WINDOWS\SYSTEM32\directxdatabasehelper.dll
0x00007ff940aa0000 - 0x00007ff940ae2000 	C:\Users\figio\.openjfx\cache\19+11\amd64\glass.dll
0x00007ff9a1cc0000 - 0x00007ff9a1db7000 	C:\WINDOWS\System32\COMDLG32.dll
0x00007ff9a2420000 - 0x00007ff9a253e000 	C:\WINDOWS\System32\MSCTF.dll
0x00007ff957cf0000 - 0x00007ff957d17000 	C:\WINDOWS\System32\DriverStore\FileRepository\iigd_dch.inf_amd64_3a2f90c1eb2e1524\igdinfo64.dll
0x00007ff98b4d0000 - 0x00007ff98e6d6000 	C:\WINDOWS\System32\DriverStore\FileRepository\iigd_dch.inf_amd64_3a2f90c1eb2e1524\igc64.dll
0x00007ff960660000 - 0x00007ff960674000 	C:\Users\figio\.openjfx\cache\19+11\amd64\javafx_font.dll
0x00007ff99bc90000 - 0x00007ff99bef7000 	C:\WINDOWS\SYSTEM32\dwrite.dll
0x00007ff9a1b80000 - 0x00007ff9a1c30000 	C:\WINDOWS\System32\clbcatq.dll
0x00007ff99bae0000 - 0x00007ff99bc90000 	C:\WINDOWS\SYSTEM32\WindowsCodecs.dll
0x00007ff96c5a0000 - 0x00007ff96c5fe000 	C:\WINDOWS\system32\dataexchange.dll
0x00007ff994dc0000 - 0x00007ff995037000 	C:\WINDOWS\system32\twinapi.appcore.dll
0x00007ff93ec20000 - 0x00007ff93ec52000 	C:\Program Files\Common Files\Microsoft Shared\Ink\rtscom.dll
0x00007ff97e160000 - 0x00007ff97e28d000 	C:\WINDOWS\SYSTEM32\textinputframework.dll
0x00007ff99cea0000 - 0x00007ff99cfd3000 	C:\WINDOWS\SYSTEM32\CoreMessaging.dll
0x00007ff996760000 - 0x00007ff996acc000 	C:\WINDOWS\SYSTEM32\CoreUIComponents.dll
0x00007ff99fb40000 - 0x00007ff99fb4c000 	C:\WINDOWS\SYSTEM32\CRYPTBASE.DLL
0x00007ff9469a0000 - 0x00007ff9469cd000 	C:\Users\figio\.openjfx\cache\19+11\amd64\javafx_iio.dll
0x00007ff99fb20000 - 0x00007ff99fb3b000 	C:\WINDOWS\SYSTEM32\CRYPTSP.dll
0x00007ff99f3a0000 - 0x00007ff99f3d5000 	C:\WINDOWS\system32\rsaenh.dll
0x00007ff99f9c0000 - 0x00007ff99f9e8000 	C:\WINDOWS\SYSTEM32\USERENV.dll
0x00007ff99fce0000 - 0x00007ff99fd08000 	C:\WINDOWS\SYSTEM32\bcrypt.dll

dbghelp: loaded successfully - version: 4.0.5 - missing functions: none
symbol engine: initialized successfully - sym options: 0x614 - pdb path: .;C:\Program Files\Java\jdk-19\bin;C:\WINDOWS\SYSTEM32;C:\WINDOWS\WinSxS\amd64_microsoft.windows.common-controls_6595b64144ccf1df_6.0.22621.1635_none_270f70857386168e;C:\Program Files\Java\jdk-19\bin\server;C:\Program Files\JetBrains\IntelliJ IDEA 2023.1.2\bin;C:\Users\figio\.openjfx\cache\19+11\amd64;C:\WINDOWS\System32\DriverStore\FileRepository\iigd_dch.inf_amd64_3a2f90c1eb2e1524;C:\Program Files\Common Files\Microsoft Shared\Ink

VM Arguments:
jvm_args: -javaagent:C:\Program Files\JetBrains\IntelliJ IDEA 2023.1.2\lib\idea_rt.jar=54310:C:\Program Files\JetBrains\IntelliJ IDEA 2023.1.2\bin -Dfile.encoding=UTF-8 -Dsun.stdout.encoding=UTF-8 -Dsun.stderr.encoding=UTF-8 
java_command: it.polimi.ingsw.ClientApp
java_class_path (initial): C:\Users\figio\Desktop\ing-sw-2023-Aniballi-Ferrini-Figini-LoMastro\MyShelfie\target\classes;C:\Users\figio\.m2\repository\org\openjfx\javafx-controls\19\javafx-controls-19.jar;C:\Users\figio\.m2\repository\org\openjfx\javafx-controls\19\javafx-controls-19-win.jar;C:\Users\figio\.m2\repository\org\openjfx\javafx-graphics\19\javafx-graphics-19.jar;C:\Users\figio\.m2\repository\org\openjfx\javafx-graphics\19\javafx-graphics-19-win.jar;C:\Users\figio\.m2\repository\org\openjfx\javafx-base\19\javafx-base-19.jar;C:\Users\figio\.m2\repository\org\openjfx\javafx-base\19\javafx-base-19-win.jar;C:\Users\figio\.m2\repository\org\openjfx\javafx-fxml\19\javafx-fxml-19.jar;C:\Users\figio\.m2\repository\org\openjfx\javafx-fxml\19\javafx-fxml-19-win.jar;C:\Users\figio\.m2\repository\com\google\code\gson\gson\2.10.1\gson-2.10.1.jar
Launcher Type: SUN_STANDARD

[Global flags]
     intx CICompilerCount                          = 4                                         {product} {ergonomic}
     uint ConcGCThreads                            = 2                                         {product} {ergonomic}
     uint G1ConcRefinementThreads                  = 8                                         {product} {ergonomic}
   size_t G1HeapRegionSize                         = 2097152                                   {product} {ergonomic}
    uintx GCDrainStackTargetSize                   = 64                                        {product} {ergonomic}
   size_t InitialHeapSize                          = 266338304                                 {product} {ergonomic}
   size_t MarkStackSize                            = 4194304                                   {product} {ergonomic}
   size_t MaxHeapSize                              = 4242538496                                {product} {ergonomic}
   size_t MaxNewSize                               = 2543845376                                {product} {ergonomic}
   size_t MinHeapDeltaBytes                        = 2097152                                   {product} {ergonomic}
   size_t MinHeapSize                              = 8388608                                   {product} {ergonomic}
    uintx NonNMethodCodeHeapSize                   = 5839372                                {pd product} {ergonomic}
    uintx NonProfiledCodeHeapSize                  = 122909434                              {pd product} {ergonomic}
    uintx ProfiledCodeHeapSize                     = 122909434                              {pd product} {ergonomic}
    uintx ReservedCodeCacheSize                    = 251658240                              {pd product} {ergonomic}
     bool SegmentedCodeCache                       = true                                      {product} {ergonomic}
   size_t SoftMaxHeapSize                          = 4242538496                             {manageable} {ergonomic}
     bool UseCompressedClassPointers               = true                           {product lp64_product} {ergonomic}
     bool UseCompressedOops                        = true                           {product lp64_product} {ergonomic}
     bool UseG1GC                                  = true                                      {product} {ergonomic}
     bool UseLargePagesIndividualAllocation        = false                                  {pd product} {ergonomic}

Logging:
Log output configuration:
 #0: stdout all=off uptime,level,tags foldmultilines=false
 #1: stderr all=off uptime,level,tags foldmultilines=false

Environment Variables:
PATH=C:\Program Files\Common Files\Oracle\Java\javapath;C:\Program Files (x86)\Common Files\Oracle\Java\javapath;C:\WINDOWS\system32;C:\WINDOWS;C:\WINDOWS\System32\Wbem;C:\WINDOWS\System32\WindowsPowerShell\v1.0\;C:\WINDOWS\System32\OpenSSH\;C:\Program Files\Git\cmd;C:\Users\figio\AppData\Local\Microsoft\WindowsApps;C:\Program Files\JetBrains\IntelliJ IDEA 2023.1.2\bin;;C:\Users\figio\AppData\Local\GitHubDesktop\bin;C:\Users\figio\AppData\Local\Programs\Microsoft VS Code\bin
USERNAME=figio
OS=Windows_NT
PROCESSOR_IDENTIFIER=Intel64 Family 6 Model 140 Stepping 1, GenuineIntel
TMP=C:\Users\figio\AppData\Local\Temp
TEMP=C:\Users\figio\AppData\Local\Temp



---------------  S Y S T E M  ---------------

OS:
 Windows 11 , 64 bit Build 22621 (10.0.22621.1635)
OS uptime: 1 days 18:45 hours
Hyper-V role detected

CPU: total 8 (initial active 8) (4 cores per cpu, 2 threads per core) family 6 model 140 stepping 1 microcode 0x86, cx8, cmov, fxsr, ht, mmx, 3dnowpref, sse, sse2, sse3, ssse3, sse4.1, sse4.2, popcnt, lzcnt, tsc, tscinvbit, avx, avx2, aes, erms, clmul, bmi1, bmi2, adx, avx512f, avx512dq, avx512cd, avx512bw, avx512vl, sha, fma, vzeroupper, avx512_vpopcntdq, avx512_vpclmulqdq, avx512_vaes, avx512_vnni, clflush, clflushopt, clwb, avx512_vbmi2, avx512_vbmi, hv, rdtscp, rdpid, fsrm, gfni, avx512_bitalg

Memory: 4k page, system-wide physical 16179M (6353M free)
TotalPageFile size 17203M (AvailPageFile size 4135M)
current process WorkingSet (physical memory assigned to process): 669M, peak: 674M
current process commit charge ("private bytes"): 1107M, peak: 1113M

vm_info: Java HotSpot(TM) 64-Bit Server VM (19.0.2+7-44) for windows-amd64 JRE (19.0.2+7-44), built on 2022-11-30T18:02:09Z by "mach5one" with MS VC++ 17.1 (VS2022)

END.
