#
# A fatal error has been detected by the Java Runtime Environment:
#
#  EXCEPTION_ACCESS_VIOLATION (0xc0000005) at pc=0x00007ff940ac63b7, pid=31344, tid=9828
#
# JRE version: Java(TM) SE Runtime Environment (19.0.2+7) (build 19.0.2+7-44)
# Java VM: Java HotSpot(TM) 64-Bit Server VM (19.0.2+7-44, mixed mode, sharing, tiered, compressed oops, compressed class ptrs, g1 gc, windows-amd64)
# Problematic frame:
# C  [glass.dll+0x263b7]
#
# No core dump will be written. Minidumps are not enabled by default on client versions of Windows
#
# If you would like to submit a bug report, please visit:
#   https://bugreport.java.com/bugreport/crash.jsp
#

---------------  S U M M A R Y ------------

Command Line: -javaagent:C:\Program Files\JetBrains\IntelliJ IDEA 2023.1.2\lib\idea_rt.jar=54354:C:\Program Files\JetBrains\IntelliJ IDEA 2023.1.2\bin -Dfile.encoding=UTF-8 -Dsun.stdout.encoding=UTF-8 -Dsun.stderr.encoding=UTF-8 it.polimi.ingsw.ClientApp

Host: 11th Gen Intel(R) Core(TM) i5-1135G7 @ 2.40GHz, 8 cores, 15G,  Windows 11 , 64 bit Build 22621 (10.0.22621.1635)
Time: Thu Jun  1 09:55:25 2023 ora legale Europa occidentale elapsed time: 31.762421 seconds (0d 0h 0m 31s)

---------------  T H R E A D  ---------------

Current thread (0x00000116b3c71cf0):  VMThread "VM Thread" [stack: 0x0000000cd7300000,0x0000000cd7400000] [id=9828]

Stack: [0x0000000cd7300000,0x0000000cd7400000],  sp=0x0000000cd73fee50,  free space=1019k
Native frames: (J=compiled Java code, j=interpreted, Vv=VM code, C=native code)
C  [glass.dll+0x263b7]


siginfo: EXCEPTION_ACCESS_VIOLATION (0xc0000005), reading address 0x0000000000000000


Registers:
RAX=0x0000000000000000, RBX=0x00000116b3c79070, RCX=0x00000116b3c71cf0, RDX=0x0000000cd73fee50
RSP=0x0000000cd73fee50, RBP=0x00000116b8ab8578, RSI=0x0000000cd73fef58, RDI=0x00000116b8ab8550
R8 =0x0000000000010002, R9 =0x00000116b8ab8550, R10=0x85f13e9656da4870, R11=0x0000000cd73fede0
R12=0x00007ff940ac3cf0, R13=0x00007ff933b372a0, R14=0x0000e1c6bb24c8b8, R15=0x00000116b8ab8550
RIP=0x00007ff940ac63b7, EFLAGS=0x0000000000010206


Register to memory mapping:

RIP=0x00007ff940ac63b7 glass.dll
RAX=0x0 is NULL
RBX=0x00000116b3c79070 is a global jni handle
RCX=0x00000116b3c71cf0 points into unknown readable memory: 0x00007ff9339445c8 | c8 45 94 33 f9 7f 00 00
RDX=0x0000000cd73fee50 points into unknown readable memory: 0x0000000000000000 | 00 00 00 00 00 00 00 00
RSP=0x0000000cd73fee50 points into unknown readable memory: 0x0000000000000000 | 00 00 00 00 00 00 00 00
RBP=0x00000116b8ab8578 points into unknown readable memory: 0x0000e1c6bb24c8b8 | b8 c8 24 bb c6 e1 00 00
RSI=0x0000000cd73fef58 points into unknown readable memory: 0x0000000cd73fef40 | 40 ef 3f d7 0c 00 00 00
RDI=0x00000116b8ab8550 points into unknown readable memory: 0x0800e1b942646480 | 80 64 64 42 b9 e1 00 08
R8 =0x0000000000010002 is an unknown value
R9 =0x00000116b8ab8550 points into unknown readable memory: 0x0800e1b942646480 | 80 64 64 42 b9 e1 00 08
R10=0x85f13e9656da4870 is an unknown value
R11=0x0000000cd73fede0 points into unknown readable memory: 0x00000116b8ab8550 | 50 85 ab b8 16 01 00 00
R12=0x00007ff940ac3cf0 glass.dll
R13=0x00007ff933b372a0 jvm.dll
R14=0x0000e1c6bb24c8b8 is an unknown value
R15=0x00000116b8ab8550 points into unknown readable memory: 0x0800e1b942646480 | 80 64 64 42 b9 e1 00 08


Top of Stack: (sp=0x0000000cd73fee50)
0x0000000cd73fee50:   0000000000000000 0000000cd73fef58
0x0000000cd73fee60:   00007ff933b372a0 00007ff940ac3cf0
0x0000000cd73fee70:   00000116b8ab8558 00007ff9a06d3a83
0x0000000cd73fee80:   00000116b8ab8550 0000011600000000
0x0000000cd73fee90:   00000116b8ab8578 0000000cd73fef58
0x0000000cd73feea0:   fffffffffffffffe 0000000000000000
0x0000000cd73feeb0:   0000000000000001 00007ff940aa0000
0x0000000cd73feec0:   0000000cd73fef48 00007ff9a06a006e
0x0000000cd73feed0:   0000000000000000 0000000cd73fef58
0x0000000cd73feee0:   0000000cd73ff240 0000000000000001
0x0000000cd73feef0:   0000000000000001 00007ff9a069da1d
0x0000000cd73fef00:   0000000000000000 00007ff940ac34e9
0x0000000cd73fef10:   0000000000000000 0000000cd73fef48
0x0000000cd73fef20:   fffffffffffffffe 0000000cd73ff200
0x0000000cd73fef30:   0000000000000000 00007ff940ac3b7d
0x0000000cd73fef40:   00007ff940ad9f88 00007ff900000002 

Instructions: (pc=0x00007ff940ac63b7)
0x00007ff940ac62b7:   8b 4d 58 e8 7d cf ff ff 48 8b 4d 60 e8 74 cf ff
0x00007ff940ac62c7:   ff 48 8b 95 80 00 00 00 48 8b 8d 18 01 00 00 e8
0x00007ff940ac62d7:   66 c4 ff ff 33 d2 33 c9 e8 bc e1 ff ff 90 48 89
0x00007ff940ac62e7:   54 24 10 55 48 83 ec 20 48 8b ea 48 b8 00 00 00
0x00007ff940ac62f7:   00 00 00 00 00 48 83 c4 20 5d c3 cc 40 55 48 8b
0x00007ff940ac6307:   ea 48 8b 01 33 c9 81 38 05 00 00 c0 0f 94 c1 8b
0x00007ff940ac6317:   c1 5d c3 cc 40 55 48 83 ec 20 48 8b ea 8a 4d 40
0x00007ff940ac6327:   48 83 c4 20 5d e9 63 d3 ff ff cc 40 55 48 83 ec
0x00007ff940ac6337:   20 48 8b ea 8a 4d 20 e8 51 d3 ff ff 90 48 83 c4
0x00007ff940ac6347:   20 5d c3 cc 40 55 48 83 ec 20 48 8b ea 48 83 c4
0x00007ff940ac6357:   20 5d e9 b2 d1 ff ff cc 40 55 48 83 ec 30 48 8b
0x00007ff940ac6367:   ea 48 8b 01 8b 10 48 89 4c 24 28 89 54 24 20 4c
0x00007ff940ac6377:   8d 0d 53 d6 ff ff 4c 8b 45 70 8b 55 68 48 8b 4d
0x00007ff940ac6387:   60 e8 f3 d0 ff ff 90 48 83 c4 30 5d c3 cc cc cc
0x00007ff940ac6397:   cc cc cc cc cc cc cc cc cc 40 53 48 83 ec 20 48
0x00007ff940ac63a7:   8b 1d db 35 01 00 48 85 db 74 16 e8 79 8b ff ff
0x00007ff940ac63b7:   4c 8b 00 48 8b d3 48 8b c8 41 ff 90 b0 00 00 00
0x00007ff940ac63c7:   90 48 83 c4 20 5b c3 cc cc 40 53 48 83 ec 20 48
0x00007ff940ac63d7:   8b 1d 4b 37 01 00 48 85 db 74 57 b8 ff ff ff ff
0x00007ff940ac63e7:   f0 0f c1 43 10 83 f8 01 75 3d 48 85 db 74 38 48
0x00007ff940ac63f7:   8b 0b 48 85 c9 74 0d ff 15 a4 0e 00 00 48 c7 03
0x00007ff940ac6407:   00 00 00 00 48 8b 4b 08 48 85 c9 74 0d e8 23 ce
0x00007ff940ac6417:   ff ff 48 c7 43 08 00 00 00 00 ba 18 00 00 00 48
0x00007ff940ac6427:   8b cb e8 0e ce ff ff 48 c7 05 ef 36 01 00 00 00
0x00007ff940ac6437:   00 00 48 83 c4 20 5b c3 cc 40 53 48 83 ec 20 48
0x00007ff940ac6447:   8b 1d bb 36 01 00 48 85 db 74 57 b8 ff ff ff ff
0x00007ff940ac6457:   f0 0f c1 43 10 83 f8 01 75 3d 48 85 db 74 38 48
0x00007ff940ac6467:   8b 0b 48 85 c9 74 0d ff 15 34 0e 00 00 48 c7 03
0x00007ff940ac6477:   00 00 00 00 48 8b 4b 08 48 85 c9 74 0d e8 b3 cd
0x00007ff940ac6487:   ff ff 48 c7 43 08 00 00 00 00 ba 18 00 00 00 48
0x00007ff940ac6497:   8b cb e8 9e cd ff ff 48 c7 05 5f 36 01 00 00 00
0x00007ff940ac64a7:   00 00 48 83 c4 20 5b c3 cc 40 53 48 83 ec 20 48 


Stack slot to memory mapping:
stack at sp + 0 slots: 0x0 is NULL
stack at sp + 1 slots: 0x0000000cd73fef58 points into unknown readable memory: 0x0000000cd73fef40 | 40 ef 3f d7 0c 00 00 00
stack at sp + 2 slots: 0x00007ff933b372a0 jvm.dll
stack at sp + 3 slots: 0x00007ff940ac3cf0 glass.dll
stack at sp + 4 slots: 0x00000116b8ab8558 points into unknown readable memory: 0x0000e1c6bb24c8b8 | b8 c8 24 bb c6 e1 00 00
stack at sp + 5 slots: 0x00007ff9a06d3a83 ucrtbase.dll
stack at sp + 6 slots: 0x00000116b8ab8550 points into unknown readable memory: 0x0800e1b942646480 | 80 64 64 42 b9 e1 00 08
stack at sp + 7 slots: 0x0000011600000000 is an unknown value

VM_Operation (0x0000000cd85fbef0): Exit, mode: safepoint, requested by thread 0x00000116b3cad3b0


---------------  P R O C E S S  ---------------

Threads class SMR info:
_java_thread_list=0x00000116bda484e0, length=28, elements={
0x000001169096b010, 0x00000116b3c86210, 0x00000116b3c86e30, 0x00000116b3c89900,
0x00000116b3c8c330, 0x00000116b3c9b190, 0x00000116b3ca7740, 0x00000116b3caa0e0,
0x00000116b3cac910, 0x00000116b3caf8e0, 0x00000116b3caee40, 0x00000116b3cafe30,
0x00000116b3cae3a0, 0x00000116b3cace60, 0x00000116b3caf390, 0x00000116b3cad3b0,
0x00000116b3cade50, 0x00000116bd135540, 0x00000116bd134000, 0x00000116bd133560,
0x00000116bd136530, 0x00000116bd130ae0, 0x00000116bd136a80, 0x00000116bd131ad0,
0x00000116bd134ff0, 0x00000116bd132570, 0x00000116bd135a90, 0x00000116bd137a70
}

Java Threads: ( => current thread )
  0x000001169096b010 JavaThread "main" [_thread_blocked, id=304, stack(0x0000000cd6d00000,0x0000000cd6e00000)]
  0x00000116b3c86210 JavaThread "Reference Handler" daemon [_thread_blocked, id=24356, stack(0x0000000cd7400000,0x0000000cd7500000)]
  0x00000116b3c86e30 JavaThread "Finalizer" daemon [_thread_blocked, id=30860, stack(0x0000000cd7500000,0x0000000cd7600000)]
  0x00000116b3c89900 JavaThread "Attach Listener" daemon [_thread_blocked, id=30204, stack(0x0000000cd7700000,0x0000000cd7800000)]
  0x00000116b3c8c330 JavaThread "Service Thread" daemon [_thread_blocked, id=36352, stack(0x0000000cd7800000,0x0000000cd7900000)]
  0x00000116b3c9b190 JavaThread "Monitor Deflation Thread" daemon [_thread_blocked, id=27492, stack(0x0000000cd7900000,0x0000000cd7a00000)]
  0x00000116b3ca7740 JavaThread "C2 CompilerThread0" daemon [_thread_blocked, id=35072, stack(0x0000000cd7a00000,0x0000000cd7b00000)]
  0x00000116b3caa0e0 JavaThread "C1 CompilerThread0" daemon [_thread_blocked, id=24244, stack(0x0000000cd7b00000,0x0000000cd7c00000)]
  0x00000116b3cac910 JavaThread "Sweeper thread" daemon [_thread_blocked, id=37892, stack(0x0000000cd7c00000,0x0000000cd7d00000)]
  0x00000116b3caf8e0 JavaThread "Common-Cleaner" daemon [_thread_blocked, id=25464, stack(0x0000000cd7d00000,0x0000000cd7e00000)]
  0x00000116b3caee40 JavaThread "Monitor Ctrl-Break" daemon [_thread_in_native, id=20168, stack(0x0000000cd7e00000,0x0000000cd7f00000)]
  0x00000116b3cafe30 JavaThread "Notification Thread" daemon [_thread_blocked, id=27912, stack(0x0000000cd7f00000,0x0000000cd8000000)]
  0x00000116b3cae3a0 JavaThread "JavaFX-Launcher" [_thread_blocked, id=18564, stack(0x0000000cd8100000,0x0000000cd8200000)]
  0x00000116b3cace60 JavaThread "QuantumRenderer-0" daemon [_thread_blocked, id=6608, stack(0x0000000cd8300000,0x0000000cd8400000)]
  0x00000116b3caf390 JavaThread "InvokeLaterDispatcher" daemon [_thread_blocked, id=30480, stack(0x0000000cd8400000,0x0000000cd8500000)]
  0x00000116b3cad3b0 JavaThread "JavaFX Application Thread" [_thread_blocked, id=8964, stack(0x0000000cd8500000,0x0000000cd8600000)]
  0x00000116b3cade50 JavaThread "Thread-2" daemon [_thread_in_native, id=33232, stack(0x0000000cd8900000,0x0000000cd8a00000)]
  0x00000116bd135540 JavaThread "Prism Font Disposer" daemon [_thread_blocked, id=40912, stack(0x0000000cd9400000,0x0000000cd9500000)]
  0x00000116bd134000 JavaThread "Cleaner-0" daemon [_thread_blocked, id=29500, stack(0x0000000cd9500000,0x0000000cd9600000)]
  0x00000116bd133560 JavaThread "RMI TCP Accept-0" daemon [_thread_in_native, id=6788, stack(0x0000000cd8200000,0x0000000cd8300000)]
  0x00000116bd136530 JavaThread "RMI Reaper" [_thread_blocked, id=9308, stack(0x0000000cd9600000,0x0000000cd9700000)]
  0x00000116bd130ae0 JavaThread "RMI GC Daemon" daemon [_thread_blocked, id=32604, stack(0x0000000cd9700000,0x0000000cd9800000)]
  0x00000116bd136a80 JavaThread "RMI Scheduler(0)" daemon [_thread_blocked, id=24976, stack(0x0000000cd9900000,0x0000000cd9a00000)]
  0x00000116bd131ad0 JavaThread "RMI RenewClean-[192.168.1.16:54336]" daemon [_thread_blocked, id=41672, stack(0x0000000cd9a00000,0x0000000cd9b00000)]
  0x00000116bd134ff0 JavaThread "RMI TCP Connection(1)-192.168.1.16" daemon [_thread_in_native, id=26884, stack(0x0000000cd9c00000,0x0000000cd9d00000)]
  0x00000116bd132570 JavaThread "RMI TCP Connection(2)-192.168.1.16" daemon [_thread_in_native, id=13548, stack(0x0000000cd9d00000,0x0000000cd9e00000)]
  0x00000116bd135a90 JavaThread "Thread-4" [_thread_blocked, id=29600, stack(0x0000000cd9e00000,0x0000000cd9f00000)]
  0x00000116bd137a70 JavaThread "Thread-5" [_thread_blocked, id=31724, stack(0x0000000cd9f00000,0x0000000cda000000)]

Other Threads:
=>0x00000116b3c71cf0 VMThread "VM Thread" [stack: 0x0000000cd7300000,0x0000000cd7400000] [id=9828]
  0x00000116909da710 WorkerThread "GC Thread#0" [stack: 0x0000000cd6e00000,0x0000000cd6f00000] [id=28380]
  0x00000116b83a5750 WorkerThread "GC Thread#1" [stack: 0x0000000cd8a00000,0x0000000cd8b00000] [id=12360]
  0x00000116bd06aed0 WorkerThread "GC Thread#2" [stack: 0x0000000cd8b00000,0x0000000cd8c00000] [id=39528]
  0x00000116bd0c67d0 WorkerThread "GC Thread#3" [stack: 0x0000000cd8c00000,0x0000000cd8d00000] [id=17428]
  0x00000116bd0c78b0 WorkerThread "GC Thread#4" [stack: 0x0000000cd8d00000,0x0000000cd8e00000] [id=27204]
  0x00000116bd0c6d70 WorkerThread "GC Thread#5" [stack: 0x0000000cd8e00000,0x0000000cd8f00000] [id=36420]
  0x00000116bd0c7040 WorkerThread "GC Thread#6" [stack: 0x0000000cd8f00000,0x0000000cd9000000] [id=22456]
  0x00000116bd0c6230 WorkerThread "GC Thread#7" [stack: 0x0000000cd9000000,0x0000000cd9100000] [id=27392]
  0x00000116909ecc60 ConcurrentGCThread "G1 Main Marker" terminated
  0x00000116909efe90 WorkerThread "G1 Conc#0" [stack: 0x0000000cd7000000,0x0000000cd7100000] [id=26804]
  0x00000116b84971d0 WorkerThread "G1 Conc#1" [stack: 0x0000000cd9800000,0x0000000cd9900000] [id=16052]
  0x0000011690a2e4e0 ConcurrentGCThread "G1 Refine#0" terminated
  0x00000116b3b28550 ConcurrentGCThread "G1 Service" terminated

Threads with active compile tasks:

VM state: at safepoint (shutting down)

VM Mutex/Monitor currently owned by a thread:  ([mutex/lock_event])
[0x0000011690968060] Threads_lock - owner thread: 0x00000116b3c71cf0
[0x0000011690966b90] Heap_lock - owner thread: 0x00000116b3cad3b0

Heap address: 0x0000000703200000, size: 4046 MB, Compressed Oops mode: Zero based, Oop shift amount: 3

CDS archive(s) mapped at: [0x0000000800000000-0x0000000800c40000-0x0000000800c40000), size 12845056, SharedBaseAddress: 0x0000000800000000, ArchiveRelocationMode: 0.
Compressed class space mapped at: 0x0000000801000000-0x0000000841000000, reserved size: 1073741824
Narrow klass base: 0x0000000800000000, Narrow klass shift: 0, Narrow klass range: 0x100000000

GC Precious Log:
 CardTable entry size: 512
 Card Set container configuration: InlinePtr #cards 4 size 8 Array Of Cards #cards 16 size 48 Howl #buckets 8 coarsen threshold 3686 Howl Bitmap #cards 512 size 80 coarsen threshold 460 Card regions per heap region 1 cards per card region 4096
 CPUs: 8 total, 8 available
 Memory: 16179M
 Large Page Support: Disabled
 NUMA Support: Disabled
 Compressed Oops: Enabled (Zero based)
 Heap Region Size: 2M
 Heap Min Capacity: 8M
 Heap Initial Capacity: 254M
 Heap Max Capacity: 4046M
 Pre-touch: Disabled
 Parallel Workers: 8
 Concurrent Workers: 2
 Concurrent Refinement Workers: 8
 Periodic GC: Disabled

Heap:
 garbage-first heap   total 294912K, used 176115K [0x0000000703200000, 0x0000000800000000)
  region size 2048K, 4 young (8192K), 1 survivors (2048K)
 Metaspace       used 21221K, committed 21696K, reserved 1114112K
  class space    used 2947K, committed 3200K, reserved 1048576K

Heap Regions: E=young(eden), S=young(survivor), O=old, HS=humongous(starts), HC=humongous(continues), CS=collection set, F=free, OA=open archive, CA=closed archive, TAMS=top-at-mark-start (previous, next)
|   0|0x0000000703200000, 0x0000000703400000, 0x0000000703400000|100%| O|  |TAMS 0x0000000703400000, 0x0000000703200000| Untracked 
|   1|0x0000000703400000, 0x0000000703600000, 0x0000000703600000|100%|HS|  |TAMS 0x0000000703600000, 0x0000000703400000| Complete 
|   2|0x0000000703600000, 0x0000000703800000, 0x0000000703800000|100%|HC|  |TAMS 0x0000000703800000, 0x0000000703600000| Complete 
|   3|0x0000000703800000, 0x0000000703a00000, 0x0000000703a00000|100%|HC|  |TAMS 0x0000000703a00000, 0x0000000703800000| Complete 
|   4|0x0000000703a00000, 0x0000000703c00000, 0x0000000703c00000|100%|HC|  |TAMS 0x0000000703c00000, 0x0000000703a00000| Complete 
|   5|0x0000000703c00000, 0x0000000703e00000, 0x0000000703e00000|100%|HC|  |TAMS 0x0000000703e00000, 0x0000000703c00000| Complete 
|   6|0x0000000703e00000, 0x0000000704000000, 0x0000000704000000|100%|HC|  |TAMS 0x0000000704000000, 0x0000000703e00000| Complete 
|   7|0x0000000704000000, 0x0000000704200000, 0x0000000704200000|100%|HS|  |TAMS 0x0000000704200000, 0x0000000704000000| Complete 
|   8|0x0000000704200000, 0x0000000704400000, 0x0000000704400000|100%|HC|  |TAMS 0x0000000704400000, 0x0000000704200000| Complete 
|   9|0x0000000704400000, 0x0000000704600000, 0x0000000704600000|100%|HS|  |TAMS 0x0000000704600000, 0x0000000704400000| Complete 
|  10|0x0000000704600000, 0x0000000704800000, 0x0000000704800000|100%|HS|  |TAMS 0x0000000704800000, 0x0000000704600000| Complete 
|  11|0x0000000704800000, 0x0000000704a00000, 0x0000000704a00000|100%| O|  |TAMS 0x0000000704a00000, 0x0000000704800000| Untracked 
|  12|0x0000000704a00000, 0x0000000704c00000, 0x0000000704c00000|100%| O|  |TAMS 0x0000000704c00000, 0x0000000704a00000| Untracked 
|  13|0x0000000704c00000, 0x0000000704e00000, 0x0000000704e00000|100%| O|  |TAMS 0x0000000704e00000, 0x0000000704c00000| Untracked 
|  14|0x0000000704e00000, 0x0000000705000000, 0x0000000705000000|100%|HS|  |TAMS 0x0000000705000000, 0x0000000704e00000| Complete 
|  15|0x0000000705000000, 0x0000000705200000, 0x0000000705200000|100%|HS|  |TAMS 0x0000000705200000, 0x0000000705000000| Complete 
|  16|0x0000000705200000, 0x0000000705400000, 0x0000000705400000|100%|HS|  |TAMS 0x0000000705400000, 0x0000000705200000| Complete 
|  17|0x0000000705400000, 0x0000000705400000, 0x0000000705600000|  0%| F|  |TAMS 0x0000000705400000, 0x0000000705400000| Untracked 
|  18|0x0000000705600000, 0x0000000705600000, 0x0000000705800000|  0%| F|  |TAMS 0x0000000705600000, 0x0000000705600000| Untracked 
|  19|0x0000000705800000, 0x0000000705800000, 0x0000000705a00000|  0%| F|  |TAMS 0x0000000705800000, 0x0000000705800000| Untracked 
|  20|0x0000000705a00000, 0x0000000705c00000, 0x0000000705c00000|100%|HS|  |TAMS 0x0000000705c00000, 0x0000000705a00000| Complete 
|  21|0x0000000705c00000, 0x0000000705e00000, 0x0000000705e00000|100%|HC|  |TAMS 0x0000000705e00000, 0x0000000705c00000| Complete 
|  22|0x0000000705e00000, 0x0000000706000000, 0x0000000706000000|100%|HC|  |TAMS 0x0000000706000000, 0x0000000705e00000| Complete 
|  23|0x0000000706000000, 0x0000000706200000, 0x0000000706200000|100%|HS|  |TAMS 0x0000000706200000, 0x0000000706000000| Complete 
|  24|0x0000000706200000, 0x0000000706400000, 0x0000000706400000|100%|HC|  |TAMS 0x0000000706400000, 0x0000000706200000| Complete 
|  25|0x0000000706400000, 0x0000000706600000, 0x0000000706600000|100%|HS|  |TAMS 0x0000000706600000, 0x0000000706400000| Complete 
|  26|0x0000000706600000, 0x0000000706800000, 0x0000000706800000|100%|HC|  |TAMS 0x0000000706800000, 0x0000000706600000| Complete 
|  27|0x0000000706800000, 0x0000000706a00000, 0x0000000706a00000|100%|HC|  |TAMS 0x0000000706a00000, 0x0000000706800000| Complete 
|  28|0x0000000706a00000, 0x0000000706c00000, 0x0000000706c00000|100%|HC|  |TAMS 0x0000000706c00000, 0x0000000706a00000| Complete 
|  29|0x0000000706c00000, 0x0000000706e00000, 0x0000000706e00000|100%|HS|  |TAMS 0x0000000706e00000, 0x0000000706c00000| Complete 
|  30|0x0000000706e00000, 0x0000000707000000, 0x0000000707000000|100%|HC|  |TAMS 0x0000000707000000, 0x0000000706e00000| Complete 
|  31|0x0000000707000000, 0x0000000707200000, 0x0000000707200000|100%|HC|  |TAMS 0x0000000707200000, 0x0000000707000000| Complete 
|  32|0x0000000707200000, 0x0000000707400000, 0x0000000707400000|100%|HC|  |TAMS 0x0000000707400000, 0x0000000707200000| Complete 
|  33|0x0000000707400000, 0x0000000707600000, 0x0000000707600000|100%|HC|  |TAMS 0x0000000707600000, 0x0000000707400000| Complete 
|  34|0x0000000707600000, 0x0000000707800000, 0x0000000707800000|100%|HC|  |TAMS 0x0000000707800000, 0x0000000707600000| Complete 
|  35|0x0000000707800000, 0x0000000707a00000, 0x0000000707a00000|100%|HC|  |TAMS 0x0000000707a00000, 0x0000000707800000| Complete 
|  36|0x0000000707a00000, 0x0000000707c00000, 0x0000000707c00000|100%|HC|  |TAMS 0x0000000707c00000, 0x0000000707a00000| Complete 
|  37|0x0000000707c00000, 0x0000000707e00000, 0x0000000707e00000|100%|HC|  |TAMS 0x0000000707e00000, 0x0000000707c00000| Complete 
|  38|0x0000000707e00000, 0x0000000708000000, 0x0000000708000000|100%|HC|  |TAMS 0x0000000708000000, 0x0000000707e00000| Complete 
|  39|0x0000000708000000, 0x0000000708200000, 0x0000000708200000|100%|HC|  |TAMS 0x0000000708200000, 0x0000000708000000| Complete 
|  40|0x0000000708200000, 0x0000000708400000, 0x0000000708400000|100%|HC|  |TAMS 0x0000000708400000, 0x0000000708200000| Complete 
|  41|0x0000000708400000, 0x0000000708600000, 0x0000000708600000|100%|HC|  |TAMS 0x0000000708600000, 0x0000000708400000| Complete 
|  42|0x0000000708600000, 0x0000000708800000, 0x0000000708800000|100%|HS|  |TAMS 0x0000000708800000, 0x0000000708600000| Complete 
|  43|0x0000000708800000, 0x0000000708a00000, 0x0000000708a00000|100%|HC|  |TAMS 0x0000000708a00000, 0x0000000708800000| Complete 
|  44|0x0000000708a00000, 0x0000000708c00000, 0x0000000708c00000|100%|HS|  |TAMS 0x0000000708c00000, 0x0000000708a00000| Complete 
|  45|0x0000000708c00000, 0x0000000708e00000, 0x0000000708e00000|100%|HC|  |TAMS 0x0000000708e00000, 0x0000000708c00000| Complete 
|  46|0x0000000708e00000, 0x0000000709000000, 0x0000000709000000|100%|HS|  |TAMS 0x0000000709000000, 0x0000000708e00000| Complete 
|  47|0x0000000709000000, 0x0000000709200000, 0x0000000709200000|100%|HC|  |TAMS 0x0000000709200000, 0x0000000709000000| Complete 
|  48|0x0000000709200000, 0x0000000709400000, 0x0000000709400000|100%|HC|  |TAMS 0x0000000709400000, 0x0000000709200000| Complete 
|  49|0x0000000709400000, 0x0000000709600000, 0x0000000709600000|100%|HC|  |TAMS 0x0000000709600000, 0x0000000709400000| Complete 
|  50|0x0000000709600000, 0x0000000709800000, 0x0000000709800000|100%|HC|  |TAMS 0x0000000709800000, 0x0000000709600000| Complete 
|  51|0x0000000709800000, 0x0000000709a00000, 0x0000000709a00000|100%|HC|  |TAMS 0x0000000709a00000, 0x0000000709800000| Complete 
|  52|0x0000000709a00000, 0x0000000709c00000, 0x0000000709c00000|100%|HS|  |TAMS 0x0000000709c00000, 0x0000000709a00000| Complete 
|  53|0x0000000709c00000, 0x0000000709e00000, 0x0000000709e00000|100%|HC|  |TAMS 0x0000000709e00000, 0x0000000709c00000| Complete 
|  54|0x0000000709e00000, 0x000000070a000000, 0x000000070a000000|100%|HC|  |TAMS 0x000000070a000000, 0x0000000709e00000| Complete 
|  55|0x000000070a000000, 0x000000070a200000, 0x000000070a200000|100%|HC|  |TAMS 0x000000070a200000, 0x000000070a000000| Complete 
|  56|0x000000070a200000, 0x000000070a400000, 0x000000070a400000|100%|HC|  |TAMS 0x000000070a400000, 0x000000070a200000| Complete 
|  57|0x000000070a400000, 0x000000070a600000, 0x000000070a600000|100%|HC|  |TAMS 0x000000070a600000, 0x000000070a400000| Complete 
|  58|0x000000070a600000, 0x000000070a800000, 0x000000070a800000|100%|HC|  |TAMS 0x000000070a800000, 0x000000070a600000| Complete 
|  59|0x000000070a800000, 0x000000070aa00000, 0x000000070aa00000|100%|HC|  |TAMS 0x000000070aa00000, 0x000000070a800000| Complete 
|  60|0x000000070aa00000, 0x000000070ac00000, 0x000000070ac00000|100%|HC|  |TAMS 0x000000070ac00000, 0x000000070aa00000| Complete 
|  61|0x000000070ac00000, 0x000000070ae00000, 0x000000070ae00000|100%|HC|  |TAMS 0x000000070ae00000, 0x000000070ac00000| Complete 
|  62|0x000000070ae00000, 0x000000070b000000, 0x000000070b000000|100%|HC|  |TAMS 0x000000070b000000, 0x000000070ae00000| Complete 
|  63|0x000000070b000000, 0x000000070b200000, 0x000000070b200000|100%|HC|  |TAMS 0x000000070b200000, 0x000000070b000000| Complete 
|  64|0x000000070b200000, 0x000000070b400000, 0x000000070b400000|100%|HC|  |TAMS 0x000000070b400000, 0x000000070b200000| Complete 
|  65|0x000000070b400000, 0x000000070b600000, 0x000000070b600000|100%|HC|  |TAMS 0x000000070b600000, 0x000000070b400000| Complete 
|  66|0x000000070b600000, 0x000000070b800000, 0x000000070b800000|100%|HC|  |TAMS 0x000000070b800000, 0x000000070b600000| Complete 
|  67|0x000000070b800000, 0x000000070ba00000, 0x000000070ba00000|100%|HC|  |TAMS 0x000000070ba00000, 0x000000070b800000| Complete 
|  68|0x000000070ba00000, 0x000000070bc00000, 0x000000070bc00000|100%|HC|  |TAMS 0x000000070bc00000, 0x000000070ba00000| Complete 
|  69|0x000000070bc00000, 0x000000070be00000, 0x000000070be00000|100%|HS|  |TAMS 0x000000070be00000, 0x000000070bc00000| Complete 
|  70|0x000000070be00000, 0x000000070c000000, 0x000000070c000000|100%|HS|  |TAMS 0x000000070c000000, 0x000000070be00000| Complete 
|  71|0x000000070c000000, 0x000000070c200000, 0x000000070c200000|100%|HS|  |TAMS 0x000000070c200000, 0x000000070c000000| Complete 
|  72|0x000000070c200000, 0x000000070c400000, 0x000000070c400000|100%|HS|  |TAMS 0x000000070c400000, 0x000000070c200000| Complete 
|  73|0x000000070c400000, 0x000000070c600000, 0x000000070c600000|100%|HS|  |TAMS 0x000000070c600000, 0x000000070c400000| Complete 
|  74|0x000000070c600000, 0x000000070c800000, 0x000000070c800000|100%|HS|  |TAMS 0x000000070c800000, 0x000000070c600000| Complete 
|  75|0x000000070c800000, 0x000000070ca00000, 0x000000070ca00000|100%|HS|  |TAMS 0x000000070ca00000, 0x000000070c800000| Complete 
|  76|0x000000070ca00000, 0x000000070cc00000, 0x000000070cc00000|100%|HS|  |TAMS 0x000000070cc00000, 0x000000070ca00000| Complete 
|  77|0x000000070cc00000, 0x000000070ce00000, 0x000000070ce00000|100%|HS|  |TAMS 0x000000070ce00000, 0x000000070cc00000| Complete 
|  78|0x000000070ce00000, 0x000000070d000000, 0x000000070d000000|100%|HS|  |TAMS 0x000000070d000000, 0x000000070ce00000| Complete 
|  79|0x000000070d000000, 0x000000070d200000, 0x000000070d200000|100%| O|  |TAMS 0x000000070d200000, 0x000000070d000000| Untracked 
|  80|0x000000070d200000, 0x000000070d2dd600, 0x000000070d400000| 43%| O|  |TAMS 0x000000070d298e00, 0x000000070d200000| Untracked 
|  81|0x000000070d400000, 0x000000070d600000, 0x000000070d600000|100%|HS|  |TAMS 0x000000070d600000, 0x000000070d400000| Complete 
|  82|0x000000070d600000, 0x000000070d800000, 0x000000070d800000|100%|HC|  |TAMS 0x000000070d800000, 0x000000070d600000| Complete 
|  83|0x000000070d800000, 0x000000070da00000, 0x000000070da00000|100%|HC|  |TAMS 0x000000070da00000, 0x000000070d800000| Complete 
|  84|0x000000070da00000, 0x000000070dc00000, 0x000000070dc00000|100%|HS|  |TAMS 0x000000070da00000, 0x000000070da00000| Complete 
|  85|0x000000070dc00000, 0x000000070de00000, 0x000000070de00000|100%|HC|  |TAMS 0x000000070dc00000, 0x000000070dc00000| Complete 
|  86|0x000000070de00000, 0x000000070e000000, 0x000000070e000000|100%|HC|  |TAMS 0x000000070de00000, 0x000000070de00000| Complete 
|  87|0x000000070e000000, 0x000000070e000000, 0x000000070e200000|  0%| F|  |TAMS 0x000000070e000000, 0x000000070e000000| Untracked 
|  88|0x000000070e200000, 0x000000070e200000, 0x000000070e400000|  0%| F|  |TAMS 0x000000070e200000, 0x000000070e200000| Untracked 
|  89|0x000000070e400000, 0x000000070e400000, 0x000000070e600000|  0%| F|  |TAMS 0x000000070e400000, 0x000000070e400000| Untracked 
|  90|0x000000070e600000, 0x000000070e600000, 0x000000070e800000|  0%| F|  |TAMS 0x000000070e600000, 0x000000070e600000| Untracked 
|  91|0x000000070e800000, 0x000000070e800000, 0x000000070ea00000|  0%| F|  |TAMS 0x000000070e800000, 0x000000070e800000| Untracked 
|  92|0x000000070ea00000, 0x000000070ea00000, 0x000000070ec00000|  0%| F|  |TAMS 0x000000070ea00000, 0x000000070ea00000| Untracked 
|  93|0x000000070ec00000, 0x000000070ec00000, 0x000000070ee00000|  0%| F|  |TAMS 0x000000070ec00000, 0x000000070ec00000| Untracked 
|  94|0x000000070ee00000, 0x000000070ee00000, 0x000000070f000000|  0%| F|  |TAMS 0x000000070ee00000, 0x000000070ee00000| Untracked 
|  95|0x000000070f000000, 0x000000070f000000, 0x000000070f200000|  0%| F|  |TAMS 0x000000070f000000, 0x000000070f000000| Untracked 
|  96|0x000000070f200000, 0x000000070f200000, 0x000000070f400000|  0%| F|  |TAMS 0x000000070f200000, 0x000000070f200000| Untracked 
|  97|0x000000070f400000, 0x000000070f400000, 0x000000070f600000|  0%| F|  |TAMS 0x000000070f400000, 0x000000070f400000| Untracked 
|  98|0x000000070f600000, 0x000000070f600000, 0x000000070f800000|  0%| F|  |TAMS 0x000000070f600000, 0x000000070f600000| Untracked 
|  99|0x000000070f800000, 0x000000070f800000, 0x000000070fa00000|  0%| F|  |TAMS 0x000000070f800000, 0x000000070f800000| Untracked 
| 100|0x000000070fa00000, 0x000000070fa00000, 0x000000070fc00000|  0%| F|  |TAMS 0x000000070fa00000, 0x000000070fa00000| Untracked 
| 101|0x000000070fc00000, 0x000000070fc00000, 0x000000070fe00000|  0%| F|  |TAMS 0x000000070fc00000, 0x000000070fc00000| Untracked 
| 102|0x000000070fe00000, 0x000000070fe00000, 0x0000000710000000|  0%| F|  |TAMS 0x000000070fe00000, 0x000000070fe00000| Untracked 
| 103|0x0000000710000000, 0x0000000710000000, 0x0000000710200000|  0%| F|  |TAMS 0x0000000710000000, 0x0000000710000000| Untracked 
| 104|0x0000000710200000, 0x0000000710200000, 0x0000000710400000|  0%| F|  |TAMS 0x0000000710200000, 0x0000000710200000| Untracked 
| 105|0x0000000710400000, 0x0000000710400000, 0x0000000710600000|  0%| F|  |TAMS 0x0000000710400000, 0x0000000710400000| Untracked 
| 106|0x0000000710600000, 0x0000000710600000, 0x0000000710800000|  0%| F|  |TAMS 0x0000000710600000, 0x0000000710600000| Untracked 
| 107|0x0000000710800000, 0x0000000710800000, 0x0000000710a00000|  0%| F|  |TAMS 0x0000000710800000, 0x0000000710800000| Untracked 
| 108|0x0000000710a00000, 0x0000000710a00000, 0x0000000710c00000|  0%| F|  |TAMS 0x0000000710a00000, 0x0000000710a00000| Untracked 
| 109|0x0000000710c00000, 0x0000000710c00000, 0x0000000710e00000|  0%| F|  |TAMS 0x0000000710c00000, 0x0000000710c00000| Untracked 
| 110|0x0000000710e00000, 0x0000000710e00000, 0x0000000711000000|  0%| F|  |TAMS 0x0000000710e00000, 0x0000000710e00000| Untracked 
| 111|0x0000000711000000, 0x0000000711000000, 0x0000000711200000|  0%| F|  |TAMS 0x0000000711000000, 0x0000000711000000| Untracked 
| 112|0x0000000711200000, 0x0000000711200000, 0x0000000711400000|  0%| F|  |TAMS 0x0000000711200000, 0x0000000711200000| Untracked 
| 113|0x0000000711400000, 0x0000000711400000, 0x0000000711600000|  0%| F|  |TAMS 0x0000000711400000, 0x0000000711400000| Untracked 
| 114|0x0000000711600000, 0x0000000711600000, 0x0000000711800000|  0%| F|  |TAMS 0x0000000711600000, 0x0000000711600000| Untracked 
| 115|0x0000000711800000, 0x0000000711800000, 0x0000000711a00000|  0%| F|  |TAMS 0x0000000711800000, 0x0000000711800000| Untracked 
| 116|0x0000000711a00000, 0x0000000711a00000, 0x0000000711c00000|  0%| F|  |TAMS 0x0000000711a00000, 0x0000000711a00000| Untracked 
| 117|0x0000000711c00000, 0x0000000711c00000, 0x0000000711e00000|  0%| F|  |TAMS 0x0000000711c00000, 0x0000000711c00000| Untracked 
| 118|0x0000000711e00000, 0x0000000711e00000, 0x0000000712000000|  0%| F|  |TAMS 0x0000000711e00000, 0x0000000711e00000| Untracked 
| 119|0x0000000712000000, 0x0000000712000000, 0x0000000712200000|  0%| F|  |TAMS 0x0000000712000000, 0x0000000712000000| Untracked 
| 120|0x0000000712200000, 0x0000000712200000, 0x0000000712400000|  0%| F|  |TAMS 0x0000000712200000, 0x0000000712200000| Untracked 
| 121|0x0000000712400000, 0x0000000712400000, 0x0000000712600000|  0%| F|  |TAMS 0x0000000712400000, 0x0000000712400000| Untracked 
| 122|0x0000000712600000, 0x0000000712600000, 0x0000000712800000|  0%| F|  |TAMS 0x0000000712600000, 0x0000000712600000| Untracked 
| 123|0x0000000712800000, 0x0000000712800000, 0x0000000712a00000|  0%| F|  |TAMS 0x0000000712800000, 0x0000000712800000| Untracked 
| 124|0x0000000712a00000, 0x0000000712a00000, 0x0000000712c00000|  0%| F|  |TAMS 0x0000000712a00000, 0x0000000712a00000| Untracked 
| 125|0x0000000712c00000, 0x0000000712c00000, 0x0000000712e00000|  0%| F|  |TAMS 0x0000000712c00000, 0x0000000712c00000| Untracked 
| 126|0x0000000712e00000, 0x0000000712e00000, 0x0000000713000000|  0%| F|  |TAMS 0x0000000712e00000, 0x0000000712e00000| Untracked 
| 127|0x0000000713000000, 0x0000000713000000, 0x0000000713200000|  0%| F|  |TAMS 0x0000000713000000, 0x0000000713000000| Untracked 
| 128|0x0000000713200000, 0x0000000713200000, 0x0000000713400000|  0%| F|  |TAMS 0x0000000713200000, 0x0000000713200000| Untracked 
| 129|0x0000000713400000, 0x0000000713400000, 0x0000000713600000|  0%| F|  |TAMS 0x0000000713400000, 0x0000000713400000| Untracked 
| 130|0x0000000713600000, 0x0000000713600000, 0x0000000713800000|  0%| F|  |TAMS 0x0000000713600000, 0x0000000713600000| Untracked 
| 131|0x0000000713800000, 0x0000000713800000, 0x0000000713a00000|  0%| F|  |TAMS 0x0000000713800000, 0x0000000713800000| Untracked 
| 132|0x0000000713a00000, 0x0000000713a00000, 0x0000000713c00000|  0%| F|  |TAMS 0x0000000713a00000, 0x0000000713a00000| Untracked 
| 133|0x0000000713c00000, 0x0000000713c00000, 0x0000000713e00000|  0%| F|  |TAMS 0x0000000713c00000, 0x0000000713c00000| Untracked 
| 134|0x0000000713e00000, 0x0000000713e00000, 0x0000000714000000|  0%| F|  |TAMS 0x0000000713e00000, 0x0000000713e00000| Untracked 
| 135|0x0000000714000000, 0x0000000714000000, 0x0000000714200000|  0%| F|  |TAMS 0x0000000714000000, 0x0000000714000000| Untracked 
| 136|0x0000000714200000, 0x0000000714200000, 0x0000000714400000|  0%| F|  |TAMS 0x0000000714200000, 0x0000000714200000| Untracked 
| 137|0x0000000714400000, 0x0000000714400000, 0x0000000714600000|  0%| F|  |TAMS 0x0000000714400000, 0x0000000714400000| Untracked 
| 138|0x0000000714600000, 0x0000000714600000, 0x0000000714800000|  0%| F|  |TAMS 0x0000000714600000, 0x0000000714600000| Untracked 
| 139|0x0000000714800000, 0x0000000714800000, 0x0000000714a00000|  0%| F|  |TAMS 0x0000000714800000, 0x0000000714800000| Untracked 
| 140|0x0000000714a00000, 0x0000000714b1f648, 0x0000000714c00000| 56%| S|CS|TAMS 0x0000000714a00000, 0x0000000714a00000| Complete 
| 141|0x0000000714c00000, 0x0000000714d84180, 0x0000000714e00000| 75%| E|  |TAMS 0x0000000714c00000, 0x0000000714c00000| Complete 
| 142|0x0000000714e00000, 0x0000000715000000, 0x0000000715000000|100%| E|CS|TAMS 0x0000000714e00000, 0x0000000714e00000| Complete 
| 143|0x0000000715000000, 0x0000000715200000, 0x0000000715200000|100%| E|CS|TAMS 0x0000000715000000, 0x0000000715000000| Complete 

Card table byte_map: [0x00000116a83f0000,0x00000116a8be0000] _byte_map_base: 0x00000116a4bd7000

Marking Bits (Prev, Next): (CMBitMap*) 0x00000116909dad40, (CMBitMap*) 0x00000116909dad80
 Prev Bits: [0x00000116a93d0000, 0x00000116ad308000)
 Next Bits: [0x00000116ad310000, 0x00000116b1248000)

Polling page: 0x000001168e8f0000

Metaspace:

Usage:
  Non-class:     17.85 MB used.
      Class:      2.88 MB used.
       Both:     20.72 MB used.

Virtual space:
  Non-class space:       64.00 MB reserved,      18.06 MB ( 28%) committed,  1 nodes.
      Class space:        1.00 GB reserved,       3.12 MB ( <1%) committed,  1 nodes.
             Both:        1.06 GB reserved,      21.19 MB (  2%) committed. 

Chunk freelists:
   Non-Class:  1.14 MB
       Class:  815.00 KB
        Both:  1.94 MB

MaxMetaspaceSize: unlimited
CompressedClassSpaceSize: 1.00 GB
Initial GC threshold: 21.00 MB
Current GC threshold: 35.25 MB
CDS: on
MetaspaceReclaimPolicy: balanced
 - commit_granule_bytes: 65536.
 - commit_granule_words: 8192.
 - virtual_space_node_default_size: 8388608.
 - enlarge_chunks_in_place: 1.
 - new_chunks_are_fully_committed: 0.
 - uncommit_free_chunks: 1.
 - use_allocation_guard: 0.


Internal statistics:

num_allocs_failed_limit: 0.
num_arena_births: 554.
num_arena_deaths: 2.
num_vsnodes_births: 2.
num_vsnodes_deaths: 0.
num_space_committed: 339.
num_space_uncommitted: 0.
num_chunks_returned_to_freelist: 3.
num_chunks_taken_from_freelist: 1264.
num_chunk_merges: 0.
num_chunk_splits: 839.
num_chunks_enlarged: 591.
num_inconsistent_stats: 0.

CodeHeap 'non-profiled nmethods': size=120000Kb used=2210Kb max_used=2210Kb free=117790Kb
 bounds [0x00000116a03a0000, 0x00000116a0610000, 0x00000116a78d0000]
CodeHeap 'profiled nmethods': size=120000Kb used=10345Kb max_used=10345Kb free=109654Kb
 bounds [0x00000116988d0000, 0x00000116992f0000, 0x000001169fe00000]
CodeHeap 'non-nmethods': size=5760Kb used=1580Kb max_used=1625Kb free=4179Kb
 bounds [0x000001169fe00000, 0x00000116a0070000, 0x00000116a03a0000]
 total_blobs=5639 nmethods=4785 adapters=761
 compilation: enabled
              stopped_count=0, restarted_count=0
 full_count=0

Compilation events (20 events):
Event: 29.714 Thread 0x00000116b3ca7740 4777 %     4       java.util.Arrays::fill @ 10 (28 bytes)
Event: 29.718 Thread 0x00000116b3ca7740 nmethod 4777% 0x00000116a05c7c90 code [0x00000116a05c7e20, 0x00000116a05c7fd8]
Event: 30.281 Thread 0x00000116b3ca7740 4778       4       com.sun.prism.impl.BaseTexture::isSurfaceLost (16 bytes)
Event: 30.282 Thread 0x00000116b3ca7740 nmethod 4778 0x00000116a05c8110 code [0x00000116a05c82a0, 0x00000116a05c8398]
Event: 30.698 Thread 0x00000116b3ca7740 4779       4       com.sun.prism.impl.ManagedResource::isLocked (13 bytes)
Event: 30.699 Thread 0x00000116b3ca7740 nmethod 4779 0x00000116a05c8510 code [0x00000116a05c8680, 0x00000116a05c8718]
Event: 30.704 Thread 0x00000116b3caa0e0 4782       3       javafx.scene.text.Font::equals (70 bytes)
Event: 30.705 Thread 0x00000116b3caa0e0 nmethod 4782 0x00000116992e3f10 code [0x00000116992e40e0, 0x00000116992e4668]
Event: 30.705 Thread 0x00000116b3caa0e0 4780       3       javafx.scene.text.Font::font (54 bytes)
Event: 30.706 Thread 0x00000116b3caa0e0 nmethod 4780 0x00000116992e4790 code [0x00000116992e49e0, 0x00000116992e5048]
Event: 30.706 Thread 0x00000116b3caa0e0 4781       3       com.sun.javafx.font.PrismFontLoader::font (116 bytes)
Event: 30.707 Thread 0x00000116b3caa0e0 nmethod 4781 0x00000116992e5310 code [0x00000116992e5560, 0x00000116992e5e88]
Event: 30.781 Thread 0x00000116b3caa0e0 4783       3       com.sun.prism.impl.BaseResourcePool::freeDisposalRequestedAndCheckResources (156 bytes)
Event: 30.782 Thread 0x00000116b3caa0e0 nmethod 4783 0x00000116992e6290 code [0x00000116992e6500, 0x00000116992e71e8]
Event: 30.985 Thread 0x00000116b3caa0e0 4784       3       java.util.ArrayList::<init> (65 bytes)
Event: 30.986 Thread 0x00000116b3caa0e0 nmethod 4784 0x00000116992e7610 code [0x00000116992e7820, 0x00000116992e7e88]
Event: 31.281 Thread 0x00000116b3caa0e0 4785       3       javafx.collections.ListChangeBuilder::nextRemove (303 bytes)
Event: 31.281 Thread 0x00000116b3caa0e0 nmethod 4785 0x00000116992e8010 code [0x00000116992e8340, 0x00000116992e9ab8]
Event: 31.284 Thread 0x00000116b3caa0e0 4786       3       java.util.ArrayList::remove (26 bytes)
Event: 31.285 Thread 0x00000116b3caa0e0 nmethod 4786 0x00000116992ea110 code [0x00000116992ea2c0, 0x00000116992ea4e8]

GC Heap History (20 events):
Event: 13.392 GC heap before
{Heap before GC invocations=15 (full 0):
 garbage-first heap   total 260096K, used 148328K [0x0000000703200000, 0x0000000800000000)
  region size 2048K, 3 young (6144K), 2 survivors (4096K)
 Metaspace       used 20593K, committed 20992K, reserved 1114112K
  class space    used 2911K, committed 3136K, reserved 1048576K
}
Event: 13.393 GC heap after
{Heap after GC invocations=16 (full 0):
 garbage-first heap   total 260096K, used 148328K [0x0000000703200000, 0x0000000800000000)
  region size 2048K, 2 young (4096K), 2 survivors (4096K)
 Metaspace       used 20593K, committed 20992K, reserved 1114112K
  class space    used 2911K, committed 3136K, reserved 1048576K
}
Event: 13.421 GC heap before
{Heap before GC invocations=17 (full 0):
 garbage-first heap   total 260096K, used 150376K [0x0000000703200000, 0x0000000800000000)
  region size 2048K, 3 young (6144K), 2 survivors (4096K)
 Metaspace       used 20593K, committed 20992K, reserved 1114112K
  class space    used 2911K, committed 3136K, reserved 1048576K
}
Event: 13.423 GC heap after
{Heap after GC invocations=18 (full 0):
 garbage-first heap   total 260096K, used 150249K [0x0000000703200000, 0x0000000800000000)
  region size 2048K, 2 young (4096K), 2 survivors (4096K)
 Metaspace       used 20593K, committed 20992K, reserved 1114112K
  class space    used 2911K, committed 3136K, reserved 1048576K
}
Event: 13.447 GC heap before
{Heap before GC invocations=19 (full 0):
 garbage-first heap   total 260096K, used 152297K [0x0000000703200000, 0x0000000800000000)
  region size 2048K, 3 young (6144K), 2 survivors (4096K)
 Metaspace       used 20593K, committed 20992K, reserved 1114112K
  class space    used 2911K, committed 3136K, reserved 1048576K
}
Event: 13.449 GC heap after
{Heap after GC invocations=20 (full 0):
 garbage-first heap   total 260096K, used 152306K [0x0000000703200000, 0x0000000800000000)
  region size 2048K, 2 young (4096K), 2 survivors (4096K)
 Metaspace       used 20593K, committed 20992K, reserved 1114112K
  class space    used 2911K, committed 3136K, reserved 1048576K
}
Event: 13.473 GC heap before
{Heap before GC invocations=21 (full 0):
 garbage-first heap   total 264192K, used 154354K [0x0000000703200000, 0x0000000800000000)
  region size 2048K, 3 young (6144K), 2 survivors (4096K)
 Metaspace       used 20593K, committed 20992K, reserved 1114112K
  class space    used 2911K, committed 3136K, reserved 1048576K
}
Event: 13.477 GC heap after
{Heap after GC invocations=22 (full 0):
 garbage-first heap   total 264192K, used 154409K [0x0000000703200000, 0x0000000800000000)
  region size 2048K, 2 young (4096K), 2 survivors (4096K)
 Metaspace       used 20593K, committed 20992K, reserved 1114112K
  class space    used 2911K, committed 3136K, reserved 1048576K
}
Event: 13.498 GC heap before
{Heap before GC invocations=23 (full 0):
 garbage-first heap   total 266240K, used 156457K [0x0000000703200000, 0x0000000800000000)
  region size 2048K, 3 young (6144K), 2 survivors (4096K)
 Metaspace       used 20593K, committed 20992K, reserved 1114112K
  class space    used 2911K, committed 3136K, reserved 1048576K
}
Event: 13.502 GC heap after
{Heap after GC invocations=24 (full 0):
 garbage-first heap   total 266240K, used 156521K [0x0000000703200000, 0x0000000800000000)
  region size 2048K, 2 young (4096K), 2 survivors (4096K)
 Metaspace       used 20593K, committed 20992K, reserved 1114112K
  class space    used 2911K, committed 3136K, reserved 1048576K
}
Event: 13.533 GC heap before
{Heap before GC invocations=25 (full 0):
 garbage-first heap   total 270336K, used 158569K [0x0000000703200000, 0x0000000800000000)
  region size 2048K, 3 young (6144K), 2 survivors (4096K)
 Metaspace       used 20593K, committed 20992K, reserved 1114112K
  class space    used 2911K, committed 3136K, reserved 1048576K
}
Event: 13.538 GC heap after
{Heap after GC invocations=26 (full 0):
 garbage-first heap   total 270336K, used 158517K [0x0000000703200000, 0x0000000800000000)
  region size 2048K, 2 young (4096K), 2 survivors (4096K)
 Metaspace       used 20593K, committed 20992K, reserved 1114112K
  class space    used 2911K, committed 3136K, reserved 1048576K
}
Event: 13.576 GC heap before
{Heap before GC invocations=27 (full 0):
 garbage-first heap   total 270336K, used 160565K [0x0000000703200000, 0x0000000800000000)
  region size 2048K, 3 young (6144K), 2 survivors (4096K)
 Metaspace       used 20593K, committed 20992K, reserved 1114112K
  class space    used 2911K, committed 3136K, reserved 1048576K
}
Event: 13.577 GC heap after
{Heap after GC invocations=28 (full 0):
 garbage-first heap   total 270336K, used 160564K [0x0000000703200000, 0x0000000800000000)
  region size 2048K, 2 young (4096K), 2 survivors (4096K)
 Metaspace       used 20593K, committed 20992K, reserved 1114112K
  class space    used 2911K, committed 3136K, reserved 1048576K
}
Event: 13.600 GC heap before
{Heap before GC invocations=29 (full 0):
 garbage-first heap   total 276480K, used 162612K [0x0000000703200000, 0x0000000800000000)
  region size 2048K, 3 young (6144K), 2 survivors (4096K)
 Metaspace       used 20593K, committed 20992K, reserved 1114112K
  class space    used 2911K, committed 3136K, reserved 1048576K
}
Event: 13.603 GC heap after
{Heap after GC invocations=30 (full 0):
 garbage-first heap   total 276480K, used 162541K [0x0000000703200000, 0x0000000800000000)
  region size 2048K, 2 young (4096K), 2 survivors (4096K)
 Metaspace       used 20593K, committed 20992K, reserved 1114112K
  class space    used 2911K, committed 3136K, reserved 1048576K
}
Event: 13.631 GC heap before
{Heap before GC invocations=31 (full 0):
 garbage-first heap   total 280576K, used 164589K [0x0000000703200000, 0x0000000800000000)
  region size 2048K, 3 young (6144K), 2 survivors (4096K)
 Metaspace       used 20593K, committed 20992K, reserved 1114112K
  class space    used 2911K, committed 3136K, reserved 1048576K
}
Event: 13.633 GC heap after
{Heap after GC invocations=32 (full 0):
 garbage-first heap   total 280576K, used 165090K [0x0000000703200000, 0x0000000800000000)
  region size 2048K, 1 young (2048K), 1 survivors (2048K)
 Metaspace       used 20593K, committed 20992K, reserved 1114112K
  class space    used 2911K, committed 3136K, reserved 1048576K
}
Event: 26.320 GC heap before
{Heap before GC invocations=33 (full 0):
 garbage-first heap   total 294912K, used 177378K [0x0000000703200000, 0x0000000800000000)
  region size 2048K, 5 young (10240K), 1 survivors (2048K)
 Metaspace       used 21156K, committed 21632K, reserved 1114112K
  class space    used 2944K, committed 3200K, reserved 1048576K
}
Event: 26.323 GC heap after
{Heap after GC invocations=34 (full 0):
 garbage-first heap   total 294912K, used 172019K [0x0000000703200000, 0x0000000800000000)
  region size 2048K, 1 young (2048K), 1 survivors (2048K)
 Metaspace       used 21156K, committed 21632K, reserved 1114112K
  class space    used 2944K, committed 3200K, reserved 1048576K
}

Dll operation events (20 events):
Event: 0.337 Loaded shared library C:\Users\figio\.openjfx\cache\19+11\amd64\api-ms-win-crt-math-l1-1-0.dll
Event: 0.341 Loaded shared library C:\Users\figio\.openjfx\cache\19+11\amd64\api-ms-win-crt-multibyte-l1-1-0.dll
Event: 0.344 Loaded shared library C:\Users\figio\.openjfx\cache\19+11\amd64\api-ms-win-crt-private-l1-1-0.dll
Event: 0.348 Loaded shared library C:\Users\figio\.openjfx\cache\19+11\amd64\api-ms-win-crt-process-l1-1-0.dll
Event: 0.351 Loaded shared library C:\Users\figio\.openjfx\cache\19+11\amd64\api-ms-win-crt-runtime-l1-1-0.dll
Event: 0.354 Loaded shared library C:\Users\figio\.openjfx\cache\19+11\amd64\api-ms-win-crt-stdio-l1-1-0.dll
Event: 0.358 Loaded shared library C:\Users\figio\.openjfx\cache\19+11\amd64\api-ms-win-crt-string-l1-1-0.dll
Event: 0.361 Loaded shared library C:\Users\figio\.openjfx\cache\19+11\amd64\api-ms-win-crt-time-l1-1-0.dll
Event: 0.364 Loaded shared library C:\Users\figio\.openjfx\cache\19+11\amd64\api-ms-win-crt-utility-l1-1-0.dll
Event: 0.376 Loaded shared library C:\Users\figio\.openjfx\cache\19+11\amd64\ucrtbase.dll
Event: 0.381 Loaded shared library C:\Users\figio\.openjfx\cache\19+11\amd64\vcruntime140.dll
Event: 0.384 Loaded shared library C:\Users\figio\.openjfx\cache\19+11\amd64\vcruntime140_1.dll
Event: 0.391 Loaded shared library C:\Users\figio\.openjfx\cache\19+11\amd64\msvcp140.dll
Event: 0.394 Loaded shared library C:\Users\figio\.openjfx\cache\19+11\amd64\msvcp140_1.dll
Event: 0.398 Loaded shared library C:\Users\figio\.openjfx\cache\19+11\amd64\msvcp140_2.dll
Event: 0.429 Loaded shared library C:\Users\figio\.openjfx\cache\19+11\amd64\prism_d3d.dll
Event: 0.455 Loaded shared library C:\Users\figio\.openjfx\cache\19+11\amd64\glass.dll
Event: 0.688 Loaded shared library C:\Users\figio\.openjfx\cache\19+11\amd64\javafx_font.dll
Event: 0.931 Loaded shared library C:\Users\figio\.openjfx\cache\19+11\amd64\javafx_iio.dll
Event: 6.670 Loaded shared library C:\Program Files\Java\jdk-19\bin\rmi.dll

Deoptimization events (20 events):
Event: 17.447 Thread 0x00000116b3cace60 DEOPT PACKING pc=0x00000116a05846e8 sp=0x0000000cd83fcdf0
Event: 17.447 Thread 0x00000116b3cace60 DEOPT UNPACKING pc=0x000001169fe6a5a3 sp=0x0000000cd83fcd90 mode 2
Event: 17.447 Thread 0x00000116b3cace60 Uncommon trap: trap_request=0xffffffbe fr.pc=0x00000116a05846e8 relative=0x0000000000001e28
Event: 17.447 Thread 0x00000116b3cace60 Uncommon trap: reason=profile_predicate action=maybe_recompile pc=0x00000116a05846e8 method=com.sun.prism.impl.GlyphCache.render(Lcom/sun/prism/impl/BaseContext;Lcom/sun/javafx/scene/text/GlyphList;FFIILcom/sun/prism/paint/Color;Lcom/sun/prism/paint/Color
Event: 17.447 Thread 0x00000116b3cace60 DEOPT PACKING pc=0x00000116a05846e8 sp=0x0000000cd83fcdf0
Event: 17.447 Thread 0x00000116b3cace60 DEOPT UNPACKING pc=0x000001169fe6a5a3 sp=0x0000000cd83fcd90 mode 2
Event: 21.714 Thread 0x00000116b3cace60 DEOPT PACKING pc=0x00000116991d3477 sp=0x0000000cd83fcf80
Event: 21.714 Thread 0x00000116b3cace60 DEOPT UNPACKING pc=0x000001169fe6b0e3 sp=0x0000000cd83fc3e8 mode 0
Event: 26.305 Thread 0x00000116bd135a90 Uncommon trap: trap_request=0xffffff45 fr.pc=0x00000116a05904c8 relative=0x00000000000001a8
Event: 26.305 Thread 0x00000116bd135a90 Uncommon trap: reason=unstable_if action=reinterpret pc=0x00000116a05904c8 method=java.util.concurrent.locks.AbstractQueuedSynchronizer.release(I)Z @ 5 c2
Event: 26.305 Thread 0x00000116bd135a90 DEOPT PACKING pc=0x00000116a05904c8 sp=0x0000000cd9efec80
Event: 26.305 Thread 0x00000116bd135a90 DEOPT UNPACKING pc=0x000001169fe6a5a3 sp=0x0000000cd9efeb88 mode 2
Event: 30.448 Thread 0x00000116b3cace60 Uncommon trap: trap_request=0xffffff45 fr.pc=0x00000116a05b37bc relative=0x000000000000011c
Event: 30.448 Thread 0x00000116b3cace60 Uncommon trap: reason=unstable_if action=reinterpret pc=0x00000116a05b37bc method=com.sun.prism.impl.ManagedResource.bumpAge(I)V @ 7 c2
Event: 30.448 Thread 0x00000116b3cace60 DEOPT PACKING pc=0x00000116a05b37bc sp=0x0000000cd83fee40
Event: 30.448 Thread 0x00000116b3cace60 DEOPT UNPACKING pc=0x000001169fe6a5a3 sp=0x0000000cd83fed78 mode 2
Event: 31.305 Thread 0x00000116bd132ac0 Uncommon trap: trap_request=0xffffff45 fr.pc=0x00000116a03f6c38 relative=0x0000000000000118
Event: 31.305 Thread 0x00000116bd132ac0 Uncommon trap: reason=unstable_if action=reinterpret pc=0x00000116a03f6c38 method=java.util.concurrent.locks.ReentrantLock$Sync.tryRelease(I)Z @ 26 c2
Event: 31.305 Thread 0x00000116bd132ac0 DEOPT PACKING pc=0x00000116a03f6c38 sp=0x0000000cda0fed70
Event: 31.305 Thread 0x00000116bd132ac0 DEOPT UNPACKING pc=0x000001169fe6a5a3 sp=0x0000000cda0fec60 mode 2

Classes loaded (20 events):
Event: 13.674 Loading class java/text/BreakIterator
Event: 13.674 Loading class java/text/BreakIterator done
Event: 13.674 Loading class sun/util/locale/provider/BreakIteratorProviderImpl
Event: 13.674 Loading class sun/util/locale/provider/BreakIteratorProviderImpl done
Event: 13.675 Loading class sun/text/resources/BreakIteratorInfo
Event: 13.675 Loading class sun/text/resources/BreakIteratorInfo done
Event: 13.675 Loading class sun/text/resources/BreakIteratorResources
Event: 13.675 Loading class sun/util/resources/BreakIteratorResourceBundle
Event: 13.675 Loading class sun/util/resources/BreakIteratorResourceBundle done
Event: 13.675 Loading class sun/text/resources/BreakIteratorResources done
Event: 13.676 Loading class sun/text/RuleBasedBreakIterator
Event: 13.676 Loading class sun/text/RuleBasedBreakIterator done
Event: 13.676 Loading class sun/text/CompactByteArray
Event: 13.676 Loading class sun/text/CompactByteArray done
Event: 13.676 Loading class sun/text/SupplementaryCharacterData
Event: 13.676 Loading class sun/text/SupplementaryCharacterData done
Event: 13.676 Loading class java/text/BreakIterator$BreakIteratorCache
Event: 13.676 Loading class java/text/BreakIterator$BreakIteratorCache done
Event: 21.717 Loading class java/util/ArrayList$ListItr
Event: 21.717 Loading class java/util/ArrayList$ListItr done

Classes unloaded (1 events):
Event: 13.302 Thread 0x00000116b3c71cf0 Unloading class 0x0000000801297000 'java/lang/invoke/LambdaForm$DMH+0x0000000801297000'

Classes redefined (0 events):
No events

Internal exceptions (20 events):
Event: 13.258 Thread 0x00000116b3cad3b0 Exception <a 'java/io/FileNotFoundException'{0x0000000712e060b8}> (0x0000000712e060b8) 
thrown [s\open\src\hotspot\share\prims\jni.cpp, line 517]
Event: 13.287 Thread 0x00000116b3cad3b0 Exception <a 'java/io/FileNotFoundException'{0x0000000712e08708}> (0x0000000712e08708) 
thrown [s\open\src\hotspot\share\prims\jni.cpp, line 517]
Event: 13.316 Thread 0x00000116b3cad3b0 Exception <a 'java/io/FileNotFoundException'{0x0000000712e06628}> (0x0000000712e06628) 
thrown [s\open\src\hotspot\share\prims\jni.cpp, line 517]
Event: 13.340 Thread 0x00000116b3cad3b0 Exception <a 'java/io/FileNotFoundException'{0x0000000712e07f38}> (0x0000000712e07f38) 
thrown [s\open\src\hotspot\share\prims\jni.cpp, line 517]
Event: 13.361 Thread 0x00000116b3cad3b0 Exception <a 'java/io/FileNotFoundException'{0x0000000712e060b8}> (0x0000000712e060b8) 
thrown [s\open\src\hotspot\share\prims\jni.cpp, line 517]
Event: 13.392 Thread 0x00000116b3cad3b0 Exception <a 'java/io/FileNotFoundException'{0x0000000712e060b8}> (0x0000000712e060b8) 
thrown [s\open\src\hotspot\share\prims\jni.cpp, line 517]
Event: 13.420 Thread 0x00000116b3cad3b0 Exception <a 'java/io/FileNotFoundException'{0x0000000712e074b8}> (0x0000000712e074b8) 
thrown [s\open\src\hotspot\share\prims\jni.cpp, line 517]
Event: 13.446 Thread 0x00000116b3cad3b0 Exception <a 'java/io/FileNotFoundException'{0x0000000712e060b8}> (0x0000000712e060b8) 
thrown [s\open\src\hotspot\share\prims\jni.cpp, line 517]
Event: 13.473 Thread 0x00000116b3cad3b0 Exception <a 'java/io/FileNotFoundException'{0x0000000712e06b88}> (0x0000000712e06b88) 
thrown [s\open\src\hotspot\share\prims\jni.cpp, line 517]
Event: 13.498 Thread 0x00000116b3cad3b0 Exception <a 'java/io/FileNotFoundException'{0x0000000712e07e78}> (0x0000000712e07e78) 
thrown [s\open\src\hotspot\share\prims\jni.cpp, line 517]
Event: 13.533 Thread 0x00000116b3cad3b0 Exception <a 'java/io/FileNotFoundException'{0x00000007132060b8}> (0x00000007132060b8) 
thrown [s\open\src\hotspot\share\prims\jni.cpp, line 517]
Event: 13.575 Thread 0x00000116b3cad3b0 Exception <a 'java/io/FileNotFoundException'{0x00000007134060b8}> (0x00000007134060b8) 
thrown [s\open\src\hotspot\share\prims\jni.cpp, line 517]
Event: 13.600 Thread 0x00000116b3cad3b0 Exception <a 'java/io/FileNotFoundException'{0x0000000713807f38}> (0x0000000713807f38) 
thrown [s\open\src\hotspot\share\prims\jni.cpp, line 517]
Event: 13.627 Thread 0x00000116b3cad3b0 Exception <a 'java/io/FileNotFoundException'{0x0000000713a2d068}> (0x0000000713a2d068) 
thrown [s\open\src\hotspot\share\prims\jni.cpp, line 517]
Event: 13.631 Thread 0x00000116b3cad3b0 Exception <a 'java/io/FileNotFoundException'{0x0000000713a7f870}> (0x0000000713a7f870) 
thrown [s\open\src\hotspot\share\prims\jni.cpp, line 517]
Event: 13.668 Thread 0x00000116b3cad3b0 Exception <a 'java/io/FileNotFoundException'{0x000000071401d248}> (0x000000071401d248) 
thrown [s\open\src\hotspot\share\prims\jni.cpp, line 517]
Event: 15.399 Thread 0x00000116b3cace60 Implicit null exception at 0x00000116a056e7d0 to 0x00000116a056e834
Event: 26.122 Thread 0x00000116bd132570 Exception <a 'java/lang/NoSuchMethodError'{0x00000007151e49a0}: static Lit/polimi/ingsw/Network/Messages/ErrorMessage;.<clinit>()V> (0x00000007151e49a0) 
thrown [s\open\src\hotspot\share\prims\jni.cpp, line 1107]
Event: 26.319 Thread 0x00000116b3cad3b0 Exception <a 'java/io/FileNotFoundException'{0x0000000714f750d0}> (0x0000000714f750d0) 
thrown [s\open\src\hotspot\share\prims\jni.cpp, line 517]
Event: 26.396 Thread 0x00000116b3cad3b0 Exception <a 'java/io/FileNotFoundException'{0x0000000715129128}> (0x0000000715129128) 
thrown [s\open\src\hotspot\share\prims\jni.cpp, line 517]

VM Operations (20 events):
Event: 23.739 Executing VM operation: Cleanup done
Event: 24.748 Executing VM operation: Cleanup
Event: 24.748 Executing VM operation: Cleanup done
Event: 25.762 Executing VM operation: Cleanup
Event: 25.762 Executing VM operation: Cleanup done
Event: 26.319 Executing VM operation: G1TryInitiateConcMark
Event: 26.323 Executing VM operation: G1TryInitiateConcMark done
Event: 26.341 Executing VM operation: G1PauseRemark
Event: 26.347 Executing VM operation: G1PauseRemark done
Event: 26.353 Executing VM operation: G1PauseCleanup
Event: 26.353 Executing VM operation: G1PauseCleanup done
Event: 27.362 Executing VM operation: Cleanup
Event: 27.362 Executing VM operation: Cleanup done
Event: 28.373 Executing VM operation: Cleanup
Event: 28.373 Executing VM operation: Cleanup done
Event: 29.378 Executing VM operation: Cleanup
Event: 29.378 Executing VM operation: Cleanup done
Event: 30.393 Executing VM operation: Cleanup
Event: 30.394 Executing VM operation: Cleanup done
Event: 31.306 Executing VM operation: Exit

Events (20 events):
Event: 12.804 Thread 0x00000116b3cab190 Thread added: 0x00000116b3cab190
Event: 12.990 Thread 0x00000116bd132ac0 Thread added: 0x00000116bd132ac0
Event: 12.990 Thread 0x00000116bd136fd0 Thread exited: 0x00000116bd136fd0
Event: 13.235 Thread 0x00000116b3cab190 Thread exited: 0x00000116b3cab190
Event: 13.687 Thread 0x00000116b3cab190 Thread added: 0x00000116b3cab190
Event: 13.943 Thread 0x00000116b3cab190 Thread exited: 0x00000116b3cab190
Event: 16.002 Thread 0x00000116bd130040 Thread added: 0x00000116bd130040
Event: 16.002 Thread 0x00000116bd132ac0 Thread exited: 0x00000116bd132ac0
Event: 19.012 Thread 0x00000116bd130040 Thread exited: 0x00000116bd130040
Event: 19.012 Thread 0x00000116bd135fe0 Thread added: 0x00000116bd135fe0
Event: 22.031 Thread 0x00000116bd135fe0 Thread exited: 0x00000116bd135fe0
Event: 22.031 Thread 0x00000116bd130040 Thread added: 0x00000116bd130040
Event: 25.091 Thread 0x00000116bd130040 Thread exited: 0x00000116bd130040
Event: 25.091 Thread 0x00000116bd137520 Thread added: 0x00000116bd137520
Event: 26.306 Thread 0x00000116bd137520 Thread exited: 0x00000116bd137520
Event: 31.304 Thread 0x00000116bd131580 Thread added: 0x00000116bd131580
Event: 31.304 Thread 0x00000116bd132ac0 Thread added: 0x00000116bd132ac0
Event: 31.305 Thread 0x00000116bd131580 Thread exited: 0x00000116bd131580
Event: 31.306 Thread 0x00000116bd132ac0 Thread exited: 0x00000116bd132ac0
Event: 31.306 Thread 0x00000116b3c87cd0 Thread exited: 0x00000116b3c87cd0


Dynamic libraries:
0x00007ff7fcd50000 - 0x00007ff7fcd60000 	C:\Program Files\Java\jdk-19\bin\java.exe
0x00007ff9a2ef0000 - 0x00007ff9a3104000 	C:\WINDOWS\SYSTEM32\ntdll.dll
0x00007ff9a2030000 - 0x00007ff9a20f2000 	C:\WINDOWS\System32\KERNEL32.DLL
0x00007ff9a08c0000 - 0x00007ff9a0c63000 	C:\WINDOWS\System32\KERNELBASE.dll
0x00007ff9a0680000 - 0x00007ff9a0791000 	C:\WINDOWS\System32\ucrtbase.dll
0x00007ff98a710000 - 0x00007ff98a72b000 	C:\Program Files\Java\jdk-19\bin\VCRUNTIME140.dll
0x00007ff98ed90000 - 0x00007ff98eda8000 	C:\Program Files\Java\jdk-19\bin\jli.dll
0x00007ff9a0e50000 - 0x00007ff9a0efe000 	C:\WINDOWS\System32\ADVAPI32.dll
0x00007ff9a2590000 - 0x00007ff9a2637000 	C:\WINDOWS\System32\msvcrt.dll
0x00007ff9a1dc0000 - 0x00007ff9a1e64000 	C:\WINDOWS\System32\sechost.dll
0x00007ff9a1e70000 - 0x00007ff9a1f87000 	C:\WINDOWS\System32\RPCRT4.dll
0x00007ff9a2c80000 - 0x00007ff9a2e2b000 	C:\WINDOWS\System32\USER32.dll
0x00007ff9a0380000 - 0x00007ff9a03a6000 	C:\WINDOWS\System32\win32u.dll
0x00007ff982b30000 - 0x00007ff982dbe000 	C:\WINDOWS\WinSxS\amd64_microsoft.windows.common-controls_6595b64144ccf1df_6.0.22621.1635_none_270f70857386168e\COMCTL32.dll
0x00007ff9a2230000 - 0x00007ff9a2259000 	C:\WINDOWS\System32\GDI32.dll
0x00007ff9a07a0000 - 0x00007ff9a08b8000 	C:\WINDOWS\System32\gdi32full.dll
0x00007ff9a03b0000 - 0x00007ff9a044a000 	C:\WINDOWS\System32\msvcp_win.dll
0x00007ff9956d0000 - 0x00007ff9956da000 	C:\WINDOWS\SYSTEM32\VERSION.dll
0x00007ff9a1ff0000 - 0x00007ff9a2021000 	C:\WINDOWS\System32\IMM32.DLL
0x00007ff98f110000 - 0x00007ff98f11c000 	C:\Program Files\Java\jdk-19\bin\vcruntime140_1.dll
0x00007ff96f830000 - 0x00007ff96f8be000 	C:\Program Files\Java\jdk-19\bin\msvcp140.dll
0x00007ff932f20000 - 0x00007ff933be0000 	C:\Program Files\Java\jdk-19\bin\server\jvm.dll
0x00007ff969780000 - 0x00007ff969789000 	C:\WINDOWS\SYSTEM32\WSOCK32.dll
0x00007ff9a1b00000 - 0x00007ff9a1b71000 	C:\WINDOWS\System32\WS2_32.dll
0x00007ff98ecf0000 - 0x00007ff98ed24000 	C:\WINDOWS\SYSTEM32\WINMM.dll
0x00007ff99f430000 - 0x00007ff99f448000 	C:\WINDOWS\SYSTEM32\kernel.appcore.dll
0x00007ff98ed80000 - 0x00007ff98ed8a000 	C:\Program Files\Java\jdk-19\bin\jimage.dll
0x00007ff99dac0000 - 0x00007ff99dcee000 	C:\WINDOWS\SYSTEM32\DBGHELP.DLL
0x00007ff9a0f00000 - 0x00007ff9a1289000 	C:\WINDOWS\System32\combase.dll
0x00007ff9a0cf0000 - 0x00007ff9a0dc7000 	C:\WINDOWS\System32\OLEAUT32.dll
0x00007ff984b20000 - 0x00007ff984b52000 	C:\WINDOWS\SYSTEM32\dbgcore.DLL
0x00007ff9a0c70000 - 0x00007ff9a0ceb000 	C:\WINDOWS\System32\bcryptPrimitives.dll
0x00007ff974120000 - 0x00007ff97412e000 	C:\Program Files\Java\jdk-19\bin\instrument.dll
0x00007ff989ff0000 - 0x00007ff98a016000 	C:\Program Files\Java\jdk-19\bin\java.dll
0x00007ff96d390000 - 0x00007ff96d467000 	C:\Program Files\Java\jdk-19\bin\jsvml.dll
0x00007ff9a1300000 - 0x00007ff9a1afa000 	C:\WINDOWS\System32\SHELL32.dll
0x00007ff99e2c0000 - 0x00007ff99eb8e000 	C:\WINDOWS\SYSTEM32\windows.storage.dll
0x00007ff99e180000 - 0x00007ff99e2be000 	C:\WINDOWS\SYSTEM32\wintypes.dll
0x00007ff9a2100000 - 0x00007ff9a21f1000 	C:\WINDOWS\System32\SHCORE.dll
0x00007ff9a2e50000 - 0x00007ff9a2eae000 	C:\WINDOWS\System32\shlwapi.dll
0x00007ff9a0240000 - 0x00007ff9a0261000 	C:\WINDOWS\SYSTEM32\profapi.dll
0x00007ff97ab10000 - 0x00007ff97ab28000 	C:\Program Files\Java\jdk-19\bin\zip.dll
0x00007ff989fd0000 - 0x00007ff989fe3000 	C:\Program Files\Java\jdk-19\bin\net.dll
0x00007ff995710000 - 0x00007ff995847000 	C:\WINDOWS\SYSTEM32\WINHTTP.dll
0x00007ff99f8c0000 - 0x00007ff99f929000 	C:\WINDOWS\system32\mswsock.dll
0x00007ff9889e0000 - 0x00007ff9889f6000 	C:\Program Files\Java\jdk-19\bin\nio.dll
0x00007ff96f570000 - 0x00007ff96f58a000 	C:\Program Files\JetBrains\IntelliJ IDEA 2023.1.2\bin\breakgen64.dll
0x00007ff98b470000 - 0x00007ff98b478000 	C:\Program Files\Java\jdk-19\bin\extnet.dll
0x000001168e940000 - 0x000001168e943000 	C:\Users\figio\.openjfx\cache\19+11\amd64\api-ms-win-core-console-l1-1-0.dll
0x000001168e950000 - 0x000001168e953000 	C:\Users\figio\.openjfx\cache\19+11\amd64\api-ms-win-core-console-l1-2-0.dll
0x000001168e960000 - 0x000001168e963000 	C:\Users\figio\.openjfx\cache\19+11\amd64\api-ms-win-core-datetime-l1-1-0.dll
0x000001168e970000 - 0x000001168e973000 	C:\Users\figio\.openjfx\cache\19+11\amd64\api-ms-win-core-debug-l1-1-0.dll
0x00000116908f0000 - 0x00000116908f3000 	C:\Users\figio\.openjfx\cache\19+11\amd64\api-ms-win-core-errorhandling-l1-1-0.dll
0x0000011690900000 - 0x0000011690904000 	C:\Users\figio\.openjfx\cache\19+11\amd64\api-ms-win-core-file-l1-1-0.dll
0x0000011690910000 - 0x0000011690913000 	C:\Users\figio\.openjfx\cache\19+11\amd64\api-ms-win-core-file-l1-2-0.dll
0x0000011690920000 - 0x0000011690923000 	C:\Users\figio\.openjfx\cache\19+11\amd64\api-ms-win-core-file-l2-1-0.dll
0x00000116b3e00000 - 0x00000116b3e03000 	C:\Users\figio\.openjfx\cache\19+11\amd64\api-ms-win-core-handle-l1-1-0.dll
0x00000116b3e10000 - 0x00000116b3e13000 	C:\Users\figio\.openjfx\cache\19+11\amd64\api-ms-win-core-heap-l1-1-0.dll
0x00000116b3e20000 - 0x00000116b3e23000 	C:\Users\figio\.openjfx\cache\19+11\amd64\api-ms-win-core-interlocked-l1-1-0.dll
0x00000116b3e30000 - 0x00000116b3e33000 	C:\Users\figio\.openjfx\cache\19+11\amd64\api-ms-win-core-libraryloader-l1-1-0.dll
0x00000116b3e40000 - 0x00000116b3e43000 	C:\Users\figio\.openjfx\cache\19+11\amd64\api-ms-win-core-localization-l1-2-0.dll
0x00000116b3e50000 - 0x00000116b3e53000 	C:\Users\figio\.openjfx\cache\19+11\amd64\api-ms-win-core-memory-l1-1-0.dll
0x00000116b3e60000 - 0x00000116b3e63000 	C:\Users\figio\.openjfx\cache\19+11\amd64\api-ms-win-core-namedpipe-l1-1-0.dll
0x00000116b3e70000 - 0x00000116b3e73000 	C:\Users\figio\.openjfx\cache\19+11\amd64\api-ms-win-core-processenvironment-l1-1-0.dll
0x00000116b3e80000 - 0x00000116b3e83000 	C:\Users\figio\.openjfx\cache\19+11\amd64\api-ms-win-core-processthreads-l1-1-0.dll
0x00000116b3e90000 - 0x00000116b3e93000 	C:\Users\figio\.openjfx\cache\19+11\amd64\api-ms-win-core-processthreads-l1-1-1.dll
0x00000116b3ea0000 - 0x00000116b3ea3000 	C:\Users\figio\.openjfx\cache\19+11\amd64\api-ms-win-core-profile-l1-1-0.dll
0x00000116b3eb0000 - 0x00000116b3eb3000 	C:\Users\figio\.openjfx\cache\19+11\amd64\api-ms-win-core-rtlsupport-l1-1-0.dll
0x00000116b3ec0000 - 0x00000116b3ec3000 	C:\Users\figio\.openjfx\cache\19+11\amd64\api-ms-win-core-string-l1-1-0.dll
0x00000116b3ed0000 - 0x00000116b3ed3000 	C:\Users\figio\.openjfx\cache\19+11\amd64\api-ms-win-core-synch-l1-1-0.dll
0x00000116b3ee0000 - 0x00000116b3ee3000 	C:\Users\figio\.openjfx\cache\19+11\amd64\api-ms-win-core-synch-l1-2-0.dll
0x00000116b3ef0000 - 0x00000116b3ef3000 	C:\Users\figio\.openjfx\cache\19+11\amd64\api-ms-win-core-sysinfo-l1-1-0.dll
0x00000116b3f00000 - 0x00000116b3f03000 	C:\Users\figio\.openjfx\cache\19+11\amd64\api-ms-win-core-timezone-l1-1-0.dll
0x00000116b3f10000 - 0x00000116b3f13000 	C:\Users\figio\.openjfx\cache\19+11\amd64\api-ms-win-core-util-l1-1-0.dll
0x00000116b3f20000 - 0x00000116b3f23000 	C:\Users\figio\.openjfx\cache\19+11\amd64\api-ms-win-crt-conio-l1-1-0.dll
0x00000116b3f30000 - 0x00000116b3f34000 	C:\Users\figio\.openjfx\cache\19+11\amd64\api-ms-win-crt-convert-l1-1-0.dll
0x00000116b3f40000 - 0x00000116b3f43000 	C:\Users\figio\.openjfx\cache\19+11\amd64\api-ms-win-crt-environment-l1-1-0.dll
0x00000116b3f50000 - 0x00000116b3f53000 	C:\Users\figio\.openjfx\cache\19+11\amd64\api-ms-win-crt-filesystem-l1-1-0.dll
0x00000116b3f60000 - 0x00000116b3f63000 	C:\Users\figio\.openjfx\cache\19+11\amd64\api-ms-win-crt-heap-l1-1-0.dll
0x00000116b3f70000 - 0x00000116b3f73000 	C:\Users\figio\.openjfx\cache\19+11\amd64\api-ms-win-crt-locale-l1-1-0.dll
0x00000116b3f80000 - 0x00000116b3f85000 	C:\Users\figio\.openjfx\cache\19+11\amd64\api-ms-win-crt-math-l1-1-0.dll
0x00000116b3f90000 - 0x00000116b3f95000 	C:\Users\figio\.openjfx\cache\19+11\amd64\api-ms-win-crt-multibyte-l1-1-0.dll
0x00000116b3fa0000 - 0x00000116b3fb0000 	C:\Users\figio\.openjfx\cache\19+11\amd64\api-ms-win-crt-private-l1-1-0.dll
0x00000116b3fb0000 - 0x00000116b3fb3000 	C:\Users\figio\.openjfx\cache\19+11\amd64\api-ms-win-crt-process-l1-1-0.dll
0x00000116b3fc0000 - 0x00000116b3fc4000 	C:\Users\figio\.openjfx\cache\19+11\amd64\api-ms-win-crt-runtime-l1-1-0.dll
0x00000116b3fd0000 - 0x00000116b3fd4000 	C:\Users\figio\.openjfx\cache\19+11\amd64\api-ms-win-crt-stdio-l1-1-0.dll
0x00000116b3fe0000 - 0x00000116b3fe4000 	C:\Users\figio\.openjfx\cache\19+11\amd64\api-ms-win-crt-string-l1-1-0.dll
0x00000116b3ff0000 - 0x00000116b3ff3000 	C:\Users\figio\.openjfx\cache\19+11\amd64\api-ms-win-crt-time-l1-1-0.dll
0x00000116b8c00000 - 0x00000116b8c03000 	C:\Users\figio\.openjfx\cache\19+11\amd64\api-ms-win-crt-utility-l1-1-0.dll
0x00007ff92f720000 - 0x00007ff92f81c000 	C:\Users\figio\.openjfx\cache\19+11\amd64\ucrtbase.dll
0x00007ff967300000 - 0x00007ff96731b000 	C:\Users\figio\.openjfx\cache\19+11\amd64\vcruntime140.dll
0x00007ff96bcd0000 - 0x00007ff96bcdc000 	C:\Users\figio\.openjfx\cache\19+11\amd64\vcruntime140_1.dll
0x00007ff93e530000 - 0x00007ff93e5be000 	C:\Users\figio\.openjfx\cache\19+11\amd64\msvcp140.dll
0x00007ff96a180000 - 0x00007ff96a189000 	C:\Users\figio\.openjfx\cache\19+11\amd64\msvcp140_1.dll
0x00007ff95f890000 - 0x00007ff95f8c0000 	C:\Users\figio\.openjfx\cache\19+11\amd64\msvcp140_2.dll
0x00007ff9559a0000 - 0x00007ff9559cc000 	C:\Users\figio\.openjfx\cache\19+11\amd64\prism_d3d.dll
0x00007ff919ac0000 - 0x00007ff919c69000 	C:\WINDOWS\system32\d3d9.dll
0x00007ff99d490000 - 0x00007ff99d4bb000 	C:\WINDOWS\SYSTEM32\dwmapi.dll
0x00007ff99d340000 - 0x00007ff99d376000 	C:\WINDOWS\SYSTEM32\dxcore.dll
0x00007ff99d260000 - 0x00007ff99d30b000 	C:\WINDOWS\system32\uxtheme.dll
0x00007ff934850000 - 0x00007ff9349b5000 	C:\WINDOWS\System32\DriverStore\FileRepository\iigd_dch.inf_amd64_3a2f90c1eb2e1524\igdumdim64.dll
0x00007ff9a2ad0000 - 0x00007ff9a2c6c000 	C:\WINDOWS\System32\ole32.dll
0x00007ff922130000 - 0x00007ff925d86000 	C:\WINDOWS\System32\DriverStore\FileRepository\iigd_dch.inf_amd64_3a2f90c1eb2e1524\igd9dxva64.dll
0x00007ff9a2650000 - 0x00007ff9a2ac4000 	C:\WINDOWS\System32\SETUPAPI.dll
0x00007ff9a0000000 - 0x00007ff9a004e000 	C:\WINDOWS\SYSTEM32\cfgmgr32.dll
0x00007ff991db0000 - 0x00007ff992171000 	C:\WINDOWS\System32\DriverStore\FileRepository\iigd_dch.inf_amd64_3a2f90c1eb2e1524\igdgmm64.dll
0x00007ff997310000 - 0x00007ff997358000 	C:\WINDOWS\SYSTEM32\directxdatabasehelper.dll
0x00007ff940aa0000 - 0x00007ff940ae2000 	C:\Users\figio\.openjfx\cache\19+11\amd64\glass.dll
0x00007ff9a1cc0000 - 0x00007ff9a1db7000 	C:\WINDOWS\System32\COMDLG32.dll
0x00007ff9a2420000 - 0x00007ff9a253e000 	C:\WINDOWS\System32\MSCTF.dll
0x00007ff957cf0000 - 0x00007ff957d17000 	C:\WINDOWS\System32\DriverStore\FileRepository\iigd_dch.inf_amd64_3a2f90c1eb2e1524\igdinfo64.dll
0x00007ff98b4d0000 - 0x00007ff98e6d6000 	C:\WINDOWS\System32\DriverStore\FileRepository\iigd_dch.inf_amd64_3a2f90c1eb2e1524\igc64.dll
0x00007ff966530000 - 0x00007ff966544000 	C:\Users\figio\.openjfx\cache\19+11\amd64\javafx_font.dll
0x00007ff99bc90000 - 0x00007ff99bef7000 	C:\WINDOWS\SYSTEM32\dwrite.dll
0x00007ff9a1b80000 - 0x00007ff9a1c30000 	C:\WINDOWS\System32\clbcatq.dll
0x00007ff99bae0000 - 0x00007ff99bc90000 	C:\WINDOWS\SYSTEM32\WindowsCodecs.dll
0x00007ff96c5a0000 - 0x00007ff96c5fe000 	C:\WINDOWS\system32\dataexchange.dll
0x00007ff994dc0000 - 0x00007ff995037000 	C:\WINDOWS\system32\twinapi.appcore.dll
0x00007ff953370000 - 0x00007ff9533a2000 	C:\Program Files\Common Files\Microsoft Shared\Ink\rtscom.dll
0x00007ff97e160000 - 0x00007ff97e28d000 	C:\WINDOWS\SYSTEM32\textinputframework.dll
0x00007ff9469a0000 - 0x00007ff9469cd000 	C:\Users\figio\.openjfx\cache\19+11\amd64\javafx_iio.dll
0x00007ff99cea0000 - 0x00007ff99cfd3000 	C:\WINDOWS\SYSTEM32\CoreMessaging.dll
0x00007ff996760000 - 0x00007ff996acc000 	C:\WINDOWS\SYSTEM32\CoreUIComponents.dll
0x00007ff99fb40000 - 0x00007ff99fb4c000 	C:\WINDOWS\SYSTEM32\CRYPTBASE.DLL
0x00007ff99fb20000 - 0x00007ff99fb3b000 	C:\WINDOWS\SYSTEM32\CRYPTSP.dll
0x00007ff99f3a0000 - 0x00007ff99f3d5000 	C:\WINDOWS\system32\rsaenh.dll
0x00007ff99f9c0000 - 0x00007ff99f9e8000 	C:\WINDOWS\SYSTEM32\USERENV.dll
0x00007ff99fce0000 - 0x00007ff99fd08000 	C:\WINDOWS\SYSTEM32\bcrypt.dll

dbghelp: loaded successfully - version: 4.0.5 - missing functions: none
symbol engine: initialized successfully - sym options: 0x614 - pdb path: .;C:\Program Files\Java\jdk-19\bin;C:\WINDOWS\SYSTEM32;C:\WINDOWS\WinSxS\amd64_microsoft.windows.common-controls_6595b64144ccf1df_6.0.22621.1635_none_270f70857386168e;C:\Program Files\Java\jdk-19\bin\server;C:\Program Files\JetBrains\IntelliJ IDEA 2023.1.2\bin;C:\Users\figio\.openjfx\cache\19+11\amd64;C:\WINDOWS\System32\DriverStore\FileRepository\iigd_dch.inf_amd64_3a2f90c1eb2e1524;C:\Program Files\Common Files\Microsoft Shared\Ink

VM Arguments:
jvm_args: -javaagent:C:\Program Files\JetBrains\IntelliJ IDEA 2023.1.2\lib\idea_rt.jar=54354:C:\Program Files\JetBrains\IntelliJ IDEA 2023.1.2\bin -Dfile.encoding=UTF-8 -Dsun.stdout.encoding=UTF-8 -Dsun.stderr.encoding=UTF-8 
java_command: it.polimi.ingsw.ClientApp
java_class_path (initial): C:\Users\figio\Desktop\ing-sw-2023-Aniballi-Ferrini-Figini-LoMastro\MyShelfie\target\classes;C:\Users\figio\.m2\repository\org\openjfx\javafx-controls\19\javafx-controls-19.jar;C:\Users\figio\.m2\repository\org\openjfx\javafx-controls\19\javafx-controls-19-win.jar;C:\Users\figio\.m2\repository\org\openjfx\javafx-graphics\19\javafx-graphics-19.jar;C:\Users\figio\.m2\repository\org\openjfx\javafx-graphics\19\javafx-graphics-19-win.jar;C:\Users\figio\.m2\repository\org\openjfx\javafx-base\19\javafx-base-19.jar;C:\Users\figio\.m2\repository\org\openjfx\javafx-base\19\javafx-base-19-win.jar;C:\Users\figio\.m2\repository\org\openjfx\javafx-fxml\19\javafx-fxml-19.jar;C:\Users\figio\.m2\repository\org\openjfx\javafx-fxml\19\javafx-fxml-19-win.jar;C:\Users\figio\.m2\repository\com\google\code\gson\gson\2.10.1\gson-2.10.1.jar
Launcher Type: SUN_STANDARD

[Global flags]
     intx CICompilerCount                          = 4                                         {product} {ergonomic}
     uint ConcGCThreads                            = 2                                         {product} {ergonomic}
     uint G1ConcRefinementThreads                  = 8                                         {product} {ergonomic}
   size_t G1HeapRegionSize                         = 2097152                                   {product} {ergonomic}
    uintx GCDrainStackTargetSize                   = 64                                        {product} {ergonomic}
   size_t InitialHeapSize                          = 266338304                                 {product} {ergonomic}
   size_t MarkStackSize                            = 4194304                                   {product} {ergonomic}
   size_t MaxHeapSize                              = 4242538496                                {product} {ergonomic}
   size_t MaxNewSize                               = 2543845376                                {product} {ergonomic}
   size_t MinHeapDeltaBytes                        = 2097152                                   {product} {ergonomic}
   size_t MinHeapSize                              = 8388608                                   {product} {ergonomic}
    uintx NonNMethodCodeHeapSize                   = 5839372                                {pd product} {ergonomic}
    uintx NonProfiledCodeHeapSize                  = 122909434                              {pd product} {ergonomic}
    uintx ProfiledCodeHeapSize                     = 122909434                              {pd product} {ergonomic}
    uintx ReservedCodeCacheSize                    = 251658240                              {pd product} {ergonomic}
     bool SegmentedCodeCache                       = true                                      {product} {ergonomic}
   size_t SoftMaxHeapSize                          = 4242538496                             {manageable} {ergonomic}
     bool UseCompressedClassPointers               = true                           {product lp64_product} {ergonomic}
     bool UseCompressedOops                        = true                           {product lp64_product} {ergonomic}
     bool UseG1GC                                  = true                                      {product} {ergonomic}
     bool UseLargePagesIndividualAllocation        = false                                  {pd product} {ergonomic}

Logging:
Log output configuration:
 #0: stdout all=off uptime,level,tags foldmultilines=false
 #1: stderr all=off uptime,level,tags foldmultilines=false

Environment Variables:
PATH=C:\Program Files\Common Files\Oracle\Java\javapath;C:\Program Files (x86)\Common Files\Oracle\Java\javapath;C:\WINDOWS\system32;C:\WINDOWS;C:\WINDOWS\System32\Wbem;C:\WINDOWS\System32\WindowsPowerShell\v1.0\;C:\WINDOWS\System32\OpenSSH\;C:\Program Files\Git\cmd;C:\Users\figio\AppData\Local\Microsoft\WindowsApps;C:\Program Files\JetBrains\IntelliJ IDEA 2023.1.2\bin;;C:\Users\figio\AppData\Local\GitHubDesktop\bin;C:\Users\figio\AppData\Local\Programs\Microsoft VS Code\bin
USERNAME=figio
OS=Windows_NT
PROCESSOR_IDENTIFIER=Intel64 Family 6 Model 140 Stepping 1, GenuineIntel
TMP=C:\Users\figio\AppData\Local\Temp
TEMP=C:\Users\figio\AppData\Local\Temp



---------------  S Y S T E M  ---------------

OS:
 Windows 11 , 64 bit Build 22621 (10.0.22621.1635)
OS uptime: 1 days 18:48 hours
Hyper-V role detected

CPU: total 8 (initial active 8) (4 cores per cpu, 2 threads per core) family 6 model 140 stepping 1 microcode 0x86, cx8, cmov, fxsr, ht, mmx, 3dnowpref, sse, sse2, sse3, ssse3, sse4.1, sse4.2, popcnt, lzcnt, tsc, tscinvbit, avx, avx2, aes, erms, clmul, bmi1, bmi2, adx, avx512f, avx512dq, avx512cd, avx512bw, avx512vl, sha, fma, vzeroupper, avx512_vpopcntdq, avx512_vpclmulqdq, avx512_vaes, avx512_vnni, clflush, clflushopt, clwb, avx512_vbmi2, avx512_vbmi, hv, rdtscp, rdpid, fsrm, gfni, avx512_bitalg

Memory: 4k page, system-wide physical 16179M (6270M free)
TotalPageFile size 17203M (AvailPageFile size 4440M)
current process WorkingSet (physical memory assigned to process): 677M, peak: 685M
current process commit charge ("private bytes"): 786M, peak: 793M

vm_info: Java HotSpot(TM) 64-Bit Server VM (19.0.2+7-44) for windows-amd64 JRE (19.0.2+7-44), built on 2022-11-30T18:02:09Z by "mach5one" with MS VC++ 17.1 (VS2022)

END.
